0	1	mikroCPIC1618.exe -MSF -DBG -pP18F45K22 -DL -O11111114 -fo8 -N"C:\Users\michelle\Documents\GitHub\PIC18F45K22\numbering_systems\numbering_systems.mcppi" -SP"C:\Users\Public\Documents\Mikroelektronika\mikroC PRO for PIC\Defs\" -SP"C:\Users\Public\Documents\Mikroelektronika\mikroC PRO for PIC\uses\P18\" -SP"C:\Users\michelle\Documents\GitHub\PIC18F45K22\numbering_systems\" -IP"C:\Users\Public\Documents\Mikroelektronika\mikroC PRO for PIC\uses\P18\" "numbering_systems.c" "Display_Utils.c" "__Lib_Math.mcl" "__Lib_MathDouble.mcl" "__Lib_System.mcl" "__Lib_Delays.mcl" "__Lib_LcdConsts.mcl" "__Lib_Lcd.mcl"	 
hint: 0	1139	Available RAM: 1515 [bytes], Available ROM: 32768 [bytes]	 
hint: 6	1354	 warning: "/*" within comment     /* ************************************************************************** */	C:\Users\michelle\Documents\GitHub\PIC18F45K22\numbering_systems\numbering_systems.c
diagnostics: 0	122	Compilation Started	display_utils.h
warning: 108	1508	Implicit conversion of int to ptr	numbering_systems.c
warning: 110	1508	Implicit conversion of int to ptr	numbering_systems.c
warning: 145	1503	Result is not defined in function: 'display_bits'	numbering_systems.c
warning: 150	1506	Implicit conversion of pointer to int	numbering_systems.c
warning: 150	1506	Implicit conversion of pointer to int	numbering_systems.c
warning: 161	1506	Implicit conversion of pointer to int	numbering_systems.c
warning: 161	1506	Implicit conversion of pointer to int	numbering_systems.c
warning: 165	1506	Implicit conversion of pointer to int	numbering_systems.c
warning: 165	1506	Implicit conversion of pointer to int	numbering_systems.c
warning: 169	1506	Implicit conversion of pointer to int	numbering_systems.c
warning: 169	1506	Implicit conversion of pointer to int	numbering_systems.c
warning: 173	1506	Implicit conversion of pointer to int	numbering_systems.c
warning: 173	1506	Implicit conversion of pointer to int	numbering_systems.c
warning: 177	1506	Implicit conversion of pointer to int	numbering_systems.c
warning: 177	1506	Implicit conversion of pointer to int	numbering_systems.c
warning: 180	1506	Implicit conversion of pointer to int	numbering_systems.c
warning: 180	1506	Implicit conversion of pointer to int	numbering_systems.c
diagnostics: 191	123	Compiled Successfully	numbering_systems.c
diagnostics: 0	122	Compilation Started	Display_Utils.c
diagnostics: 15	123	Compiled Successfully	Display_Utils.c
diagnostics: 0	127	All files Compiled in 109 ms	 
hint: 0	1144	Used RAM (bytes): 129 (9%)  Free RAM (bytes): 1386 (91%)	Used RAM (bytes): 129 (9%)  Free RAM (bytes): 1386 (91%)
hint: 0	1144	Used ROM (bytes): 2184 (7%)  Free ROM (bytes): 30584 (93%)	Used ROM (bytes): 2184 (7%)  Free ROM (bytes): 30584 (93%)
diagnostics: 0	125	Project Linked Successfully	numbering_systems.mcppi
diagnostics: 0	128	Linked in 16 ms	 
diagnostics: 0	129	Project 'numbering_systems.mcppi' completed: 266 ms	 
diagnostics: 0	103	Finished successfully: 18 Mar 2025, 16:13:00	numbering_systems.mcppi
