;  LST file generated by mikroListExporter - v.2.0 
; Date/Time: 4/23/2025 5:52:55 PM
;----------------------------------------------

;Address Opcode 	ASM
0x0000	0xF001EFC5  	GOTO        906
0x0004	0x0000      	NOP
0x0006	0x0000      	NOP
0x0008	0xF000EF00  	GOTO        0
0x000C	0x0000      	NOP
0x000E	0x0000      	NOP
0x0010	0x0000      	NOP
0x0012	0x0000      	NOP
0x0014	0x0000      	NOP
0x0016	0x0000      	NOP
0x0018	0xD7F3      	BRA         0
_Delay_5500us:
;__Lib_Delays.c,31 :: 		void Delay_5500us() {
;__Lib_Delays.c,32 :: 		Delay_us(5500);
0x001C	0x0E0F      	MOVLW       15
0x001E	0x6E0C      	MOVWF       R12, 0
0x0020	0x0E47      	MOVLW       71
0x0022	0x6E0D      	MOVWF       R13, 0
L_Delay_5500us5:
0x0024	0x2E0D      	DECFSZ      R13, 1, 0
0x0026	0xD7FE      	BRA         L_Delay_5500us5
0x0028	0x2E0C      	DECFSZ      R12, 1, 0
0x002A	0xD7FC      	BRA         L_Delay_5500us5
0x002C	0x0000      	NOP
0x002E	0x0000      	NOP
;__Lib_Delays.c,33 :: 		}
L_end_Delay_5500us:
0x0030	0x0012      	RETURN      0
; end of _Delay_5500us
_Delay_50us:
;__Lib_Delays.c,19 :: 		void Delay_50us() {
;__Lib_Delays.c,20 :: 		Delay_us(50);
0x0032	0x0E21      	MOVLW       33
0x0034	0x6E0D      	MOVWF       R13, 0
L_Delay_50us2:
0x0036	0x2E0D      	DECFSZ      R13, 1, 0
0x0038	0xD7FE      	BRA         L_Delay_50us2
;__Lib_Delays.c,21 :: 		}
L_end_Delay_50us:
0x003A	0x0012      	RETURN      0
; end of _Delay_50us
_Delay_1us:
;__Lib_Delays.c,7 :: 		void Delay_1us() {
;__Lib_Delays.c,8 :: 		Delay_us(1);
0x003C	0x0000      	NOP
0x003E	0x0000      	NOP
;__Lib_Delays.c,9 :: 		}
L_end_Delay_1us:
0x0040	0x0012      	RETURN      0
; end of _Delay_1us
_Lcd_Cmd:
;__Lib_Lcd.c,18 :: 		
;__Lib_Lcd.c,20 :: 		
0x0042	0xBE41      	BTFSC       FARG_Lcd_Cmd_out_char, 7 
0x0044	0xD002      	BRA         L__Lcd_Cmd21
0x0046	0x968A      	BCF         LCD_D7, BitPos(LCD_D7+0) 
0x0048	0xD001      	BRA         L__Lcd_Cmd22
L__Lcd_Cmd21:
0x004A	0x868A      	BSF         LCD_D7, BitPos(LCD_D7+0) 
L__Lcd_Cmd22:
;__Lib_Lcd.c,21 :: 		
0x004C	0xBC41      	BTFSC       FARG_Lcd_Cmd_out_char, 6 
0x004E	0xD002      	BRA         L__Lcd_Cmd23
0x0050	0x948A      	BCF         LCD_D6, BitPos(LCD_D6+0) 
0x0052	0xD001      	BRA         L__Lcd_Cmd24
L__Lcd_Cmd23:
0x0054	0x848A      	BSF         LCD_D6, BitPos(LCD_D6+0) 
L__Lcd_Cmd24:
;__Lib_Lcd.c,22 :: 		
0x0056	0xBA41      	BTFSC       FARG_Lcd_Cmd_out_char, 5 
0x0058	0xD002      	BRA         L__Lcd_Cmd25
0x005A	0x928A      	BCF         LCD_D5, BitPos(LCD_D5+0) 
0x005C	0xD001      	BRA         L__Lcd_Cmd26
L__Lcd_Cmd25:
0x005E	0x828A      	BSF         LCD_D5, BitPos(LCD_D5+0) 
L__Lcd_Cmd26:
;__Lib_Lcd.c,23 :: 		
0x0060	0xB841      	BTFSC       FARG_Lcd_Cmd_out_char, 4 
0x0062	0xD002      	BRA         L__Lcd_Cmd27
0x0064	0x908A      	BCF         LCD_D4, BitPos(LCD_D4+0) 
0x0066	0xD001      	BRA         L__Lcd_Cmd28
L__Lcd_Cmd27:
0x0068	0x808A      	BSF         LCD_D4, BitPos(LCD_D4+0) 
L__Lcd_Cmd28:
;__Lib_Lcd.c,25 :: 		
0x006A	0xB034      	BTFSC       __Lib_Lcd_cmd_status, BitPos(__Lib_Lcd_cmd_status+0) 
0x006C	0xD002      	BRA         L__Lcd_Cmd29
0x006E	0x888A      	BSF         LCD_RS, BitPos(LCD_RS+0) 
0x0070	0xD001      	BRA         L__Lcd_Cmd30
L__Lcd_Cmd29:
0x0072	0x988A      	BCF         LCD_RS, BitPos(LCD_RS+0) 
L__Lcd_Cmd30:
;__Lib_Lcd.c,28 :: 		
0x0074	0x8A8A      	BSF         LCD_EN, BitPos(LCD_EN+0) 
;__Lib_Lcd.c,29 :: 		
0x0076	0xDFE2      	RCALL       _Delay_1us
;__Lib_Lcd.c,30 :: 		
0x0078	0x9A8A      	BCF         LCD_EN, BitPos(LCD_EN+0) 
;__Lib_Lcd.c,33 :: 		
0x007A	0xB641      	BTFSC       FARG_Lcd_Cmd_out_char, 3 
0x007C	0xD002      	BRA         L__Lcd_Cmd31
0x007E	0x968A      	BCF         LCD_D7, BitPos(LCD_D7+0) 
0x0080	0xD001      	BRA         L__Lcd_Cmd32
L__Lcd_Cmd31:
0x0082	0x868A      	BSF         LCD_D7, BitPos(LCD_D7+0) 
L__Lcd_Cmd32:
;__Lib_Lcd.c,34 :: 		
0x0084	0xB441      	BTFSC       FARG_Lcd_Cmd_out_char, 2 
0x0086	0xD002      	BRA         L__Lcd_Cmd33
0x0088	0x948A      	BCF         LCD_D6, BitPos(LCD_D6+0) 
0x008A	0xD001      	BRA         L__Lcd_Cmd34
L__Lcd_Cmd33:
0x008C	0x848A      	BSF         LCD_D6, BitPos(LCD_D6+0) 
L__Lcd_Cmd34:
;__Lib_Lcd.c,35 :: 		
0x008E	0xB241      	BTFSC       FARG_Lcd_Cmd_out_char, 1 
0x0090	0xD002      	BRA         L__Lcd_Cmd35
0x0092	0x928A      	BCF         LCD_D5, BitPos(LCD_D5+0) 
0x0094	0xD001      	BRA         L__Lcd_Cmd36
L__Lcd_Cmd35:
0x0096	0x828A      	BSF         LCD_D5, BitPos(LCD_D5+0) 
L__Lcd_Cmd36:
;__Lib_Lcd.c,36 :: 		
0x0098	0xB041      	BTFSC       FARG_Lcd_Cmd_out_char, 0 
0x009A	0xD002      	BRA         L__Lcd_Cmd37
0x009C	0x908A      	BCF         LCD_D4, BitPos(LCD_D4+0) 
0x009E	0xD001      	BRA         L__Lcd_Cmd38
L__Lcd_Cmd37:
0x00A0	0x808A      	BSF         LCD_D4, BitPos(LCD_D4+0) 
L__Lcd_Cmd38:
;__Lib_Lcd.c,38 :: 		
0x00A2	0xB034      	BTFSC       __Lib_Lcd_cmd_status, BitPos(__Lib_Lcd_cmd_status+0) 
0x00A4	0xD002      	BRA         L__Lcd_Cmd39
0x00A6	0x888A      	BSF         LCD_RS, BitPos(LCD_RS+0) 
0x00A8	0xD001      	BRA         L__Lcd_Cmd40
L__Lcd_Cmd39:
0x00AA	0x988A      	BCF         LCD_RS, BitPos(LCD_RS+0) 
L__Lcd_Cmd40:
;__Lib_Lcd.c,40 :: 		
0x00AC	0x8A8A      	BSF         LCD_EN, BitPos(LCD_EN+0) 
;__Lib_Lcd.c,41 :: 		
0x00AE	0xDFC6      	RCALL       _Delay_1us
;__Lib_Lcd.c,42 :: 		
0x00B0	0x9A8A      	BCF         LCD_EN, BitPos(LCD_EN+0) 
;__Lib_Lcd.c,44 :: 		
0x00B2	0xA034      	BTFSS       __Lib_Lcd_cmd_status, BitPos(__Lib_Lcd_cmd_status+0) 
0x00B4	0xD002      	BRA         L_Lcd_Cmd0
;__Lib_Lcd.c,45 :: 		
0x00B6	0xDFB2      	RCALL       _Delay_5500us
0x00B8	0xD001      	BRA         L_Lcd_Cmd1
L_Lcd_Cmd0:
;__Lib_Lcd.c,47 :: 		
0x00BA	0xDFBB      	RCALL       _Delay_50us
L_Lcd_Cmd1:
;__Lib_Lcd.c,48 :: 		
L_end_Lcd_Cmd:
0x00BC	0x0012      	RETURN      0
; end of _Lcd_Cmd
_Mul_32x32_U:
;__Lib_Math.c,1616 :: 		
;__Lib_Math.c,1631 :: 		
0x00BE	0x0E22      	MOVLW       34
;__Lib_Math.c,1632 :: 		
0x00C0	0x6E0C      	MOVWF       R12, 0
;__Lib_Math.c,1633 :: 		
0x00C2	0x6A08      	CLRF        R8, 0
;__Lib_Math.c,1634 :: 		
0x00C4	0x6A09      	CLRF        R9, 0
;__Lib_Math.c,1635 :: 		
0x00C6	0x6A0A      	CLRF        R10, 0
;__Lib_Math.c,1636 :: 		
0x00C8	0x6A0B      	CLRF        R11, 0
;__Lib_Math.c,1638 :: 		
_NEXT:
;__Lib_Math.c,1642 :: 		
0x00CA	0x060C      	DECF        R12, 1, 0
;__Lib_Math.c,1643 :: 		
0x00CC	0xB4D8      	BTFSC       STATUS, 2, 0
;__Lib_Math.c,1644 :: 		
0x00CE	0xD01F      	BRA         _EXIT2
;__Lib_Math.c,1645 :: 		
0x00D0	0x90D8      	BCF         STATUS, 0, 0
;__Lib_Math.c,1647 :: 		
_LOOP:
;__Lib_Math.c,1656 :: 		
0x00D2	0x320B      	RRCF        R11, 1, 0
;__Lib_Math.c,1657 :: 		
0x00D4	0x320A      	RRCF        R10, 1, 0
;__Lib_Math.c,1658 :: 		
0x00D6	0x3209      	RRCF        R9, 1, 0
;__Lib_Math.c,1659 :: 		
0x00D8	0x3208      	RRCF        R8, 1, 0
;__Lib_Math.c,1660 :: 		
0x00DA	0x3203      	RRCF        R3, 1, 0
;__Lib_Math.c,1661 :: 		
0x00DC	0x3202      	RRCF        R2, 1, 0
;__Lib_Math.c,1662 :: 		
0x00DE	0x3201      	RRCF        R1, 1, 0
;__Lib_Math.c,1663 :: 		
0x00E0	0x3200      	RRCF        R0, 1, 0
;__Lib_Math.c,1668 :: 		
0x00E2	0xA0D8      	BTFSS       STATUS, 0, 0
;__Lib_Math.c,1669 :: 		
0x00E4	0xD7F2      	BRA         _NEXT
;__Lib_Math.c,1670 :: 		
0x00E6	0x060C      	DECF        R12, 1, 0
;__Lib_Math.c,1671 :: 		
0x00E8	0xB4D8      	BTFSC       STATUS, 2, 0
;__Lib_Math.c,1672 :: 		
0x00EA	0xD009      	BRA         _EXIT1
;__Lib_Math.c,1679 :: 		
0x00EC	0x5004      	MOVF        R4, 0, 0
;__Lib_Math.c,1680 :: 		
0x00EE	0x2608      	ADDWF       R8, 1, 0
;__Lib_Math.c,1681 :: 		
0x00F0	0x5005      	MOVF        R5, 0, 0
;__Lib_Math.c,1684 :: 		
0x00F2	0x2209      	ADDWFC      R9, 1, 0
;__Lib_Math.c,1685 :: 		
0x00F4	0x5006      	MOVF        R6, 0, 0
;__Lib_Math.c,1688 :: 		
0x00F6	0x220A      	ADDWFC      R10, 1, 0
;__Lib_Math.c,1689 :: 		
0x00F8	0x5007      	MOVF        R7, 0, 0
;__Lib_Math.c,1692 :: 		
0x00FA	0x220B      	ADDWFC      R11, 1, 0
;__Lib_Math.c,1694 :: 		
0x00FC	0xD7EA      	BRA         _LOOP
;__Lib_Math.c,1696 :: 		
_EXIT1:
;__Lib_Math.c,1701 :: 		
0x00FE	0x5004      	MOVF        R4, 0, 0
;__Lib_Math.c,1702 :: 		
0x0100	0x2608      	ADDWF       R8, 1, 0
;__Lib_Math.c,1703 :: 		
0x0102	0x5005      	MOVF        R5, 0, 0
;__Lib_Math.c,1706 :: 		
0x0104	0x2209      	ADDWFC      R9, 1, 0
;__Lib_Math.c,1707 :: 		
0x0106	0x5006      	MOVF        R6, 0, 0
;__Lib_Math.c,1710 :: 		
0x0108	0x220A      	ADDWFC      R10, 1, 0
;__Lib_Math.c,1711 :: 		
0x010A	0x5007      	MOVF        R7, 0, 0
;__Lib_Math.c,1714 :: 		
0x010C	0x220B      	ADDWFC      R11, 1, 0
;__Lib_Math.c,1717 :: 		
_EXIT2:
;__Lib_Math.c,1719 :: 		
L_end_Mul_32x32_U:
0x010E	0x0012      	RETURN      0
; end of _Mul_32x32_U
_Lcd_Chr_CP:
;__Lib_Lcd.c,50 :: 		
;__Lib_Lcd.c,52 :: 		
0x0110	0x9034      	BCF         __Lib_Lcd_cmd_status, BitPos(__Lib_Lcd_cmd_status+0) 
;__Lib_Lcd.c,53 :: 		
0x0112	0xF041C040  	MOVFF       FARG_Lcd_Chr_CP_out_char, FARG_Lcd_Cmd_out_char
0x0116	0xDF95      	RCALL       _Lcd_Cmd
;__Lib_Lcd.c,54 :: 		
0x0118	0x8034      	BSF         __Lib_Lcd_cmd_status, BitPos(__Lib_Lcd_cmd_status+0) 
;__Lib_Lcd.c,55 :: 		
L_end_Lcd_Chr_CP:
0x011A	0x0012      	RETURN      0
; end of _Lcd_Chr_CP
_VDelay_ms:
;__Lib_Delays.c,123 :: 		void VDelay_ms(unsigned Time_ms){
;__Lib_Delays.c,126 :: 		NumberOfCyc = Clock_kHz()>>2;
0x011C	0x0ED0      	MOVLW       208
0x011E	0x6E3C      	MOVWF       VDelay_ms_NumberOfCyc_L0 
0x0120	0x0E07      	MOVLW       7
0x0122	0x6E3D      	MOVWF       VDelay_ms_NumberOfCyc_L0+1 
0x0124	0x0E00      	MOVLW       0
0x0126	0x6E3E      	MOVWF       VDelay_ms_NumberOfCyc_L0+2 
0x0128	0x6E3F      	MOVWF       VDelay_ms_NumberOfCyc_L0+3 
;__Lib_Delays.c,127 :: 		NumberOfCyc *= Time_ms;
0x012A	0x0ED0      	MOVLW       208
0x012C	0x6E00      	MOVWF       R0 
0x012E	0x0E07      	MOVLW       7
0x0130	0x6E01      	MOVWF       R1 
0x0132	0x0E00      	MOVLW       0
0x0134	0x6E02      	MOVWF       R2 
0x0136	0x0E00      	MOVLW       0
0x0138	0x6E03      	MOVWF       R3 
0x013A	0xF004C03A  	MOVFF       FARG_VDelay_ms_Time_ms, R4
0x013E	0xF005C03B  	MOVFF       FARG_VDelay_ms_Time_ms+1, R5
0x0142	0x0E00      	MOVLW       0
0x0144	0x6E06      	MOVWF       R6 
0x0146	0x6E07      	MOVWF       R7 
0x0148	0xDFBA      	RCALL       _Mul_32x32_U
0x014A	0xF03CC000  	MOVFF       R0, VDelay_ms_NumberOfCyc_L0
0x014E	0xF03DC001  	MOVFF       R1, VDelay_ms_NumberOfCyc_L0+1
0x0152	0xF03EC002  	MOVFF       R2, VDelay_ms_NumberOfCyc_L0+2
0x0156	0xF03FC003  	MOVFF       R3, VDelay_ms_NumberOfCyc_L0+3
;__Lib_Delays.c,128 :: 		if (NumberOfCyc < 660)
0x015A	0x0E00      	MOVLW       0
0x015C	0x5C03      	SUBWF       R3, 0 
0x015E	0xE108      	BNZ         L__VDelay_ms54
0x0160	0x0E00      	MOVLW       0
0x0162	0x5C02      	SUBWF       R2, 0 
0x0164	0xE105      	BNZ         L__VDelay_ms54
0x0166	0x0E02      	MOVLW       2
0x0168	0x5C01      	SUBWF       R1, 0 
0x016A	0xE102      	BNZ         L__VDelay_ms54
0x016C	0x0E94      	MOVLW       148
0x016E	0x5C00      	SUBWF       R0, 0 
L__VDelay_ms54:
0x0170	0xE201      	BC          L_VDelay_ms23
;__Lib_Delays.c,129 :: 		return;
0x0172	0xD031      	BRA         L_end_VDelay_ms
L_VDelay_ms23:
;__Lib_Delays.c,130 :: 		NumberOfCyc -= 660;
0x0174	0x0E94      	MOVLW       148
0x0176	0x5E3C      	SUBWF       VDelay_ms_NumberOfCyc_L0, 1 
0x0178	0x0E02      	MOVLW       2
0x017A	0x5A3D      	SUBWFB      VDelay_ms_NumberOfCyc_L0+1, 1 
0x017C	0x0E00      	MOVLW       0
0x017E	0x5A3E      	SUBWFB      VDelay_ms_NumberOfCyc_L0+2, 1 
0x0180	0x5A3F      	SUBWFB      VDelay_ms_NumberOfCyc_L0+3, 1 
;__Lib_Delays.c,131 :: 		NumberOfCyc >>=  5;
0x0182	0x0E05      	MOVLW       5
0x0184	0x6E00      	MOVWF       R0 
0x0186	0x5000      	MOVF        R0, 0 
L__VDelay_ms55:
0x0188	0xE007      	BZ          L__VDelay_ms56
0x018A	0x323F      	RRCF        VDelay_ms_NumberOfCyc_L0+3, 1 
0x018C	0x323E      	RRCF        VDelay_ms_NumberOfCyc_L0+2, 1 
0x018E	0x323D      	RRCF        VDelay_ms_NumberOfCyc_L0+1, 1 
0x0190	0x323C      	RRCF        VDelay_ms_NumberOfCyc_L0, 1 
0x0192	0x9E3F      	BCF         VDelay_ms_NumberOfCyc_L0+3, 7 
0x0194	0x0FFF      	ADDLW       255
0x0196	0xD7F8      	BRA         L__VDelay_ms55
L__VDelay_ms56:
;__Lib_Delays.c,133 :: 		while (NumberOfCyc--)
L_VDelay_ms24:
0x0198	0xF000C03C  	MOVFF       VDelay_ms_NumberOfCyc_L0, R0
0x019C	0xF001C03D  	MOVFF       VDelay_ms_NumberOfCyc_L0+1, R1
0x01A0	0xF002C03E  	MOVFF       VDelay_ms_NumberOfCyc_L0+2, R2
0x01A4	0xF003C03F  	MOVFF       VDelay_ms_NumberOfCyc_L0+3, R3
0x01A8	0x0E01      	MOVLW       1
0x01AA	0x5E3C      	SUBWF       VDelay_ms_NumberOfCyc_L0, 1 
0x01AC	0x0E00      	MOVLW       0
0x01AE	0x5A3D      	SUBWFB      VDelay_ms_NumberOfCyc_L0+1, 1 
0x01B0	0x5A3E      	SUBWFB      VDelay_ms_NumberOfCyc_L0+2, 1 
0x01B2	0x5A3F      	SUBWFB      VDelay_ms_NumberOfCyc_L0+3, 1 
0x01B4	0x5000      	MOVF        R0, 0 
0x01B6	0x1001      	IORWF       R1, 0 
0x01B8	0x1002      	IORWF       R2, 0 
0x01BA	0x1003      	IORWF       R3, 0 
0x01BC	0xE00C      	BZ          L_VDelay_ms25
;__Lib_Delays.c,135 :: 		asm nop;
0x01BE	0x0000      	NOP
;__Lib_Delays.c,136 :: 		asm nop;
0x01C0	0x0000      	NOP
;__Lib_Delays.c,137 :: 		asm nop;
0x01C2	0x0000      	NOP
;__Lib_Delays.c,138 :: 		asm nop;
0x01C4	0x0000      	NOP
;__Lib_Delays.c,139 :: 		asm nop;
0x01C6	0x0000      	NOP
;__Lib_Delays.c,140 :: 		asm nop;
0x01C8	0x0000      	NOP
;__Lib_Delays.c,141 :: 		asm nop;
0x01CA	0x0000      	NOP
;__Lib_Delays.c,142 :: 		asm nop;
0x01CC	0x0000      	NOP
;__Lib_Delays.c,143 :: 		asm nop;
0x01CE	0x0000      	NOP
;__Lib_Delays.c,144 :: 		asm nop;
0x01D0	0x0000      	NOP
;__Lib_Delays.c,145 :: 		asm nop;
0x01D2	0x0000      	NOP
;__Lib_Delays.c,146 :: 		}
0x01D4	0xD7E1      	BRA         L_VDelay_ms24
L_VDelay_ms25:
;__Lib_Delays.c,147 :: 		}
L_end_VDelay_ms:
0x01D6	0x0012      	RETURN      0
; end of _VDelay_ms
_Lcd_Out:
;__Lib_Lcd.c,184 :: 		
;__Lib_Lcd.c,187 :: 		
0x01D8	0xD00F      	BRA         L_Lcd_Out11
;__Lib_Lcd.c,188 :: 		
L_Lcd_Out13:
0x01DA	0x0E80      	MOVLW       128
0x01DC	0x6E3A      	MOVWF       FARG_Lcd_Out_row 
0x01DE	0xD019      	BRA         L_Lcd_Out12
;__Lib_Lcd.c,189 :: 		
L_Lcd_Out14:
0x01E0	0x0EC0      	MOVLW       192
0x01E2	0x6E3A      	MOVWF       FARG_Lcd_Out_row 
0x01E4	0xD016      	BRA         L_Lcd_Out12
;__Lib_Lcd.c,190 :: 		
L_Lcd_Out15:
0x01E6	0x0E94      	MOVLW       148
0x01E8	0x6E3A      	MOVWF       FARG_Lcd_Out_row 
0x01EA	0xD013      	BRA         L_Lcd_Out12
;__Lib_Lcd.c,191 :: 		
L_Lcd_Out16:
0x01EC	0x0ED4      	MOVLW       212
0x01EE	0x6E3A      	MOVWF       FARG_Lcd_Out_row 
0x01F0	0xD010      	BRA         L_Lcd_Out12
;__Lib_Lcd.c,192 :: 		
L_Lcd_Out17:
0x01F2	0x0E80      	MOVLW       128
0x01F4	0x6E3A      	MOVWF       FARG_Lcd_Out_row 
;__Lib_Lcd.c,193 :: 		
0x01F6	0xD00D      	BRA         L_Lcd_Out12
L_Lcd_Out11:
0x01F8	0x503A      	MOVF        FARG_Lcd_Out_row, 0 
0x01FA	0x0A01      	XORLW       1
0x01FC	0xE0EE      	BZ          L_Lcd_Out13
0x01FE	0x503A      	MOVF        FARG_Lcd_Out_row, 0 
0x0200	0x0A02      	XORLW       2
0x0202	0xE0EE      	BZ          L_Lcd_Out14
0x0204	0x503A      	MOVF        FARG_Lcd_Out_row, 0 
0x0206	0x0A03      	XORLW       3
0x0208	0xE0EE      	BZ          L_Lcd_Out15
0x020A	0x503A      	MOVF        FARG_Lcd_Out_row, 0 
0x020C	0x0A04      	XORLW       4
0x020E	0xE0EE      	BZ          L_Lcd_Out16
0x0210	0xD7F0      	BRA         L_Lcd_Out17
L_Lcd_Out12:
;__Lib_Lcd.c,194 :: 		
0x0212	0x043B      	DECF        FARG_Lcd_Out_column, 0 
0x0214	0x6E00      	MOVWF       R0 
0x0216	0x503A      	MOVF        FARG_Lcd_Out_row, 0 
0x0218	0x2600      	ADDWF       R0, 1 
0x021A	0xF03AC000  	MOVFF       R0, FARG_Lcd_Out_row
;__Lib_Lcd.c,196 :: 		
0x021E	0xF041C000  	MOVFF       R0, FARG_Lcd_Cmd_out_char
0x0222	0xDF0F      	RCALL       _Lcd_Cmd
;__Lib_Lcd.c,197 :: 		
0x0224	0x9034      	BCF         __Lib_Lcd_cmd_status, BitPos(__Lib_Lcd_cmd_status+0) 
;__Lib_Lcd.c,198 :: 		
0x0226	0x6A3E      	CLRF        Lcd_Out_i_L0 
;__Lib_Lcd.c,199 :: 		
L_Lcd_Out18:
0x0228	0x503E      	MOVF        Lcd_Out_i_L0, 0 
0x022A	0x243C      	ADDWF       FARG_Lcd_Out_text, 0 
0x022C	0x6EE9      	MOVWF       FSR0L 
0x022E	0x0E00      	MOVLW       0
0x0230	0x203D      	ADDWFC      FARG_Lcd_Out_text+1, 0 
0x0232	0x6EEA      	MOVWF       FSR0L+1 
0x0234	0x52EE      	MOVF        POSTINC0, 1 
0x0236	0xE00B      	BZ          L_Lcd_Out19
;__Lib_Lcd.c,200 :: 		
0x0238	0x503E      	MOVF        Lcd_Out_i_L0, 0 
0x023A	0x243C      	ADDWF       FARG_Lcd_Out_text, 0 
0x023C	0x6EE9      	MOVWF       FSR0L 
0x023E	0x0E00      	MOVLW       0
0x0240	0x203D      	ADDWFC      FARG_Lcd_Out_text+1, 0 
0x0242	0x6EEA      	MOVWF       FSR0L+1 
0x0244	0xF040CFEE  	MOVFF       POSTINC0, FARG_Lcd_Chr_CP_out_char
0x0248	0xDF63      	RCALL       _Lcd_Chr_CP
0x024A	0x2A3E      	INCF        Lcd_Out_i_L0, 1 
0x024C	0xD7ED      	BRA         L_Lcd_Out18
L_Lcd_Out19:
;__Lib_Lcd.c,201 :: 		
0x024E	0x8034      	BSF         __Lib_Lcd_cmd_status, BitPos(__Lib_Lcd_cmd_status+0) 
;__Lib_Lcd.c,202 :: 		
L_end_Lcd_Out:
0x0250	0x0012      	RETURN      0
; end of _Lcd_Out
_Lcd_Init:
;__Lib_Lcd.c,84 :: 		
;__Lib_Lcd.c,86 :: 		
0x0252	0x9A93      	BCF         LCD_EN_Direction, BitPos(LCD_EN_Direction+0) 
;__Lib_Lcd.c,87 :: 		
0x0254	0x9893      	BCF         LCD_RS_Direction, BitPos(LCD_RS_Direction+0) 
;__Lib_Lcd.c,88 :: 		
0x0256	0x9093      	BCF         LCD_D4_Direction, BitPos(LCD_D4_Direction+0) 
;__Lib_Lcd.c,89 :: 		
0x0258	0x9293      	BCF         LCD_D5_Direction, BitPos(LCD_D5_Direction+0) 
;__Lib_Lcd.c,90 :: 		
0x025A	0x9493      	BCF         LCD_D6_Direction, BitPos(LCD_D6_Direction+0) 
;__Lib_Lcd.c,91 :: 		
0x025C	0x9693      	BCF         LCD_D7_Direction, BitPos(LCD_D7_Direction+0) 
;__Lib_Lcd.c,93 :: 		
0x025E	0x9A8A      	BCF         LCD_EN, BitPos(LCD_EN+0) 
;__Lib_Lcd.c,94 :: 		
0x0260	0x988A      	BCF         LCD_RS, BitPos(LCD_RS+0) 
;__Lib_Lcd.c,95 :: 		
0x0262	0x968A      	BCF         LCD_D7, BitPos(LCD_D7+0) 
;__Lib_Lcd.c,96 :: 		
0x0264	0x948A      	BCF         LCD_D6, BitPos(LCD_D6+0) 
;__Lib_Lcd.c,97 :: 		
0x0266	0x928A      	BCF         LCD_D5, BitPos(LCD_D5+0) 
;__Lib_Lcd.c,98 :: 		
0x0268	0x908A      	BCF         LCD_D4, BitPos(LCD_D4+0) 
;__Lib_Lcd.c,100 :: 		
0x026A	0xDED8      	RCALL       _Delay_5500us
;__Lib_Lcd.c,101 :: 		
0x026C	0xDED7      	RCALL       _Delay_5500us
;__Lib_Lcd.c,102 :: 		
0x026E	0xDED6      	RCALL       _Delay_5500us
;__Lib_Lcd.c,105 :: 		
0x0270	0x828A      	BSF         LCD_D5, BitPos(LCD_D5+0) 
;__Lib_Lcd.c,106 :: 		
0x0272	0x808A      	BSF         LCD_D4, BitPos(LCD_D4+0) 
;__Lib_Lcd.c,107 :: 		
0x0274	0x8A8A      	BSF         LCD_EN, BitPos(LCD_EN+0) 
;__Lib_Lcd.c,108 :: 		
0x0276	0xDEE2      	RCALL       _Delay_1us
;__Lib_Lcd.c,109 :: 		
0x0278	0x9A8A      	BCF         LCD_EN, BitPos(LCD_EN+0) 
;__Lib_Lcd.c,110 :: 		
0x027A	0xDED0      	RCALL       _Delay_5500us
;__Lib_Lcd.c,112 :: 		
0x027C	0x8A8A      	BSF         LCD_EN, BitPos(LCD_EN+0) 
;__Lib_Lcd.c,113 :: 		
0x027E	0xDEDE      	RCALL       _Delay_1us
;__Lib_Lcd.c,114 :: 		
0x0280	0x9A8A      	BCF         LCD_EN, BitPos(LCD_EN+0) 
;__Lib_Lcd.c,115 :: 		
0x0282	0xDECC      	RCALL       _Delay_5500us
;__Lib_Lcd.c,117 :: 		
0x0284	0x8A8A      	BSF         LCD_EN, BitPos(LCD_EN+0) 
;__Lib_Lcd.c,118 :: 		
0x0286	0xDEDA      	RCALL       _Delay_1us
;__Lib_Lcd.c,119 :: 		
0x0288	0x9A8A      	BCF         LCD_EN, BitPos(LCD_EN+0) 
;__Lib_Lcd.c,120 :: 		
0x028A	0xDEC8      	RCALL       _Delay_5500us
;__Lib_Lcd.c,123 :: 		
0x028C	0x908A      	BCF         LCD_D4, BitPos(LCD_D4+0) 
;__Lib_Lcd.c,124 :: 		
0x028E	0x8A8A      	BSF         LCD_EN, BitPos(LCD_EN+0) 
;__Lib_Lcd.c,125 :: 		
0x0290	0xDED5      	RCALL       _Delay_1us
;__Lib_Lcd.c,126 :: 		
0x0292	0x9A8A      	BCF         LCD_EN, BitPos(LCD_EN+0) 
;__Lib_Lcd.c,127 :: 		
0x0294	0xDEC3      	RCALL       _Delay_5500us
;__Lib_Lcd.c,130 :: 		
0x0296	0x8A8A      	BSF         LCD_EN, BitPos(LCD_EN+0) 
;__Lib_Lcd.c,131 :: 		
0x0298	0xDED1      	RCALL       _Delay_1us
;__Lib_Lcd.c,132 :: 		
0x029A	0x9A8A      	BCF         LCD_EN, BitPos(LCD_EN+0) 
;__Lib_Lcd.c,134 :: 		
0x029C	0x928A      	BCF         LCD_D5, BitPos(LCD_D5+0) 
;__Lib_Lcd.c,135 :: 		
0x029E	0x868A      	BSF         LCD_D7, BitPos(LCD_D7+0) 
;__Lib_Lcd.c,136 :: 		
0x02A0	0x8A8A      	BSF         LCD_EN, BitPos(LCD_EN+0) 
;__Lib_Lcd.c,137 :: 		
0x02A2	0xDECC      	RCALL       _Delay_1us
;__Lib_Lcd.c,138 :: 		
0x02A4	0x9A8A      	BCF         LCD_EN, BitPos(LCD_EN+0) 
;__Lib_Lcd.c,139 :: 		
0x02A6	0xDEBA      	RCALL       _Delay_5500us
;__Lib_Lcd.c,142 :: 		
0x02A8	0x968A      	BCF         LCD_D7, BitPos(LCD_D7+0) 
;__Lib_Lcd.c,143 :: 		
0x02AA	0x808A      	BSF         LCD_D4, BitPos(LCD_D4+0) 
;__Lib_Lcd.c,144 :: 		
0x02AC	0x8A8A      	BSF         LCD_EN, BitPos(LCD_EN+0) 
;__Lib_Lcd.c,145 :: 		
0x02AE	0xDEC6      	RCALL       _Delay_1us
;__Lib_Lcd.c,146 :: 		
0x02B0	0x9A8A      	BCF         LCD_EN, BitPos(LCD_EN+0) 
;__Lib_Lcd.c,148 :: 		
0x02B2	0x908A      	BCF         LCD_D4, BitPos(LCD_D4+0) 
;__Lib_Lcd.c,149 :: 		
0x02B4	0x8A8A      	BSF         LCD_EN, BitPos(LCD_EN+0) 
;__Lib_Lcd.c,150 :: 		
0x02B6	0xDEC2      	RCALL       _Delay_1us
;__Lib_Lcd.c,151 :: 		
0x02B8	0x9A8A      	BCF         LCD_EN, BitPos(LCD_EN+0) 
;__Lib_Lcd.c,152 :: 		
0x02BA	0xDEB0      	RCALL       _Delay_5500us
;__Lib_Lcd.c,155 :: 		
0x02BC	0x8A8A      	BSF         LCD_EN, BitPos(LCD_EN+0) 
;__Lib_Lcd.c,156 :: 		
0x02BE	0xDEBE      	RCALL       _Delay_1us
;__Lib_Lcd.c,157 :: 		
0x02C0	0x9A8A      	BCF         LCD_EN, BitPos(LCD_EN+0) 
;__Lib_Lcd.c,159 :: 		
0x02C2	0x808A      	BSF         LCD_D4, BitPos(LCD_D4+0) 
;__Lib_Lcd.c,160 :: 		
0x02C4	0x8A8A      	BSF         LCD_EN, BitPos(LCD_EN+0) 
;__Lib_Lcd.c,161 :: 		
0x02C6	0xDEBA      	RCALL       _Delay_1us
;__Lib_Lcd.c,162 :: 		
0x02C8	0x9A8A      	BCF         LCD_EN, BitPos(LCD_EN+0) 
;__Lib_Lcd.c,163 :: 		
0x02CA	0xDEA8      	RCALL       _Delay_5500us
;__Lib_Lcd.c,166 :: 		
0x02CC	0x908A      	BCF         LCD_D4, BitPos(LCD_D4+0) 
;__Lib_Lcd.c,167 :: 		
0x02CE	0x8A8A      	BSF         LCD_EN, BitPos(LCD_EN+0) 
;__Lib_Lcd.c,168 :: 		
0x02D0	0xDEB5      	RCALL       _Delay_1us
;__Lib_Lcd.c,169 :: 		
0x02D2	0x9A8A      	BCF         LCD_EN, BitPos(LCD_EN+0) 
;__Lib_Lcd.c,171 :: 		
0x02D4	0x868A      	BSF         LCD_D7, BitPos(LCD_D7+0) 
;__Lib_Lcd.c,172 :: 		
0x02D6	0x848A      	BSF         LCD_D6, BitPos(LCD_D6+0) 
;__Lib_Lcd.c,173 :: 		
0x02D8	0x828A      	BSF         LCD_D5, BitPos(LCD_D5+0) 
;__Lib_Lcd.c,174 :: 		
0x02DA	0x808A      	BSF         LCD_D4, BitPos(LCD_D4+0) 
;__Lib_Lcd.c,175 :: 		
0x02DC	0x8A8A      	BSF         LCD_EN, BitPos(LCD_EN+0) 
;__Lib_Lcd.c,176 :: 		
0x02DE	0xDEAE      	RCALL       _Delay_1us
;__Lib_Lcd.c,177 :: 		
0x02E0	0x9A8A      	BCF         LCD_EN, BitPos(LCD_EN+0) 
;__Lib_Lcd.c,179 :: 		
0x02E2	0xDE9C      	RCALL       _Delay_5500us
;__Lib_Lcd.c,181 :: 		
0x02E4	0x8034      	BSF         __Lib_Lcd_cmd_status, BitPos(__Lib_Lcd_cmd_status+0) 
;__Lib_Lcd.c,182 :: 		
L_end_Lcd_Init:
0x02E6	0x0012      	RETURN      0
; end of _Lcd_Init
_lcd_display_prep:
;case_statements.c,31 :: 		void lcd_display_prep() {
;case_statements.c,32 :: 		ANSELB = 0;                        // Configure PORTB pins as digital
0x02E8	0x010F      	MOVLB       15
0x02EA	0x6B39      	CLRF        ANSELB, 1
;case_statements.c,33 :: 		Lcd_Init();                        // Initialize Lcd
0x02EC	0xDFB2      	RCALL       _Lcd_Init
;case_statements.c,34 :: 		Lcd_Cmd(_LCD_CLEAR);               // Clear display
0x02EE	0x0E01      	MOVLW       1
0x02F0	0x6E41      	MOVWF       FARG_Lcd_Cmd_out_char 
0x02F2	0xDEA7      	RCALL       _Lcd_Cmd
;case_statements.c,35 :: 		Lcd_Cmd(_LCD_CURSOR_OFF);          // Cursor off
0x02F4	0x0E0C      	MOVLW       12
0x02F6	0x6E41      	MOVWF       FARG_Lcd_Cmd_out_char 
0x02F8	0xDEA4      	RCALL       _Lcd_Cmd
;case_statements.c,36 :: 		}
L_end_lcd_display_prep:
0x02FA	0x0012      	RETURN      0
; end of _lcd_display_prep
___CC2DW:
;__Lib_System.c,21 :: 		
;__Lib_System.c,23 :: 		
_CC2DL_Loop1:
;__Lib_System.c,24 :: 		
0x02FC	0x0009      	TBLRD*+
;__Lib_System.c,25 :: 		
0x02FE	0xFFE6CFF5  	MOVFF       TABLAT, POSTINC1
;__Lib_System.c,26 :: 		
0x0302	0x0600      	DECF        R0, 1, 0
;__Lib_System.c,27 :: 		
0x0304	0xE1FB      	BNZ         _CC2DL_Loop1
;__Lib_System.c,28 :: 		
0x0306	0x0601      	DECF        R1, 1, 0
;__Lib_System.c,29 :: 		
0x0308	0xE1F9      	BNZ         _CC2DL_Loop1
;__Lib_System.c,31 :: 		
L_end___CC2DW:
0x030A	0x0012      	RETURN      0
; end of ___CC2DW
_first_thing:
;case_statements.c,52 :: 		void first_thing(int hex_num, int timer) {
;case_statements.c,53 :: 		PORTC = hex_num;
0x030C	0xFF82C036  	MOVFF       FARG_first_thing_hex_num, PORTC
;case_statements.c,54 :: 		vdelay_ms(timer);
0x0310	0xF03AC038  	MOVFF       FARG_first_thing_timer, FARG_VDelay_ms_Time_ms
0x0314	0xF03BC039  	MOVFF       FARG_first_thing_timer+1, FARG_VDelay_ms_Time_ms+1
0x0318	0xDF01      	RCALL       _VDelay_ms
;case_statements.c,55 :: 		}
L_end_first_thing:
0x031A	0x0012      	RETURN      0
; end of _first_thing
_second_thing:
;case_statements.c,59 :: 		void second_thing(int hex_num1, int hex_num2) {
;case_statements.c,60 :: 		PORTC = hex_num1;
0x031C	0xFF82C036  	MOVFF       FARG_second_thing_hex_num1, PORTC
;case_statements.c,61 :: 		delay_ms(1000);
0x0320	0x0E0B      	MOVLW       11
0x0322	0x6E0B      	MOVWF       R11, 0
0x0324	0x0E26      	MOVLW       38
0x0326	0x6E0C      	MOVWF       R12, 0
0x0328	0x0E5D      	MOVLW       93
0x032A	0x6E0D      	MOVWF       R13, 0
L_second_thing0:
0x032C	0x2E0D      	DECFSZ      R13, 1, 0
0x032E	0xD7FE      	BRA         L_second_thing0
0x0330	0x2E0C      	DECFSZ      R12, 1, 0
0x0332	0xD7FC      	BRA         L_second_thing0
0x0334	0x2E0B      	DECFSZ      R11, 1, 0
0x0336	0xD7FA      	BRA         L_second_thing0
0x0338	0x0000      	NOP
0x033A	0x0000      	NOP
;case_statements.c,62 :: 		PORTC = hex_num2;
0x033C	0xFF82C038  	MOVFF       FARG_second_thing_hex_num2, PORTC
;case_statements.c,63 :: 		delay_ms(1000);
0x0340	0x0E0B      	MOVLW       11
0x0342	0x6E0B      	MOVWF       R11, 0
0x0344	0x0E26      	MOVLW       38
0x0346	0x6E0C      	MOVWF       R12, 0
0x0348	0x0E5D      	MOVLW       93
0x034A	0x6E0D      	MOVWF       R13, 0
L_second_thing1:
0x034C	0x2E0D      	DECFSZ      R13, 1, 0
0x034E	0xD7FE      	BRA         L_second_thing1
0x0350	0x2E0C      	DECFSZ      R12, 1, 0
0x0352	0xD7FC      	BRA         L_second_thing1
0x0354	0x2E0B      	DECFSZ      R11, 1, 0
0x0356	0xD7FA      	BRA         L_second_thing1
0x0358	0x0000      	NOP
0x035A	0x0000      	NOP
;case_statements.c,64 :: 		}
L_end_second_thing:
0x035C	0x0012      	RETURN      0
; end of _second_thing
_lcd_display_out:
;case_statements.c,39 :: 		void lcd_display_out(char first_line, char second_line) {
;case_statements.c,40 :: 		Lcd_Cmd(_LCD_CLEAR);               // Clear display
0x035E	0x0E01      	MOVLW       1
0x0360	0x6E41      	MOVWF       FARG_Lcd_Cmd_out_char 
0x0362	0xDE6F      	RCALL       _Lcd_Cmd
;case_statements.c,41 :: 		Lcd_Out(1,1,first_line);                 // Write text in first row
0x0364	0x0E01      	MOVLW       1
0x0366	0x6E3A      	MOVWF       FARG_Lcd_Out_row 
0x0368	0x0E01      	MOVLW       1
0x036A	0x6E3B      	MOVWF       FARG_Lcd_Out_column 
0x036C	0xF03CC036  	MOVFF       FARG_lcd_display_out_first_line, FARG_Lcd_Out_text
0x0370	0x0E00      	MOVLW       0
0x0372	0x6E3D      	MOVWF       FARG_Lcd_Out_text+1 
0x0374	0xDF31      	RCALL       _Lcd_Out
;case_statements.c,43 :: 		Lcd_Out(2,1,second_line);                 // Write text in second row
0x0376	0x0E02      	MOVLW       2
0x0378	0x6E3A      	MOVWF       FARG_Lcd_Out_row 
0x037A	0x0E01      	MOVLW       1
0x037C	0x6E3B      	MOVWF       FARG_Lcd_Out_column 
0x037E	0xF03CC037  	MOVFF       FARG_lcd_display_out_second_line, FARG_Lcd_Out_text
0x0382	0x0E00      	MOVLW       0
0x0384	0x6E3D      	MOVWF       FARG_Lcd_Out_text+1 
0x0386	0xDF28      	RCALL       _Lcd_Out
;case_statements.c,44 :: 		}
L_end_lcd_display_out:
0x0388	0x0012      	RETURN      0
; end of _lcd_display_out
_main:
0x038A	0xF002EC63  	CALL        1222, 0
;case_statements.c,78 :: 		void main() {
;case_statements.c,79 :: 		lcd_display_prep();
0x038E	0xDFAC      	RCALL       _lcd_display_prep
;case_statements.c,80 :: 		lcd_display_out(txt1, signature);
0x0390	0x0E24      	MOVLW       _txt1
0x0392	0x6E36      	MOVWF       FARG_lcd_display_out_first_line 
0x0394	0x0E15      	MOVLW       _signature
0x0396	0x6E37      	MOVWF       FARG_lcd_display_out_second_line 
0x0398	0xDFE2      	RCALL       _lcd_display_out
;case_statements.c,83 :: 		TRISD = 0xFF;
0x039A	0x0EFF      	MOVLW       255
0x039C	0x6E95      	MOVWF       TRISD 
;case_statements.c,84 :: 		ANSELD = 0x00;
0x039E	0x010F      	MOVLB       15
0x03A0	0x6B3B      	CLRF        ANSELD, 1
;case_statements.c,85 :: 		PORTD = 0x00;
0x03A2	0x6A83      	CLRF        PORTD 
;case_statements.c,88 :: 		TRISC = 0x00;
0x03A4	0x6A94      	CLRF        TRISC 
;case_statements.c,89 :: 		PORTC = 0x00;
0x03A6	0x6A82      	CLRF        PORTC 
;case_statements.c,91 :: 		while(1) {
L_main2:
;case_statements.c,92 :: 		switch(PORTD) {
0x03A8	0xD063      	BRA         L_main4
;case_statements.c,93 :: 		case 1: // if PORTD switch is in position 0b00000001
L_main6:
;case_statements.c,94 :: 		first_thing(0x55, 3000);
0x03AA	0x0E55      	MOVLW       85
0x03AC	0x6E36      	MOVWF       FARG_first_thing_hex_num 
0x03AE	0x0E00      	MOVLW       0
0x03B0	0x6E37      	MOVWF       FARG_first_thing_hex_num+1 
0x03B2	0x0EB8      	MOVLW       184
0x03B4	0x6E38      	MOVWF       FARG_first_thing_timer 
0x03B6	0x0E0B      	MOVLW       11
0x03B8	0x6E39      	MOVWF       FARG_first_thing_timer+1 
0x03BA	0xDFA8      	RCALL       _first_thing
;case_statements.c,95 :: 		break;
0x03BC	0xD072      	BRA         L_main5
;case_statements.c,97 :: 		case 2: // PORTD == 0b00000010
L_main7:
;case_statements.c,98 :: 		first_thing(0xAA, 3000);
0x03BE	0x0EAA      	MOVLW       170
0x03C0	0x6E36      	MOVWF       FARG_first_thing_hex_num 
0x03C2	0x0E00      	MOVLW       0
0x03C4	0x6E37      	MOVWF       FARG_first_thing_hex_num+1 
0x03C6	0x0EB8      	MOVLW       184
0x03C8	0x6E38      	MOVWF       FARG_first_thing_timer 
0x03CA	0x0E0B      	MOVLW       11
0x03CC	0x6E39      	MOVWF       FARG_first_thing_timer+1 
0x03CE	0xDF9E      	RCALL       _first_thing
;case_statements.c,99 :: 		break;
0x03D0	0xD068      	BRA         L_main5
;case_statements.c,101 :: 		case 4: // PORTD == 0b00000100
L_main8:
;case_statements.c,102 :: 		first_thing(0xF0, 2000);
0x03D2	0x0EF0      	MOVLW       240
0x03D4	0x6E36      	MOVWF       FARG_first_thing_hex_num 
0x03D6	0x0E00      	MOVLW       0
0x03D8	0x6E37      	MOVWF       FARG_first_thing_hex_num+1 
0x03DA	0x0ED0      	MOVLW       208
0x03DC	0x6E38      	MOVWF       FARG_first_thing_timer 
0x03DE	0x0E07      	MOVLW       7
0x03E0	0x6E39      	MOVWF       FARG_first_thing_timer+1 
0x03E2	0xDF94      	RCALL       _first_thing
;case_statements.c,103 :: 		break;
0x03E4	0xD05E      	BRA         L_main5
;case_statements.c,105 :: 		case 8: // PORTD == 0b00001000
L_main9:
;case_statements.c,106 :: 		second_thing(0xFF, 0x00);
0x03E6	0x0EFF      	MOVLW       255
0x03E8	0x6E36      	MOVWF       FARG_second_thing_hex_num1 
0x03EA	0x0E00      	MOVLW       0
0x03EC	0x6E37      	MOVWF       FARG_second_thing_hex_num1+1 
0x03EE	0x6A38      	CLRF        FARG_second_thing_hex_num2 
0x03F0	0x6A39      	CLRF        FARG_second_thing_hex_num2+1 
0x03F2	0xDF94      	RCALL       _second_thing
;case_statements.c,107 :: 		break;
0x03F4	0xD056      	BRA         L_main5
;case_statements.c,109 :: 		case 16: // PORTD == 0b00010000
L_main10:
;case_statements.c,110 :: 		second_thing(0xAA, 0x55);
0x03F6	0x0EAA      	MOVLW       170
0x03F8	0x6E36      	MOVWF       FARG_second_thing_hex_num1 
0x03FA	0x0E00      	MOVLW       0
0x03FC	0x6E37      	MOVWF       FARG_second_thing_hex_num1+1 
0x03FE	0x0E55      	MOVLW       85
0x0400	0x6E38      	MOVWF       FARG_second_thing_hex_num2 
0x0402	0x0E00      	MOVLW       0
0x0404	0x6E39      	MOVWF       FARG_second_thing_hex_num2+1 
0x0406	0xDF8A      	RCALL       _second_thing
;case_statements.c,111 :: 		break;
0x0408	0xD04C      	BRA         L_main5
;case_statements.c,113 :: 		case 32: // PORTD == 0b00100000
L_main11:
;case_statements.c,114 :: 		second_thing(0xF0, 0x0F);
0x040A	0x0EF0      	MOVLW       240
0x040C	0x6E36      	MOVWF       FARG_second_thing_hex_num1 
0x040E	0x0E00      	MOVLW       0
0x0410	0x6E37      	MOVWF       FARG_second_thing_hex_num1+1 
0x0412	0x0E0F      	MOVLW       15
0x0414	0x6E38      	MOVWF       FARG_second_thing_hex_num2 
0x0416	0x0E00      	MOVLW       0
0x0418	0x6E39      	MOVWF       FARG_second_thing_hex_num2+1 
0x041A	0xDF80      	RCALL       _second_thing
;case_statements.c,115 :: 		break;
0x041C	0xD042      	BRA         L_main5
;case_statements.c,117 :: 		case 64: // PORTD == 0b01000000
L_main12:
;case_statements.c,118 :: 		PORTC = 0x81;
0x041E	0x0E81      	MOVLW       129
0x0420	0x6E82      	MOVWF       PORTC 
;case_statements.c,119 :: 		delay_ms(3000);
0x0422	0x0E1F      	MOVLW       31
0x0424	0x6E0B      	MOVWF       R11, 0
0x0426	0x0E71      	MOVLW       113
0x0428	0x6E0C      	MOVWF       R12, 0
0x042A	0x0E1E      	MOVLW       30
0x042C	0x6E0D      	MOVWF       R13, 0
L_main13:
0x042E	0x2E0D      	DECFSZ      R13, 1, 0
0x0430	0xD7FE      	BRA         L_main13
0x0432	0x2E0C      	DECFSZ      R12, 1, 0
0x0434	0xD7FC      	BRA         L_main13
0x0436	0x2E0B      	DECFSZ      R11, 1, 0
0x0438	0xD7FA      	BRA         L_main13
0x043A	0x0000      	NOP
;case_statements.c,120 :: 		break;
0x043C	0xD032      	BRA         L_main5
;case_statements.c,122 :: 		case 128: // PORTD == 0b10000000
L_main14:
;case_statements.c,123 :: 		for (i = 0; i < 0xFF; i++) {
0x043E	0x6A35      	CLRF        _i 
L_main15:
0x0440	0x0EFF      	MOVLW       255
0x0442	0x5C35      	SUBWF       _i, 0 
0x0444	0xE212      	BC          L_main16
;case_statements.c,124 :: 		PORTC = i;
0x0446	0xFF82C035  	MOVFF       _i, PORTC
;case_statements.c,125 :: 		delay_ms(500);
0x044A	0x0E06      	MOVLW       6
0x044C	0x6E0B      	MOVWF       R11, 0
0x044E	0x0E13      	MOVLW       19
0x0450	0x6E0C      	MOVWF       R12, 0
0x0452	0x0EAD      	MOVLW       173
0x0454	0x6E0D      	MOVWF       R13, 0
L_main18:
0x0456	0x2E0D      	DECFSZ      R13, 1, 0
0x0458	0xD7FE      	BRA         L_main18
0x045A	0x2E0C      	DECFSZ      R12, 1, 0
0x045C	0xD7FC      	BRA         L_main18
0x045E	0x2E0B      	DECFSZ      R11, 1, 0
0x0460	0xD7FA      	BRA         L_main18
0x0462	0x0000      	NOP
0x0464	0x0000      	NOP
;case_statements.c,123 :: 		for (i = 0; i < 0xFF; i++) {
0x0466	0x2A35      	INCF        _i, 1 
;case_statements.c,126 :: 		}
0x0468	0xD7EB      	BRA         L_main15
L_main16:
;case_statements.c,127 :: 		break;
0x046A	0xD01B      	BRA         L_main5
;case_statements.c,129 :: 		default:
L_main19:
;case_statements.c,130 :: 		PORTC = 0x00; // clear PORTC each loop
0x046C	0x6A82      	CLRF        PORTC 
;case_statements.c,131 :: 		}
0x046E	0xD019      	BRA         L_main5
L_main4:
0x0470	0x5083      	MOVF        PORTD, 0 
0x0472	0x0A01      	XORLW       1
0x0474	0xE09A      	BZ          L_main6
0x0476	0x5083      	MOVF        PORTD, 0 
0x0478	0x0A02      	XORLW       2
0x047A	0xE0A1      	BZ          L_main7
0x047C	0x5083      	MOVF        PORTD, 0 
0x047E	0x0A04      	XORLW       4
0x0480	0xE0A8      	BZ          L_main8
0x0482	0x5083      	MOVF        PORTD, 0 
0x0484	0x0A08      	XORLW       8
0x0486	0xE0AF      	BZ          L_main9
0x0488	0x5083      	MOVF        PORTD, 0 
0x048A	0x0A10      	XORLW       16
0x048C	0xE0B4      	BZ          L_main10
0x048E	0x5083      	MOVF        PORTD, 0 
0x0490	0x0A20      	XORLW       32
0x0492	0xE0BB      	BZ          L_main11
0x0494	0x5083      	MOVF        PORTD, 0 
0x0496	0x0A40      	XORLW       64
0x0498	0xE0C2      	BZ          L_main12
0x049A	0x5083      	MOVF        PORTD, 0 
0x049C	0x0A80      	XORLW       128
0x049E	0xE0CF      	BZ          L_main14
0x04A0	0xD7E5      	BRA         L_main19
L_main5:
;case_statements.c,132 :: 		}
0x04A2	0xD782      	BRA         L_main2
;case_statements.c,133 :: 		}
L_end_main:
0x04A4	0xD7FF      	BRA         $+0
; end of _main
0x04C6	0xF015EE10  	LFSR        1, 21
0x04CA	0x0E1F      	MOVLW       31
0x04CC	0x6E00      	MOVWF       R0 
0x04CE	0x0E01      	MOVLW       1
0x04D0	0x6E01      	MOVWF       R1 
0x04D2	0x0EA6      	MOVLW       166
0x04D4	0x6EF6      	MOVWF       4086 
0x04D6	0x0E04      	MOVLW       4
0x04D8	0x6EF7      	MOVWF       TBLPTRH 
0x04DA	0x0E00      	MOVLW       0
0x04DC	0x6EF8      	MOVWF       TBLPTRU 
0x04DE	0xF001EC7E  	CALL        764, 0
0x04E2	0x0012      	RETURN      0
;case_statements.c,0 :: ?ICS_signature
0x04A6	0x7942 ;?ICS_signature+0
0x04A8	0x5020 ;?ICS_signature+2
0x04AA	0x6E65 ;?ICS_signature+4
0x04AC	0x796E ;?ICS_signature+6
0x04AE	0x4220 ;?ICS_signature+8
0x04B0	0x6C65 ;?ICS_signature+10
0x04B2	0x656C ;?ICS_signature+12
0x04B4	0x00 ;?ICS_signature+14
; end of ?ICS_signature
;case_statements.c,0 :: ?ICS_txt1
0x04B5	0x6143 ;?ICS_txt1+0
0x04B7	0x6573 ;?ICS_txt1+2
0x04B9	0x5320 ;?ICS_txt1+4
0x04BB	0x6174 ;?ICS_txt1+6
0x04BD	0x6574 ;?ICS_txt1+8
0x04BF	0x656D ;?ICS_txt1+10
0x04C1	0x746E ;?ICS_txt1+12
0x04C3	0x0073 ;?ICS_txt1+14
; end of ?ICS_txt1
Symbol List:
//** Routines locations **
//ADDRESS    SIZE    PROCEDURE
//----------------------------------------------
0x001C      [22]    _Delay_5500us
0x0032      [10]    _Delay_50us
0x003C       [6]    _Delay_1us
0x0042     [124]    _Lcd_Cmd
0x00BE      [82]    _Mul_32x32_U
0x0110      [12]    _Lcd_Chr_CP
0x011C     [188]    _VDelay_ms
0x01D8     [122]    _Lcd_Out
0x0252     [150]    _Lcd_Init
0x02E8      [20]    _lcd_display_prep
0x02FC      [16]    ___CC2DW
0x030C      [16]    _first_thing
0x031C      [66]    _second_thing
0x035E      [44]    _lcd_display_out
0x038A     [284]    _main
//** Variables locations ** 
//ADDRESS    SIZE    VARIABLE
//----------------------------------------------
0x0000       [1]    R0
0x0001       [1]    R1
0x0002       [1]    R2
0x0003       [1]    R3
0x0004       [1]    R4
0x0005       [1]    R5
0x0006       [1]    R6
0x0007       [1]    R7
0x0008       [1]    R8
0x0009       [1]    R9
0x000A       [1]    R10
0x000B       [1]    R11
0x000C       [1]    R12
0x000D       [1]    R13
0x000E       [1]    R14
0x000F       [1]    R15
0x0010       [1]    R16
0x0011       [1]    R17
0x0012       [1]    R18
0x0013       [1]    R19
0x0014       [1]    R20
0x0015      [15]    _signature
0x0024      [16]    _txt1
0x0034       [0]    __Lib_Lcd_cmd_status
0x0035       [1]    _i
0x0036       [1]    FARG_lcd_display_out_first_line
0x0036       [2]    FARG_second_thing_hex_num1
0x0036       [2]    FARG_first_thing_hex_num
0x0037       [1]    FARG_lcd_display_out_second_line
0x0038       [2]    FARG_second_thing_hex_num2
0x0038       [2]    FARG_first_thing_timer
0x003A       [1]    FARG_Lcd_Out_row
0x003A       [2]    FARG_VDelay_ms_Time_ms
0x003B       [1]    FARG_Lcd_Out_column
0x003C       [4]    VDelay_ms_NumberOfCyc_L0
0x003C       [2]    FARG_Lcd_Out_text
0x003E       [1]    Lcd_Out_i_L0
0x0040       [1]    FARG_Lcd_Chr_CP_out_char
0x0041       [1]    FARG_Lcd_Cmd_out_char
0x0F39       [1]    ANSELB
0x0F3B       [1]    ANSELD
0x0F82       [1]    PORTC
0x0F83       [1]    PORTD
0x0F8A       [0]    LCD_D6
0x0F8A       [0]    LCD_RS
0x0F8A       [0]    LCD_EN
0x0F8A       [0]    LCD_D4
0x0F8A       [0]    LCD_D5
0x0F8A       [0]    LCD_D7
0x0F8A       [0]    LATB4_bit
0x0F8A       [0]    LATB5_bit
0x0F8A       [0]    LATB3_bit
0x0F8A       [0]    LATB0_bit
0x0F8A       [0]    LATB1_bit
0x0F8A       [0]    LATB2_bit
0x0F93       [0]    LCD_D7_Direction
0x0F93       [0]    LCD_D6_Direction
0x0F93       [0]    TRISB4_bit
0x0F93       [0]    TRISB2_bit
0x0F93       [0]    TRISB3_bit
0x0F93       [0]    TRISB0_bit
0x0F93       [0]    TRISB5_bit
0x0F93       [0]    TRISB1_bit
0x0F93       [0]    LCD_EN_Direction
0x0F93       [0]    LCD_D4_Direction
0x0F93       [0]    LCD_RS_Direction
0x0F93       [0]    LCD_D5_Direction
0x0F94       [1]    TRISC
0x0F95       [1]    TRISD
0x0FD8       [1]    STATUS
0x0FD9       [1]    FSR2L
0x0FDA       [1]    FSR2H
0x0FDE       [1]    POSTINC2
0x0FE0       [1]    BSR
0x0FE1       [1]    FSR1L
0x0FE2       [1]    FSR1H
0x0FE4       [1]    PREINC1
0x0FE6       [1]    POSTINC1
0x0FE7       [1]    INDF1
0x0FE8       [1]    WREG
0x0FE9       [1]    FSR0L
0x0FEA       [1]    FSR0H
0x0FEE       [1]    POSTINC0
0x0FF3       [1]    PRODL
0x0FF4       [1]    PRODH
0x0FF5       [1]    TABLAT
0x0FF6       [1]    TBLPTRL
0x0FF7       [1]    TBLPTRH
0x0FF8       [1]    TBLPTRU
//** Constants locations ** 
//ADDRESS    SIZE    CONSTANT
//----------------------------------------------
0x04A6      [15]    ?ICS_signature
0x04B5      [16]    ?ICS_txt1
