;  LST file generated by mikroListExporter - v.2.0 
; Date/Time: 10/6/2025 4:09:40 PM
;----------------------------------------------

;Address Opcode 	ASM
0x0000	0xF000EFAB  	GOTO        342
0x0004	0x0000      	NOP
0x0006	0x0000      	NOP
0x0008	0xF000EF00  	GOTO        0
0x000C	0x0000      	NOP
0x000E	0x0000      	NOP
0x0010	0x0000      	NOP
0x0012	0x0000      	NOP
0x0014	0x0000      	NOP
0x0016	0x0000      	NOP
0x0018	0xD7F3      	BRA         0
_walkPORTC2:
;lab_3.c,85 :: 		void walkPORTC2() {
;lab_3.c,87 :: 		for(i=128; i>=1; i/=2) {
0x001C	0x0E80      	MOVLW       128
0x001E	0x6E01      	MOVWF       R1 
0x0020	0x0E00      	MOVLW       0
0x0022	0x6E02      	MOVWF       R2 
L_walkPORTC216:
0x0024	0x0E80      	MOVLW       128
0x0026	0x1802      	XORWF       R2, 0 
0x0028	0x6E00      	MOVWF       R0 
0x002A	0x0E80      	MOVLW       128
0x002C	0x5C00      	SUBWF       R0, 0 
0x002E	0xE102      	BNZ         L__walkPORTC240
0x0030	0x0E01      	MOVLW       1
0x0032	0x5C01      	SUBWF       R1, 0 
L__walkPORTC240:
0x0034	0xE31B      	BNC         L_walkPORTC217
;lab_3.c,88 :: 		PORTC = i;  // set PORTC to value of iterator var
0x0036	0xFF82C001  	MOVFF       R1, PORTC
;lab_3.c,89 :: 		delay_ms(250);
0x003A	0x0E03      	MOVLW       3
0x003C	0x6E0B      	MOVWF       R11, 0
0x003E	0x0E8A      	MOVLW       138
0x0040	0x6E0C      	MOVWF       R12, 0
0x0042	0x0E55      	MOVLW       85
0x0044	0x6E0D      	MOVWF       R13, 0
L_walkPORTC219:
0x0046	0x2E0D      	DECFSZ      R13, 1, 0
0x0048	0xD7FE      	BRA         L_walkPORTC219
0x004A	0x2E0C      	DECFSZ      R12, 1, 0
0x004C	0xD7FC      	BRA         L_walkPORTC219
0x004E	0x2E0B      	DECFSZ      R11, 1, 0
0x0050	0xD7FA      	BRA         L_walkPORTC219
0x0052	0x0000      	NOP
0x0054	0x0000      	NOP
;lab_3.c,87 :: 		for(i=128; i>=1; i/=2) {
0x0056	0x3202      	RRCF        R2, 1 
0x0058	0x3201      	RRCF        R1, 1 
0x005A	0x9E02      	BCF         R2, 7 
0x005C	0xBC02      	BTFSC       R2, 6 
0x005E	0x8E02      	BSF         R2, 7 
0x0060	0xAE02      	BTFSS       R2, 7 
0x0062	0xD003      	BRA         L__walkPORTC241
0x0064	0xE302      	BNC         L__walkPORTC241
0x0066	0x4A01      	INFSNZ      R1, 1 
0x0068	0x2A02      	INCF        R2, 1 
L__walkPORTC241:
;lab_3.c,90 :: 		}
0x006A	0xD7DC      	BRA         L_walkPORTC216
L_walkPORTC217:
;lab_3.c,91 :: 		}
L_end_walkPORTC2:
0x006C	0x0012      	RETURN      0
; end of _walkPORTC2
_walkPORTD1:
;lab_3.c,95 :: 		void walkPORTD1() {
;lab_3.c,97 :: 		for(i=1; i<=128; i*=2) {
0x006E	0x0E01      	MOVLW       1
0x0070	0x6E01      	MOVWF       R1 
0x0072	0x0E00      	MOVLW       0
0x0074	0x6E02      	MOVWF       R2 
L_walkPORTD120:
0x0076	0x0E80      	MOVLW       128
0x0078	0x6E00      	MOVWF       R0 
0x007A	0x0E80      	MOVLW       128
0x007C	0x1802      	XORWF       R2, 0 
0x007E	0x5C00      	SUBWF       R0, 0 
0x0080	0xE102      	BNZ         L__walkPORTD143
0x0082	0x5001      	MOVF        R1, 0 
0x0084	0x0880      	SUBLW       128
L__walkPORTD143:
0x0086	0xE314      	BNC         L_walkPORTD121
;lab_3.c,98 :: 		PORTD = i;  // set PORTC to value of iterator var
0x0088	0xFF83C001  	MOVFF       R1, PORTD
;lab_3.c,99 :: 		delay_ms(250);
0x008C	0x0E03      	MOVLW       3
0x008E	0x6E0B      	MOVWF       R11, 0
0x0090	0x0E8A      	MOVLW       138
0x0092	0x6E0C      	MOVWF       R12, 0
0x0094	0x0E55      	MOVLW       85
0x0096	0x6E0D      	MOVWF       R13, 0
L_walkPORTD123:
0x0098	0x2E0D      	DECFSZ      R13, 1, 0
0x009A	0xD7FE      	BRA         L_walkPORTD123
0x009C	0x2E0C      	DECFSZ      R12, 1, 0
0x009E	0xD7FC      	BRA         L_walkPORTD123
0x00A0	0x2E0B      	DECFSZ      R11, 1, 0
0x00A2	0xD7FA      	BRA         L_walkPORTD123
0x00A4	0x0000      	NOP
0x00A6	0x0000      	NOP
;lab_3.c,97 :: 		for(i=1; i<=128; i*=2) {
0x00A8	0x3601      	RLCF        R1, 1 
0x00AA	0x9001      	BCF         R1, 0 
0x00AC	0x3602      	RLCF        R2, 1 
;lab_3.c,100 :: 		}
0x00AE	0xD7E3      	BRA         L_walkPORTD120
L_walkPORTD121:
;lab_3.c,101 :: 		}
L_end_walkPORTD1:
0x00B0	0x0012      	RETURN      0
; end of _walkPORTD1
_walkPORTD2:
;lab_3.c,105 :: 		void walkPORTD2() {
;lab_3.c,107 :: 		for(i=128; i>=1; i/=2) {
0x00B2	0x0E80      	MOVLW       128
0x00B4	0x6E01      	MOVWF       R1 
0x00B6	0x0E00      	MOVLW       0
0x00B8	0x6E02      	MOVWF       R2 
L_walkPORTD224:
0x00BA	0x0E80      	MOVLW       128
0x00BC	0x1802      	XORWF       R2, 0 
0x00BE	0x6E00      	MOVWF       R0 
0x00C0	0x0E80      	MOVLW       128
0x00C2	0x5C00      	SUBWF       R0, 0 
0x00C4	0xE102      	BNZ         L__walkPORTD245
0x00C6	0x0E01      	MOVLW       1
0x00C8	0x5C01      	SUBWF       R1, 0 
L__walkPORTD245:
0x00CA	0xE31B      	BNC         L_walkPORTD225
;lab_3.c,108 :: 		PORTD = i;  // set PORTC to value of iterator var
0x00CC	0xFF83C001  	MOVFF       R1, PORTD
;lab_3.c,109 :: 		delay_ms(250);
0x00D0	0x0E03      	MOVLW       3
0x00D2	0x6E0B      	MOVWF       R11, 0
0x00D4	0x0E8A      	MOVLW       138
0x00D6	0x6E0C      	MOVWF       R12, 0
0x00D8	0x0E55      	MOVLW       85
0x00DA	0x6E0D      	MOVWF       R13, 0
L_walkPORTD227:
0x00DC	0x2E0D      	DECFSZ      R13, 1, 0
0x00DE	0xD7FE      	BRA         L_walkPORTD227
0x00E0	0x2E0C      	DECFSZ      R12, 1, 0
0x00E2	0xD7FC      	BRA         L_walkPORTD227
0x00E4	0x2E0B      	DECFSZ      R11, 1, 0
0x00E6	0xD7FA      	BRA         L_walkPORTD227
0x00E8	0x0000      	NOP
0x00EA	0x0000      	NOP
;lab_3.c,107 :: 		for(i=128; i>=1; i/=2) {
0x00EC	0x3202      	RRCF        R2, 1 
0x00EE	0x3201      	RRCF        R1, 1 
0x00F0	0x9E02      	BCF         R2, 7 
0x00F2	0xBC02      	BTFSC       R2, 6 
0x00F4	0x8E02      	BSF         R2, 7 
0x00F6	0xAE02      	BTFSS       R2, 7 
0x00F8	0xD003      	BRA         L__walkPORTD246
0x00FA	0xE302      	BNC         L__walkPORTD246
0x00FC	0x4A01      	INFSNZ      R1, 1 
0x00FE	0x2A02      	INCF        R2, 1 
L__walkPORTD246:
;lab_3.c,110 :: 		}
0x0100	0xD7DC      	BRA         L_walkPORTD224
L_walkPORTD225:
;lab_3.c,111 :: 		}
L_end_walkPORTD2:
0x0102	0x0012      	RETURN      0
; end of _walkPORTD2
_SetupClearPorts:
;lab_3.c,9 :: 		void SetupClearPorts() {
;lab_3.c,10 :: 		TRISB = 0x00;
0x0104	0x6A93      	CLRF        TRISB 
;lab_3.c,11 :: 		TRISC = 0x00;
0x0106	0x6A94      	CLRF        TRISC 
;lab_3.c,12 :: 		TRISD = 0x00;
0x0108	0x6A95      	CLRF        TRISD 
;lab_3.c,13 :: 		PORTB = 0x00;
0x010A	0x6A81      	CLRF        PORTB 
;lab_3.c,14 :: 		PORTC = 0x00;
0x010C	0x6A82      	CLRF        PORTC 
;lab_3.c,15 :: 		PORTD = 0x00;
0x010E	0x6A83      	CLRF        PORTD 
;lab_3.c,16 :: 		}
L_end_SetupClearPorts:
0x0110	0x0012      	RETURN      0
; end of _SetupClearPorts
_walkPORTC1:
;lab_3.c,75 :: 		void walkPORTC1() {
;lab_3.c,77 :: 		for(i=1; i<=128; i*=2) {
0x0112	0x0E01      	MOVLW       1
0x0114	0x6E01      	MOVWF       R1 
0x0116	0x0E00      	MOVLW       0
0x0118	0x6E02      	MOVWF       R2 
L_walkPORTC112:
0x011A	0x0E80      	MOVLW       128
0x011C	0x6E00      	MOVWF       R0 
0x011E	0x0E80      	MOVLW       128
0x0120	0x1802      	XORWF       R2, 0 
0x0122	0x5C00      	SUBWF       R0, 0 
0x0124	0xE102      	BNZ         L__walkPORTC138
0x0126	0x5001      	MOVF        R1, 0 
0x0128	0x0880      	SUBLW       128
L__walkPORTC138:
0x012A	0xE314      	BNC         L_walkPORTC113
;lab_3.c,78 :: 		PORTC = i;  // set PORTC to value of iterator var
0x012C	0xFF82C001  	MOVFF       R1, PORTC
;lab_3.c,79 :: 		delay_ms(250);
0x0130	0x0E03      	MOVLW       3
0x0132	0x6E0B      	MOVWF       R11, 0
0x0134	0x0E8A      	MOVLW       138
0x0136	0x6E0C      	MOVWF       R12, 0
0x0138	0x0E55      	MOVLW       85
0x013A	0x6E0D      	MOVWF       R13, 0
L_walkPORTC115:
0x013C	0x2E0D      	DECFSZ      R13, 1, 0
0x013E	0xD7FE      	BRA         L_walkPORTC115
0x0140	0x2E0C      	DECFSZ      R12, 1, 0
0x0142	0xD7FC      	BRA         L_walkPORTC115
0x0144	0x2E0B      	DECFSZ      R11, 1, 0
0x0146	0xD7FA      	BRA         L_walkPORTC115
0x0148	0x0000      	NOP
0x014A	0x0000      	NOP
;lab_3.c,77 :: 		for(i=1; i<=128; i*=2) {
0x014C	0x3601      	RLCF        R1, 1 
0x014E	0x9001      	BCF         R1, 0 
0x0150	0x3602      	RLCF        R2, 1 
;lab_3.c,80 :: 		}
0x0152	0xD7E3      	BRA         L_walkPORTC112
L_walkPORTC113:
;lab_3.c,81 :: 		}
L_end_walkPORTC1:
0x0154	0x0012      	RETURN      0
; end of _walkPORTC1
_main:
;lab_3.c,114 :: 		void main() {     // Main Function (program core)
;lab_3.c,116 :: 		while(1) {
L_main28:
;lab_3.c,137 :: 		SetupClearPorts();
0x0156	0xDFD6      	RCALL       _SetupClearPorts
;lab_3.c,138 :: 		walkPORTC1();
0x0158	0xDFDC      	RCALL       _walkPORTC1
;lab_3.c,139 :: 		walkPORTC2();
0x015A	0xDF60      	RCALL       _walkPORTC2
;lab_3.c,141 :: 		SetupClearPorts();
0x015C	0xDFD3      	RCALL       _SetupClearPorts
;lab_3.c,142 :: 		walkPORTD1();
0x015E	0xDF87      	RCALL       _walkPORTD1
;lab_3.c,143 :: 		walkPORTD2();
0x0160	0xDFA8      	RCALL       _walkPORTD2
;lab_3.c,145 :: 		SetupClearPorts();
0x0162	0xDFD0      	RCALL       _SetupClearPorts
;lab_3.c,146 :: 		walkPORTD2();
0x0164	0xDFA6      	RCALL       _walkPORTD2
;lab_3.c,147 :: 		walkPORTD1();
0x0166	0xDF83      	RCALL       _walkPORTD1
;lab_3.c,149 :: 		SetupClearPorts();
0x0168	0xDFCD      	RCALL       _SetupClearPorts
;lab_3.c,150 :: 		walkPORTC2();
0x016A	0xDF58      	RCALL       _walkPORTC2
;lab_3.c,151 :: 		walkPORTC1();
0x016C	0xDFD2      	RCALL       _walkPORTC1
;lab_3.c,152 :: 		}
0x016E	0xD7F3      	BRA         L_main28
;lab_3.c,153 :: 		}
L_end_main:
0x0170	0xD7FF      	BRA         $+0
; end of _main
Symbol List:
//** Routines locations **
//ADDRESS    SIZE    PROCEDURE
//----------------------------------------------
0x001C      [82]    _walkPORTC2
0x006E      [68]    _walkPORTD1
0x00B2      [82]    _walkPORTD2
0x0104      [14]    _SetupClearPorts
0x0112      [68]    _walkPORTC1
0x0156      [28]    _main
//** Variables locations ** 
//ADDRESS    SIZE    VARIABLE
//----------------------------------------------
0x0000       [1]    R0
0x0001       [2]    walkPORTC2_i_L0
0x0001       [2]    walkPORTC1_i_L0
0x0001       [2]    walkPORTD1_i_L0
0x0001       [2]    walkPORTD2_i_L0
0x0001       [1]    R1
0x0002       [1]    R2
0x0003       [1]    R3
0x0004       [1]    R4
0x0005       [1]    R5
0x0006       [1]    R6
0x0007       [1]    R7
0x0008       [1]    R8
0x0009       [1]    R9
0x000A       [1]    R10
0x000B       [1]    R11
0x000C       [1]    R12
0x000D       [1]    R13
0x000E       [1]    R14
0x000F       [1]    R15
0x0010       [1]    R16
0x0011       [1]    R17
0x0012       [1]    R18
0x0013       [1]    R19
0x0014       [1]    R20
0x0F81       [1]    PORTB
0x0F82       [1]    PORTC
0x0F83       [1]    PORTD
0x0F93       [1]    TRISB
0x0F94       [1]    TRISC
0x0F95       [1]    TRISD
0x0FD8       [1]    STATUS
0x0FD9       [1]    FSR2L
0x0FDA       [1]    FSR2H
0x0FDE       [1]    POSTINC2
0x0FE0       [1]    BSR
0x0FE1       [1]    FSR1L
0x0FE2       [1]    FSR1H
0x0FE4       [1]    PREINC1
0x0FE6       [1]    POSTINC1
0x0FE7       [1]    INDF1
0x0FE8       [1]    WREG
0x0FE9       [1]    FSR0L
0x0FEA       [1]    FSR0H
0x0FEE       [1]    POSTINC0
0x0FF3       [1]    PRODL
0x0FF4       [1]    PRODH
0x0FF5       [1]    TABLAT
0x0FF6       [1]    TBLPTRL
0x0FF7       [1]    TBLPTRH
0x0FF8       [1]    TBLPTRU
