;  LST file generated by mikroListExporter - v.2.0 
; Date/Time: 4/22/2025 2:39:44 PM
;----------------------------------------------

;Address Opcode 	ASM
0x0000	0xF002EF76  	GOTO        1260
0x0004	0x0000      	NOP
0x0006	0x0000      	NOP
0x0008	0xF000EF00  	GOTO        0
0x000C	0x0000      	NOP
0x000E	0x0000      	NOP
0x0010	0x0000      	NOP
0x0012	0x0000      	NOP
0x0014	0x0000      	NOP
0x0016	0x0000      	NOP
0x0018	0xD7F3      	BRA         0
_Delay_50us:
;__Lib_Delays.c,19 :: 		void Delay_50us() {
;__Lib_Delays.c,20 :: 		Delay_us(50);
0x001C	0x0E21      	MOVLW       33
0x001E	0x6E0D      	MOVWF       R13, 0
L_Delay_50us2:
0x0020	0x2E0D      	DECFSZ      R13, 1, 0
0x0022	0xD7FE      	BRA         L_Delay_50us2
;__Lib_Delays.c,21 :: 		}
L_end_Delay_50us:
0x0024	0x0012      	RETURN      0
; end of _Delay_50us
_Delay_5500us:
;__Lib_Delays.c,31 :: 		void Delay_5500us() {
;__Lib_Delays.c,32 :: 		Delay_us(5500);
0x0026	0x0E0F      	MOVLW       15
0x0028	0x6E0C      	MOVWF       R12, 0
0x002A	0x0E47      	MOVLW       71
0x002C	0x6E0D      	MOVWF       R13, 0
L_Delay_5500us5:
0x002E	0x2E0D      	DECFSZ      R13, 1, 0
0x0030	0xD7FE      	BRA         L_Delay_5500us5
0x0032	0x2E0C      	DECFSZ      R12, 1, 0
0x0034	0xD7FC      	BRA         L_Delay_5500us5
0x0036	0x0000      	NOP
0x0038	0x0000      	NOP
;__Lib_Delays.c,33 :: 		}
L_end_Delay_5500us:
0x003A	0x0012      	RETURN      0
; end of _Delay_5500us
_Delay_1us:
;__Lib_Delays.c,7 :: 		void Delay_1us() {
;__Lib_Delays.c,8 :: 		Delay_us(1);
0x003C	0x0000      	NOP
0x003E	0x0000      	NOP
;__Lib_Delays.c,9 :: 		}
L_end_Delay_1us:
0x0040	0x0012      	RETURN      0
; end of _Delay_1us
_Lcd_Cmd:
;__Lib_Lcd.c,18 :: 		
;__Lib_Lcd.c,20 :: 		
0x0042	0x0100      	MOVLB       0
0x0044	0xBF84      	BTFSC       FARG_Lcd_Cmd_out_char, 7, 1
0x0046	0xD002      	BRA         L__Lcd_Cmd21
0x0048	0x968A      	BCF         LCD_D7, BitPos(LCD_D7+0) 
0x004A	0xD001      	BRA         L__Lcd_Cmd22
L__Lcd_Cmd21:
0x004C	0x868A      	BSF         LCD_D7, BitPos(LCD_D7+0) 
L__Lcd_Cmd22:
;__Lib_Lcd.c,21 :: 		
0x004E	0xBD84      	BTFSC       FARG_Lcd_Cmd_out_char, 6, 1
0x0050	0xD002      	BRA         L__Lcd_Cmd23
0x0052	0x948A      	BCF         LCD_D6, BitPos(LCD_D6+0) 
0x0054	0xD001      	BRA         L__Lcd_Cmd24
L__Lcd_Cmd23:
0x0056	0x848A      	BSF         LCD_D6, BitPos(LCD_D6+0) 
L__Lcd_Cmd24:
;__Lib_Lcd.c,22 :: 		
0x0058	0xBB84      	BTFSC       FARG_Lcd_Cmd_out_char, 5, 1
0x005A	0xD002      	BRA         L__Lcd_Cmd25
0x005C	0x928A      	BCF         LCD_D5, BitPos(LCD_D5+0) 
0x005E	0xD001      	BRA         L__Lcd_Cmd26
L__Lcd_Cmd25:
0x0060	0x828A      	BSF         LCD_D5, BitPos(LCD_D5+0) 
L__Lcd_Cmd26:
;__Lib_Lcd.c,23 :: 		
0x0062	0xB984      	BTFSC       FARG_Lcd_Cmd_out_char, 4, 1
0x0064	0xD002      	BRA         L__Lcd_Cmd27
0x0066	0x908A      	BCF         LCD_D4, BitPos(LCD_D4+0) 
0x0068	0xD001      	BRA         L__Lcd_Cmd28
L__Lcd_Cmd27:
0x006A	0x808A      	BSF         LCD_D4, BitPos(LCD_D4+0) 
L__Lcd_Cmd28:
;__Lib_Lcd.c,25 :: 		
0x006C	0xB17B      	BTFSC       __Lib_Lcd_cmd_status, BitPos(__Lib_Lcd_cmd_status+0), 1
0x006E	0xD002      	BRA         L__Lcd_Cmd29
0x0070	0x888A      	BSF         LCD_RS, BitPos(LCD_RS+0) 
0x0072	0xD001      	BRA         L__Lcd_Cmd30
L__Lcd_Cmd29:
0x0074	0x988A      	BCF         LCD_RS, BitPos(LCD_RS+0) 
L__Lcd_Cmd30:
;__Lib_Lcd.c,28 :: 		
0x0076	0x8A8A      	BSF         LCD_EN, BitPos(LCD_EN+0) 
;__Lib_Lcd.c,29 :: 		
0x0078	0xDFE1      	RCALL       _Delay_1us
;__Lib_Lcd.c,30 :: 		
0x007A	0x9A8A      	BCF         LCD_EN, BitPos(LCD_EN+0) 
;__Lib_Lcd.c,33 :: 		
0x007C	0xB784      	BTFSC       FARG_Lcd_Cmd_out_char, 3, 1
0x007E	0xD002      	BRA         L__Lcd_Cmd31
0x0080	0x968A      	BCF         LCD_D7, BitPos(LCD_D7+0) 
0x0082	0xD001      	BRA         L__Lcd_Cmd32
L__Lcd_Cmd31:
0x0084	0x868A      	BSF         LCD_D7, BitPos(LCD_D7+0) 
L__Lcd_Cmd32:
;__Lib_Lcd.c,34 :: 		
0x0086	0xB584      	BTFSC       FARG_Lcd_Cmd_out_char, 2, 1
0x0088	0xD002      	BRA         L__Lcd_Cmd33
0x008A	0x948A      	BCF         LCD_D6, BitPos(LCD_D6+0) 
0x008C	0xD001      	BRA         L__Lcd_Cmd34
L__Lcd_Cmd33:
0x008E	0x848A      	BSF         LCD_D6, BitPos(LCD_D6+0) 
L__Lcd_Cmd34:
;__Lib_Lcd.c,35 :: 		
0x0090	0xB384      	BTFSC       FARG_Lcd_Cmd_out_char, 1, 1
0x0092	0xD002      	BRA         L__Lcd_Cmd35
0x0094	0x928A      	BCF         LCD_D5, BitPos(LCD_D5+0) 
0x0096	0xD001      	BRA         L__Lcd_Cmd36
L__Lcd_Cmd35:
0x0098	0x828A      	BSF         LCD_D5, BitPos(LCD_D5+0) 
L__Lcd_Cmd36:
;__Lib_Lcd.c,36 :: 		
0x009A	0xB184      	BTFSC       FARG_Lcd_Cmd_out_char, 0, 1
0x009C	0xD002      	BRA         L__Lcd_Cmd37
0x009E	0x908A      	BCF         LCD_D4, BitPos(LCD_D4+0) 
0x00A0	0xD001      	BRA         L__Lcd_Cmd38
L__Lcd_Cmd37:
0x00A2	0x808A      	BSF         LCD_D4, BitPos(LCD_D4+0) 
L__Lcd_Cmd38:
;__Lib_Lcd.c,38 :: 		
0x00A4	0xB17B      	BTFSC       __Lib_Lcd_cmd_status, BitPos(__Lib_Lcd_cmd_status+0), 1
0x00A6	0xD002      	BRA         L__Lcd_Cmd39
0x00A8	0x888A      	BSF         LCD_RS, BitPos(LCD_RS+0) 
0x00AA	0xD001      	BRA         L__Lcd_Cmd40
L__Lcd_Cmd39:
0x00AC	0x988A      	BCF         LCD_RS, BitPos(LCD_RS+0) 
L__Lcd_Cmd40:
;__Lib_Lcd.c,40 :: 		
0x00AE	0x8A8A      	BSF         LCD_EN, BitPos(LCD_EN+0) 
;__Lib_Lcd.c,41 :: 		
0x00B0	0xDFC5      	RCALL       _Delay_1us
;__Lib_Lcd.c,42 :: 		
0x00B2	0x9A8A      	BCF         LCD_EN, BitPos(LCD_EN+0) 
;__Lib_Lcd.c,44 :: 		
0x00B4	0xA17B      	BTFSS       __Lib_Lcd_cmd_status, BitPos(__Lib_Lcd_cmd_status+0), 1
0x00B6	0xD002      	BRA         L_Lcd_Cmd0
;__Lib_Lcd.c,45 :: 		
0x00B8	0xDFB6      	RCALL       _Delay_5500us
0x00BA	0xD001      	BRA         L_Lcd_Cmd1
L_Lcd_Cmd0:
;__Lib_Lcd.c,47 :: 		
0x00BC	0xDFAF      	RCALL       _Delay_50us
L_Lcd_Cmd1:
;__Lib_Lcd.c,48 :: 		
L_end_Lcd_Cmd:
0x00BE	0x0012      	RETURN      0
; end of _Lcd_Cmd
_Lcd_Chr_CP:
;__Lib_Lcd.c,50 :: 		
;__Lib_Lcd.c,52 :: 		
0x00C0	0x0100      	MOVLB       0
0x00C2	0x917B      	BCF         __Lib_Lcd_cmd_status, BitPos(__Lib_Lcd_cmd_status+0), 1
;__Lib_Lcd.c,53 :: 		
0x00C4	0xF084C083  	MOVFF       FARG_Lcd_Chr_CP_out_char, FARG_Lcd_Cmd_out_char
0x00C8	0xDFBC      	RCALL       _Lcd_Cmd
;__Lib_Lcd.c,54 :: 		
0x00CA	0x817B      	BSF         __Lib_Lcd_cmd_status, BitPos(__Lib_Lcd_cmd_status+0), 1
;__Lib_Lcd.c,55 :: 		
L_end_Lcd_Chr_CP:
0x00CC	0x0012      	RETURN      0
; end of _Lcd_Chr_CP
_Lcd_Out:
;__Lib_Lcd.c,184 :: 		
;__Lib_Lcd.c,187 :: 		
0x00CE	0xD010      	BRA         L_Lcd_Out11
;__Lib_Lcd.c,188 :: 		
L_Lcd_Out13:
0x00D0	0x0E80      	MOVLW       128
0x00D2	0x0100      	MOVLB       0
0x00D4	0x6F7E      	MOVWF       FARG_Lcd_Out_row, 1
0x00D6	0xD01A      	BRA         L_Lcd_Out12
;__Lib_Lcd.c,189 :: 		
L_Lcd_Out14:
0x00D8	0x0EC0      	MOVLW       192
0x00DA	0x6F7E      	MOVWF       FARG_Lcd_Out_row, 1
0x00DC	0xD017      	BRA         L_Lcd_Out12
;__Lib_Lcd.c,190 :: 		
L_Lcd_Out15:
0x00DE	0x0E94      	MOVLW       148
0x00E0	0x6F7E      	MOVWF       FARG_Lcd_Out_row, 1
0x00E2	0xD014      	BRA         L_Lcd_Out12
;__Lib_Lcd.c,191 :: 		
L_Lcd_Out16:
0x00E4	0x0ED4      	MOVLW       212
0x00E6	0x6F7E      	MOVWF       FARG_Lcd_Out_row, 1
0x00E8	0xD011      	BRA         L_Lcd_Out12
;__Lib_Lcd.c,192 :: 		
L_Lcd_Out17:
0x00EA	0x0E80      	MOVLW       128
0x00EC	0x6F7E      	MOVWF       FARG_Lcd_Out_row, 1
;__Lib_Lcd.c,193 :: 		
0x00EE	0xD00E      	BRA         L_Lcd_Out12
L_Lcd_Out11:
0x00F0	0x0100      	MOVLB       0
0x00F2	0x517E      	MOVF        FARG_Lcd_Out_row, 0, 1
0x00F4	0x0A01      	XORLW       1
0x00F6	0xE0EC      	BZ          L_Lcd_Out13
0x00F8	0x517E      	MOVF        FARG_Lcd_Out_row, 0, 1
0x00FA	0x0A02      	XORLW       2
0x00FC	0xE0ED      	BZ          L_Lcd_Out14
0x00FE	0x517E      	MOVF        FARG_Lcd_Out_row, 0, 1
0x0100	0x0A03      	XORLW       3
0x0102	0xE0ED      	BZ          L_Lcd_Out15
0x0104	0x517E      	MOVF        FARG_Lcd_Out_row, 0, 1
0x0106	0x0A04      	XORLW       4
0x0108	0xE0ED      	BZ          L_Lcd_Out16
0x010A	0xD7EF      	BRA         L_Lcd_Out17
L_Lcd_Out12:
;__Lib_Lcd.c,194 :: 		
0x010C	0x057F      	DECF        FARG_Lcd_Out_column, 0, 1
0x010E	0x6E00      	MOVWF       R0 
0x0110	0x517E      	MOVF        FARG_Lcd_Out_row, 0, 1
0x0112	0x2600      	ADDWF       R0, 1 
0x0114	0xF07EC000  	MOVFF       R0, FARG_Lcd_Out_row
;__Lib_Lcd.c,196 :: 		
0x0118	0xF084C000  	MOVFF       R0, FARG_Lcd_Cmd_out_char
0x011C	0xDF92      	RCALL       _Lcd_Cmd
;__Lib_Lcd.c,197 :: 		
0x011E	0x917B      	BCF         __Lib_Lcd_cmd_status, BitPos(__Lib_Lcd_cmd_status+0), 1
;__Lib_Lcd.c,198 :: 		
0x0120	0x6B82      	CLRF        Lcd_Out_i_L0, 1
;__Lib_Lcd.c,199 :: 		
L_Lcd_Out18:
0x0122	0x5182      	MOVF        Lcd_Out_i_L0, 0, 1
0x0124	0x2580      	ADDWF       FARG_Lcd_Out_text, 0, 1
0x0126	0x6EE9      	MOVWF       FSR0L 
0x0128	0x0E00      	MOVLW       0
0x012A	0x2181      	ADDWFC      FARG_Lcd_Out_text+1, 0, 1
0x012C	0x6EEA      	MOVWF       FSR0L+1 
0x012E	0x52EE      	MOVF        POSTINC0, 1 
0x0130	0xE00B      	BZ          L_Lcd_Out19
;__Lib_Lcd.c,200 :: 		
0x0132	0x5182      	MOVF        Lcd_Out_i_L0, 0, 1
0x0134	0x2580      	ADDWF       FARG_Lcd_Out_text, 0, 1
0x0136	0x6EE9      	MOVWF       FSR0L 
0x0138	0x0E00      	MOVLW       0
0x013A	0x2181      	ADDWFC      FARG_Lcd_Out_text+1, 0, 1
0x013C	0x6EEA      	MOVWF       FSR0L+1 
0x013E	0xF083CFEE  	MOVFF       POSTINC0, FARG_Lcd_Chr_CP_out_char
0x0142	0xDFBE      	RCALL       _Lcd_Chr_CP
0x0144	0x2B82      	INCF        Lcd_Out_i_L0, 1, 1
0x0146	0xD7ED      	BRA         L_Lcd_Out18
L_Lcd_Out19:
;__Lib_Lcd.c,201 :: 		
0x0148	0x817B      	BSF         __Lib_Lcd_cmd_status, BitPos(__Lib_Lcd_cmd_status+0), 1
;__Lib_Lcd.c,202 :: 		
L_end_Lcd_Out:
0x014A	0x0012      	RETURN      0
; end of _Lcd_Out
_Lcd_Init:
;__Lib_Lcd.c,84 :: 		
;__Lib_Lcd.c,86 :: 		
0x014C	0x9A93      	BCF         LCD_EN_Direction, BitPos(LCD_EN_Direction+0) 
;__Lib_Lcd.c,87 :: 		
0x014E	0x9893      	BCF         LCD_RS_Direction, BitPos(LCD_RS_Direction+0) 
;__Lib_Lcd.c,88 :: 		
0x0150	0x9093      	BCF         LCD_D4_Direction, BitPos(LCD_D4_Direction+0) 
;__Lib_Lcd.c,89 :: 		
0x0152	0x9293      	BCF         LCD_D5_Direction, BitPos(LCD_D5_Direction+0) 
;__Lib_Lcd.c,90 :: 		
0x0154	0x9493      	BCF         LCD_D6_Direction, BitPos(LCD_D6_Direction+0) 
;__Lib_Lcd.c,91 :: 		
0x0156	0x9693      	BCF         LCD_D7_Direction, BitPos(LCD_D7_Direction+0) 
;__Lib_Lcd.c,93 :: 		
0x0158	0x9A8A      	BCF         LCD_EN, BitPos(LCD_EN+0) 
;__Lib_Lcd.c,94 :: 		
0x015A	0x988A      	BCF         LCD_RS, BitPos(LCD_RS+0) 
;__Lib_Lcd.c,95 :: 		
0x015C	0x968A      	BCF         LCD_D7, BitPos(LCD_D7+0) 
;__Lib_Lcd.c,96 :: 		
0x015E	0x948A      	BCF         LCD_D6, BitPos(LCD_D6+0) 
;__Lib_Lcd.c,97 :: 		
0x0160	0x928A      	BCF         LCD_D5, BitPos(LCD_D5+0) 
;__Lib_Lcd.c,98 :: 		
0x0162	0x908A      	BCF         LCD_D4, BitPos(LCD_D4+0) 
;__Lib_Lcd.c,100 :: 		
0x0164	0xDF60      	RCALL       _Delay_5500us
;__Lib_Lcd.c,101 :: 		
0x0166	0xDF5F      	RCALL       _Delay_5500us
;__Lib_Lcd.c,102 :: 		
0x0168	0xDF5E      	RCALL       _Delay_5500us
;__Lib_Lcd.c,105 :: 		
0x016A	0x828A      	BSF         LCD_D5, BitPos(LCD_D5+0) 
;__Lib_Lcd.c,106 :: 		
0x016C	0x808A      	BSF         LCD_D4, BitPos(LCD_D4+0) 
;__Lib_Lcd.c,107 :: 		
0x016E	0x8A8A      	BSF         LCD_EN, BitPos(LCD_EN+0) 
;__Lib_Lcd.c,108 :: 		
0x0170	0xDF65      	RCALL       _Delay_1us
;__Lib_Lcd.c,109 :: 		
0x0172	0x9A8A      	BCF         LCD_EN, BitPos(LCD_EN+0) 
;__Lib_Lcd.c,110 :: 		
0x0174	0xDF58      	RCALL       _Delay_5500us
;__Lib_Lcd.c,112 :: 		
0x0176	0x8A8A      	BSF         LCD_EN, BitPos(LCD_EN+0) 
;__Lib_Lcd.c,113 :: 		
0x0178	0xDF61      	RCALL       _Delay_1us
;__Lib_Lcd.c,114 :: 		
0x017A	0x9A8A      	BCF         LCD_EN, BitPos(LCD_EN+0) 
;__Lib_Lcd.c,115 :: 		
0x017C	0xDF54      	RCALL       _Delay_5500us
;__Lib_Lcd.c,117 :: 		
0x017E	0x8A8A      	BSF         LCD_EN, BitPos(LCD_EN+0) 
;__Lib_Lcd.c,118 :: 		
0x0180	0xDF5D      	RCALL       _Delay_1us
;__Lib_Lcd.c,119 :: 		
0x0182	0x9A8A      	BCF         LCD_EN, BitPos(LCD_EN+0) 
;__Lib_Lcd.c,120 :: 		
0x0184	0xDF50      	RCALL       _Delay_5500us
;__Lib_Lcd.c,123 :: 		
0x0186	0x908A      	BCF         LCD_D4, BitPos(LCD_D4+0) 
;__Lib_Lcd.c,124 :: 		
0x0188	0x8A8A      	BSF         LCD_EN, BitPos(LCD_EN+0) 
;__Lib_Lcd.c,125 :: 		
0x018A	0xDF58      	RCALL       _Delay_1us
;__Lib_Lcd.c,126 :: 		
0x018C	0x9A8A      	BCF         LCD_EN, BitPos(LCD_EN+0) 
;__Lib_Lcd.c,127 :: 		
0x018E	0xDF4B      	RCALL       _Delay_5500us
;__Lib_Lcd.c,130 :: 		
0x0190	0x8A8A      	BSF         LCD_EN, BitPos(LCD_EN+0) 
;__Lib_Lcd.c,131 :: 		
0x0192	0xDF54      	RCALL       _Delay_1us
;__Lib_Lcd.c,132 :: 		
0x0194	0x9A8A      	BCF         LCD_EN, BitPos(LCD_EN+0) 
;__Lib_Lcd.c,134 :: 		
0x0196	0x928A      	BCF         LCD_D5, BitPos(LCD_D5+0) 
;__Lib_Lcd.c,135 :: 		
0x0198	0x868A      	BSF         LCD_D7, BitPos(LCD_D7+0) 
;__Lib_Lcd.c,136 :: 		
0x019A	0x8A8A      	BSF         LCD_EN, BitPos(LCD_EN+0) 
;__Lib_Lcd.c,137 :: 		
0x019C	0xDF4F      	RCALL       _Delay_1us
;__Lib_Lcd.c,138 :: 		
0x019E	0x9A8A      	BCF         LCD_EN, BitPos(LCD_EN+0) 
;__Lib_Lcd.c,139 :: 		
0x01A0	0xDF42      	RCALL       _Delay_5500us
;__Lib_Lcd.c,142 :: 		
0x01A2	0x968A      	BCF         LCD_D7, BitPos(LCD_D7+0) 
;__Lib_Lcd.c,143 :: 		
0x01A4	0x808A      	BSF         LCD_D4, BitPos(LCD_D4+0) 
;__Lib_Lcd.c,144 :: 		
0x01A6	0x8A8A      	BSF         LCD_EN, BitPos(LCD_EN+0) 
;__Lib_Lcd.c,145 :: 		
0x01A8	0xDF49      	RCALL       _Delay_1us
;__Lib_Lcd.c,146 :: 		
0x01AA	0x9A8A      	BCF         LCD_EN, BitPos(LCD_EN+0) 
;__Lib_Lcd.c,148 :: 		
0x01AC	0x908A      	BCF         LCD_D4, BitPos(LCD_D4+0) 
;__Lib_Lcd.c,149 :: 		
0x01AE	0x8A8A      	BSF         LCD_EN, BitPos(LCD_EN+0) 
;__Lib_Lcd.c,150 :: 		
0x01B0	0xDF45      	RCALL       _Delay_1us
;__Lib_Lcd.c,151 :: 		
0x01B2	0x9A8A      	BCF         LCD_EN, BitPos(LCD_EN+0) 
;__Lib_Lcd.c,152 :: 		
0x01B4	0xDF38      	RCALL       _Delay_5500us
;__Lib_Lcd.c,155 :: 		
0x01B6	0x8A8A      	BSF         LCD_EN, BitPos(LCD_EN+0) 
;__Lib_Lcd.c,156 :: 		
0x01B8	0xDF41      	RCALL       _Delay_1us
;__Lib_Lcd.c,157 :: 		
0x01BA	0x9A8A      	BCF         LCD_EN, BitPos(LCD_EN+0) 
;__Lib_Lcd.c,159 :: 		
0x01BC	0x808A      	BSF         LCD_D4, BitPos(LCD_D4+0) 
;__Lib_Lcd.c,160 :: 		
0x01BE	0x8A8A      	BSF         LCD_EN, BitPos(LCD_EN+0) 
;__Lib_Lcd.c,161 :: 		
0x01C0	0xDF3D      	RCALL       _Delay_1us
;__Lib_Lcd.c,162 :: 		
0x01C2	0x9A8A      	BCF         LCD_EN, BitPos(LCD_EN+0) 
;__Lib_Lcd.c,163 :: 		
0x01C4	0xDF30      	RCALL       _Delay_5500us
;__Lib_Lcd.c,166 :: 		
0x01C6	0x908A      	BCF         LCD_D4, BitPos(LCD_D4+0) 
;__Lib_Lcd.c,167 :: 		
0x01C8	0x8A8A      	BSF         LCD_EN, BitPos(LCD_EN+0) 
;__Lib_Lcd.c,168 :: 		
0x01CA	0xDF38      	RCALL       _Delay_1us
;__Lib_Lcd.c,169 :: 		
0x01CC	0x9A8A      	BCF         LCD_EN, BitPos(LCD_EN+0) 
;__Lib_Lcd.c,171 :: 		
0x01CE	0x868A      	BSF         LCD_D7, BitPos(LCD_D7+0) 
;__Lib_Lcd.c,172 :: 		
0x01D0	0x848A      	BSF         LCD_D6, BitPos(LCD_D6+0) 
;__Lib_Lcd.c,173 :: 		
0x01D2	0x828A      	BSF         LCD_D5, BitPos(LCD_D5+0) 
;__Lib_Lcd.c,174 :: 		
0x01D4	0x808A      	BSF         LCD_D4, BitPos(LCD_D4+0) 
;__Lib_Lcd.c,175 :: 		
0x01D6	0x8A8A      	BSF         LCD_EN, BitPos(LCD_EN+0) 
;__Lib_Lcd.c,176 :: 		
0x01D8	0xDF31      	RCALL       _Delay_1us
;__Lib_Lcd.c,177 :: 		
0x01DA	0x9A8A      	BCF         LCD_EN, BitPos(LCD_EN+0) 
;__Lib_Lcd.c,179 :: 		
0x01DC	0xDF24      	RCALL       _Delay_5500us
;__Lib_Lcd.c,181 :: 		
0x01DE	0x0100      	MOVLB       0
0x01E0	0x817B      	BSF         __Lib_Lcd_cmd_status, BitPos(__Lib_Lcd_cmd_status+0), 1
;__Lib_Lcd.c,182 :: 		
L_end_Lcd_Init:
0x01E2	0x0012      	RETURN      0
; end of _Lcd_Init
_only_evens:
;for_loop_control.c,100 :: 		void only_evens() {
;for_loop_control.c,101 :: 		for (j = 2; j <= 128; j = j+2) {
0x01E4	0x0E02      	MOVLW       2
0x01E6	0x0100      	MOVLB       0
0x01E8	0x6F79      	MOVWF       _j, 1
0x01EA	0x0E00      	MOVLW       0
0x01EC	0x6F7A      	MOVWF       _j+1, 1
L_only_evens24:
0x01EE	0x0E80      	MOVLW       128
0x01F0	0x6E00      	MOVWF       R0 
0x01F2	0x0E80      	MOVLW       128
0x01F4	0x197A      	XORWF       _j+1, 0, 1
0x01F6	0x5C00      	SUBWF       R0, 0 
0x01F8	0xE102      	BNZ         L__only_evens64
0x01FA	0x5179      	MOVF        _j, 0, 1
0x01FC	0x0880      	SUBLW       128
L__only_evens64:
0x01FE	0xE315      	BNC         L_only_evens25
;for_loop_control.c,102 :: 		PORTC = j;
0x0200	0xFF82C079  	MOVFF       _j, PORTC
;for_loop_control.c,103 :: 		delay_ms(500);
0x0204	0x0E06      	MOVLW       6
0x0206	0x6E0B      	MOVWF       R11, 0
0x0208	0x0E13      	MOVLW       19
0x020A	0x6E0C      	MOVWF       R12, 0
0x020C	0x0EAD      	MOVLW       173
0x020E	0x6E0D      	MOVWF       R13, 0
L_only_evens27:
0x0210	0x2E0D      	DECFSZ      R13, 1, 0
0x0212	0xD7FE      	BRA         L_only_evens27
0x0214	0x2E0C      	DECFSZ      R12, 1, 0
0x0216	0xD7FC      	BRA         L_only_evens27
0x0218	0x2E0B      	DECFSZ      R11, 1, 0
0x021A	0xD7FA      	BRA         L_only_evens27
0x021C	0x0000      	NOP
0x021E	0x0000      	NOP
;for_loop_control.c,101 :: 		for (j = 2; j <= 128; j = j+2) {
0x0220	0x0E02      	MOVLW       2
0x0222	0x2779      	ADDWF       _j, 1, 1
0x0224	0x0E00      	MOVLW       0
0x0226	0x237A      	ADDWFC      _j+1, 1, 1
;for_loop_control.c,104 :: 		}
0x0228	0xD7E2      	BRA         L_only_evens24
L_only_evens25:
;for_loop_control.c,106 :: 		for (j = 128; j >= 2; j= j-2) {
0x022A	0x0E80      	MOVLW       128
0x022C	0x6F79      	MOVWF       _j, 1
0x022E	0x0E00      	MOVLW       0
0x0230	0x6F7A      	MOVWF       _j+1, 1
L_only_evens28:
0x0232	0x0E80      	MOVLW       128
0x0234	0x197A      	XORWF       _j+1, 0, 1
0x0236	0x6E00      	MOVWF       R0 
0x0238	0x0E80      	MOVLW       128
0x023A	0x5C00      	SUBWF       R0, 0 
0x023C	0xE102      	BNZ         L__only_evens65
0x023E	0x0E02      	MOVLW       2
0x0240	0x5D79      	SUBWF       _j, 0, 1
L__only_evens65:
0x0242	0xE315      	BNC         L_only_evens29
;for_loop_control.c,107 :: 		PORTC = j;
0x0244	0xFF82C079  	MOVFF       _j, PORTC
;for_loop_control.c,108 :: 		delay_ms(500);
0x0248	0x0E06      	MOVLW       6
0x024A	0x6E0B      	MOVWF       R11, 0
0x024C	0x0E13      	MOVLW       19
0x024E	0x6E0C      	MOVWF       R12, 0
0x0250	0x0EAD      	MOVLW       173
0x0252	0x6E0D      	MOVWF       R13, 0
L_only_evens31:
0x0254	0x2E0D      	DECFSZ      R13, 1, 0
0x0256	0xD7FE      	BRA         L_only_evens31
0x0258	0x2E0C      	DECFSZ      R12, 1, 0
0x025A	0xD7FC      	BRA         L_only_evens31
0x025C	0x2E0B      	DECFSZ      R11, 1, 0
0x025E	0xD7FA      	BRA         L_only_evens31
0x0260	0x0000      	NOP
0x0262	0x0000      	NOP
;for_loop_control.c,106 :: 		for (j = 128; j >= 2; j= j-2) {
0x0264	0x0E02      	MOVLW       2
0x0266	0x5F79      	SUBWF       _j, 1, 1
0x0268	0x0E00      	MOVLW       0
0x026A	0x5B7A      	SUBWFB      _j+1, 1, 1
;for_loop_control.c,109 :: 		}
0x026C	0xD7E2      	BRA         L_only_evens28
L_only_evens29:
;for_loop_control.c,110 :: 		}
L_end_only_evens:
0x026E	0x0012      	RETURN      0
; end of _only_evens
_only_odds:
;for_loop_control.c,113 :: 		void only_odds() {
;for_loop_control.c,115 :: 		for (j = 1; j <= 127; j = j+2) {
0x0270	0x0E01      	MOVLW       1
0x0272	0x0100      	MOVLB       0
0x0274	0x6F79      	MOVWF       _j, 1
0x0276	0x0E00      	MOVLW       0
0x0278	0x6F7A      	MOVWF       _j+1, 1
L_only_odds32:
0x027A	0x0E80      	MOVLW       128
0x027C	0x6E00      	MOVWF       R0 
0x027E	0x0E80      	MOVLW       128
0x0280	0x197A      	XORWF       _j+1, 0, 1
0x0282	0x5C00      	SUBWF       R0, 0 
0x0284	0xE102      	BNZ         L__only_odds67
0x0286	0x5179      	MOVF        _j, 0, 1
0x0288	0x087F      	SUBLW       127
L__only_odds67:
0x028A	0xE315      	BNC         L_only_odds33
;for_loop_control.c,116 :: 		PORTC = j;
0x028C	0xFF82C079  	MOVFF       _j, PORTC
;for_loop_control.c,117 :: 		delay_ms(500);
0x0290	0x0E06      	MOVLW       6
0x0292	0x6E0B      	MOVWF       R11, 0
0x0294	0x0E13      	MOVLW       19
0x0296	0x6E0C      	MOVWF       R12, 0
0x0298	0x0EAD      	MOVLW       173
0x029A	0x6E0D      	MOVWF       R13, 0
L_only_odds35:
0x029C	0x2E0D      	DECFSZ      R13, 1, 0
0x029E	0xD7FE      	BRA         L_only_odds35
0x02A0	0x2E0C      	DECFSZ      R12, 1, 0
0x02A2	0xD7FC      	BRA         L_only_odds35
0x02A4	0x2E0B      	DECFSZ      R11, 1, 0
0x02A6	0xD7FA      	BRA         L_only_odds35
0x02A8	0x0000      	NOP
0x02AA	0x0000      	NOP
;for_loop_control.c,115 :: 		for (j = 1; j <= 127; j = j+2) {
0x02AC	0x0E02      	MOVLW       2
0x02AE	0x2779      	ADDWF       _j, 1, 1
0x02B0	0x0E00      	MOVLW       0
0x02B2	0x237A      	ADDWFC      _j+1, 1, 1
;for_loop_control.c,118 :: 		}
0x02B4	0xD7E2      	BRA         L_only_odds32
L_only_odds33:
;for_loop_control.c,120 :: 		for (j = 127; j >= 1; j= j-2) {
0x02B6	0x0E7F      	MOVLW       127
0x02B8	0x6F79      	MOVWF       _j, 1
0x02BA	0x0E00      	MOVLW       0
0x02BC	0x6F7A      	MOVWF       _j+1, 1
L_only_odds36:
0x02BE	0x0E80      	MOVLW       128
0x02C0	0x197A      	XORWF       _j+1, 0, 1
0x02C2	0x6E00      	MOVWF       R0 
0x02C4	0x0E80      	MOVLW       128
0x02C6	0x5C00      	SUBWF       R0, 0 
0x02C8	0xE102      	BNZ         L__only_odds68
0x02CA	0x0E01      	MOVLW       1
0x02CC	0x5D79      	SUBWF       _j, 0, 1
L__only_odds68:
0x02CE	0xE315      	BNC         L_only_odds37
;for_loop_control.c,121 :: 		PORTC = j;
0x02D0	0xFF82C079  	MOVFF       _j, PORTC
;for_loop_control.c,122 :: 		delay_ms(500);
0x02D4	0x0E06      	MOVLW       6
0x02D6	0x6E0B      	MOVWF       R11, 0
0x02D8	0x0E13      	MOVLW       19
0x02DA	0x6E0C      	MOVWF       R12, 0
0x02DC	0x0EAD      	MOVLW       173
0x02DE	0x6E0D      	MOVWF       R13, 0
L_only_odds39:
0x02E0	0x2E0D      	DECFSZ      R13, 1, 0
0x02E2	0xD7FE      	BRA         L_only_odds39
0x02E4	0x2E0C      	DECFSZ      R12, 1, 0
0x02E6	0xD7FC      	BRA         L_only_odds39
0x02E8	0x2E0B      	DECFSZ      R11, 1, 0
0x02EA	0xD7FA      	BRA         L_only_odds39
0x02EC	0x0000      	NOP
0x02EE	0x0000      	NOP
;for_loop_control.c,120 :: 		for (j = 127; j >= 1; j= j-2) {
0x02F0	0x0E02      	MOVLW       2
0x02F2	0x5F79      	SUBWF       _j, 1, 1
0x02F4	0x0E00      	MOVLW       0
0x02F6	0x5B7A      	SUBWFB      _j+1, 1, 1
;for_loop_control.c,123 :: 		}
0x02F8	0xD7E2      	BRA         L_only_odds36
L_only_odds37:
;for_loop_control.c,124 :: 		}
L_end_only_odds:
0x02FA	0x0012      	RETURN      0
; end of _only_odds
_default_pattern:
;for_loop_control.c,58 :: 		void default_pattern() {
;for_loop_control.c,59 :: 		for (j = 1; j <= 128; j = j+2) {
0x02FC	0x0E01      	MOVLW       1
0x02FE	0x0100      	MOVLB       0
0x0300	0x6F79      	MOVWF       _j, 1
0x0302	0x0E00      	MOVLW       0
0x0304	0x6F7A      	MOVWF       _j+1, 1
L_default_pattern0:
0x0306	0x0E80      	MOVLW       128
0x0308	0x6E00      	MOVWF       R0 
0x030A	0x0E80      	MOVLW       128
0x030C	0x197A      	XORWF       _j+1, 0, 1
0x030E	0x5C00      	SUBWF       R0, 0 
0x0310	0xE102      	BNZ         L__default_pattern52
0x0312	0x5179      	MOVF        _j, 0, 1
0x0314	0x0880      	SUBLW       128
L__default_pattern52:
0x0316	0xE315      	BNC         L_default_pattern1
;for_loop_control.c,60 :: 		PORTC = j;
0x0318	0xFF82C079  	MOVFF       _j, PORTC
;for_loop_control.c,61 :: 		delay_ms(500);
0x031C	0x0E06      	MOVLW       6
0x031E	0x6E0B      	MOVWF       R11, 0
0x0320	0x0E13      	MOVLW       19
0x0322	0x6E0C      	MOVWF       R12, 0
0x0324	0x0EAD      	MOVLW       173
0x0326	0x6E0D      	MOVWF       R13, 0
L_default_pattern3:
0x0328	0x2E0D      	DECFSZ      R13, 1, 0
0x032A	0xD7FE      	BRA         L_default_pattern3
0x032C	0x2E0C      	DECFSZ      R12, 1, 0
0x032E	0xD7FC      	BRA         L_default_pattern3
0x0330	0x2E0B      	DECFSZ      R11, 1, 0
0x0332	0xD7FA      	BRA         L_default_pattern3
0x0334	0x0000      	NOP
0x0336	0x0000      	NOP
;for_loop_control.c,59 :: 		for (j = 1; j <= 128; j = j+2) {
0x0338	0x0E02      	MOVLW       2
0x033A	0x2779      	ADDWF       _j, 1, 1
0x033C	0x0E00      	MOVLW       0
0x033E	0x237A      	ADDWFC      _j+1, 1, 1
;for_loop_control.c,62 :: 		}
0x0340	0xD7E2      	BRA         L_default_pattern0
L_default_pattern1:
;for_loop_control.c,64 :: 		for (j = 128; j >= 1; j= j/2) {
0x0342	0x0E80      	MOVLW       128
0x0344	0x6F79      	MOVWF       _j, 1
0x0346	0x0E00      	MOVLW       0
0x0348	0x6F7A      	MOVWF       _j+1, 1
L_default_pattern4:
0x034A	0x0E80      	MOVLW       128
0x034C	0x197A      	XORWF       _j+1, 0, 1
0x034E	0x6E00      	MOVWF       R0 
0x0350	0x0E80      	MOVLW       128
0x0352	0x5C00      	SUBWF       R0, 0 
0x0354	0xE102      	BNZ         L__default_pattern53
0x0356	0x0E01      	MOVLW       1
0x0358	0x5D79      	SUBWF       _j, 0, 1
L__default_pattern53:
0x035A	0xE31B      	BNC         L_default_pattern5
;for_loop_control.c,65 :: 		PORTC = j;
0x035C	0xFF82C079  	MOVFF       _j, PORTC
;for_loop_control.c,66 :: 		delay_ms(500);
0x0360	0x0E06      	MOVLW       6
0x0362	0x6E0B      	MOVWF       R11, 0
0x0364	0x0E13      	MOVLW       19
0x0366	0x6E0C      	MOVWF       R12, 0
0x0368	0x0EAD      	MOVLW       173
0x036A	0x6E0D      	MOVWF       R13, 0
L_default_pattern7:
0x036C	0x2E0D      	DECFSZ      R13, 1, 0
0x036E	0xD7FE      	BRA         L_default_pattern7
0x0370	0x2E0C      	DECFSZ      R12, 1, 0
0x0372	0xD7FC      	BRA         L_default_pattern7
0x0374	0x2E0B      	DECFSZ      R11, 1, 0
0x0376	0xD7FA      	BRA         L_default_pattern7
0x0378	0x0000      	NOP
0x037A	0x0000      	NOP
;for_loop_control.c,64 :: 		for (j = 128; j >= 1; j= j/2) {
0x037C	0x337A      	RRCF        _j+1, 1, 1
0x037E	0x3379      	RRCF        _j, 1, 1
0x0380	0x9F7A      	BCF         _j+1, 7, 1
0x0382	0xBD7A      	BTFSC       _j+1, 6, 1
0x0384	0x8F7A      	BSF         _j+1, 7, 1
0x0386	0xAF7A      	BTFSS       _j+1, 7, 1
0x0388	0xD003      	BRA         L__default_pattern54
0x038A	0xE302      	BNC         L__default_pattern54
0x038C	0x4B79      	INFSNZ      _j, 1, 1
0x038E	0x2B7A      	INCF        _j+1, 1, 1
L__default_pattern54:
;for_loop_control.c,67 :: 		}
0x0390	0xD7DC      	BRA         L_default_pattern4
L_default_pattern5:
;for_loop_control.c,68 :: 		}
L_end_default_pattern:
0x0392	0x0012      	RETURN      0
; end of _default_pattern
_lcd_display_prep:
;for_loop_control.c,37 :: 		void lcd_display_prep() {
;for_loop_control.c,38 :: 		ANSELB = 0;                        // Configure PORTB pins as digital
0x0394	0x010F      	MOVLB       15
0x0396	0x6B39      	CLRF        ANSELB, 1
;for_loop_control.c,39 :: 		Lcd_Init();                        // Initialize Lcd
0x0398	0xDED9      	RCALL       _Lcd_Init
;for_loop_control.c,40 :: 		Lcd_Cmd(_LCD_CLEAR);               // Clear display
0x039A	0x0E01      	MOVLW       1
0x039C	0x6F84      	MOVWF       FARG_Lcd_Cmd_out_char, 1
0x039E	0xDE51      	RCALL       _Lcd_Cmd
;for_loop_control.c,41 :: 		Lcd_Cmd(_LCD_CURSOR_OFF);          // Cursor off
0x03A0	0x0E0C      	MOVLW       12
0x03A2	0x6F84      	MOVWF       FARG_Lcd_Cmd_out_char, 1
0x03A4	0xDE4E      	RCALL       _Lcd_Cmd
;for_loop_control.c,42 :: 		}
L_end_lcd_display_prep:
0x03A6	0x0012      	RETURN      0
; end of _lcd_display_prep
___CC2DW:
;__Lib_System.c,21 :: 		
;__Lib_System.c,23 :: 		
_CC2DL_Loop1:
;__Lib_System.c,24 :: 		
0x03A8	0x0009      	TBLRD*+
;__Lib_System.c,25 :: 		
0x03AA	0xFFE6CFF5  	MOVFF       TABLAT, POSTINC1
;__Lib_System.c,26 :: 		
0x03AE	0x0600      	DECF        R0, 1, 0
;__Lib_System.c,27 :: 		
0x03B0	0xE1FB      	BNZ         _CC2DL_Loop1
;__Lib_System.c,28 :: 		
0x03B2	0x0601      	DECF        R1, 1, 0
;__Lib_System.c,29 :: 		
0x03B4	0xE1F9      	BNZ         _CC2DL_Loop1
;__Lib_System.c,31 :: 		
L_end___CC2DW:
0x03B6	0x0012      	RETURN      0
; end of ___CC2DW
_lcd_display_out:
;for_loop_control.c,45 :: 		void lcd_display_out(char first_line, char second_line) {
;for_loop_control.c,46 :: 		Lcd_Cmd(_LCD_CLEAR);               // Clear display
0x03B8	0x0E01      	MOVLW       1
0x03BA	0x0100      	MOVLB       0
0x03BC	0x6F84      	MOVWF       FARG_Lcd_Cmd_out_char, 1
0x03BE	0xDE41      	RCALL       _Lcd_Cmd
;for_loop_control.c,47 :: 		Lcd_Out(1,1,first_line);                 // Write text in first row
0x03C0	0x0E01      	MOVLW       1
0x03C2	0x6F7E      	MOVWF       FARG_Lcd_Out_row, 1
0x03C4	0x0E01      	MOVLW       1
0x03C6	0x6F7F      	MOVWF       FARG_Lcd_Out_column, 1
0x03C8	0xF080C07C  	MOVFF       FARG_lcd_display_out_first_line, FARG_Lcd_Out_text
0x03CC	0x0E00      	MOVLW       0
0x03CE	0x6F81      	MOVWF       FARG_Lcd_Out_text+1, 1
0x03D0	0xDE7E      	RCALL       _Lcd_Out
;for_loop_control.c,49 :: 		Lcd_Out(2,1,second_line);                 // Write text in second row
0x03D2	0x0E02      	MOVLW       2
0x03D4	0x6F7E      	MOVWF       FARG_Lcd_Out_row, 1
0x03D6	0x0E01      	MOVLW       1
0x03D8	0x6F7F      	MOVWF       FARG_Lcd_Out_column, 1
0x03DA	0xF080C07D  	MOVFF       FARG_lcd_display_out_second_line, FARG_Lcd_Out_text
0x03DE	0x0E00      	MOVLW       0
0x03E0	0x6F81      	MOVWF       FARG_Lcd_Out_text+1, 1
0x03E2	0xDE75      	RCALL       _Lcd_Out
;for_loop_control.c,50 :: 		}
L_end_lcd_display_out:
0x03E4	0x0012      	RETURN      0
; end of _lcd_display_out
_binary_count_up:
;for_loop_control.c,71 :: 		void binary_count_up() {
;for_loop_control.c,72 :: 		for (j = 1; j <= 128; j = j++) {
0x03E6	0x0E01      	MOVLW       1
0x03E8	0x0100      	MOVLB       0
0x03EA	0x6F79      	MOVWF       _j, 1
0x03EC	0x0E00      	MOVLW       0
0x03EE	0x6F7A      	MOVWF       _j+1, 1
L_binary_count_up8:
0x03F0	0x0E80      	MOVLW       128
0x03F2	0x6E00      	MOVWF       R0 
0x03F4	0x0E80      	MOVLW       128
0x03F6	0x197A      	XORWF       _j+1, 0, 1
0x03F8	0x5C00      	SUBWF       R0, 0 
0x03FA	0xE102      	BNZ         L__binary_count_up56
0x03FC	0x5179      	MOVF        _j, 0, 1
0x03FE	0x0880      	SUBLW       128
L__binary_count_up56:
0x0400	0xE311      	BNC         L_binary_count_up9
;for_loop_control.c,73 :: 		PORTC = j;
0x0402	0xFF82C079  	MOVFF       _j, PORTC
;for_loop_control.c,74 :: 		delay_ms(469);  // close as i can get to the cycle being exactly 60s
0x0406	0x0E05      	MOVLW       5
0x0408	0x6E0B      	MOVWF       R11, 0
0x040A	0x0EC3      	MOVLW       195
0x040C	0x6E0C      	MOVWF       R12, 0
0x040E	0x0E29      	MOVLW       41
0x0410	0x6E0D      	MOVWF       R13, 0
L_binary_count_up11:
0x0412	0x2E0D      	DECFSZ      R13, 1, 0
0x0414	0xD7FE      	BRA         L_binary_count_up11
0x0416	0x2E0C      	DECFSZ      R12, 1, 0
0x0418	0xD7FC      	BRA         L_binary_count_up11
0x041A	0x2E0B      	DECFSZ      R11, 1, 0
0x041C	0xD7FA      	BRA         L_binary_count_up11
;for_loop_control.c,72 :: 		for (j = 1; j <= 128; j = j++) {
0x041E	0x4B79      	INFSNZ      _j, 1, 1
0x0420	0x2B7A      	INCF        _j+1, 1, 1
;for_loop_control.c,75 :: 		}
0x0422	0xD7E6      	BRA         L_binary_count_up8
L_binary_count_up9:
;for_loop_control.c,76 :: 		}
L_end_binary_count_up:
0x0424	0x0012      	RETURN      0
; end of _binary_count_up
_binary_count_down:
;for_loop_control.c,79 :: 		void binary_count_down() {
;for_loop_control.c,80 :: 		for (j = 128; j >= 1; j= j--) {
0x0426	0x0E80      	MOVLW       128
0x0428	0x0100      	MOVLB       0
0x042A	0x6F79      	MOVWF       _j, 1
0x042C	0x0E00      	MOVLW       0
0x042E	0x6F7A      	MOVWF       _j+1, 1
L_binary_count_down12:
0x0430	0x0E80      	MOVLW       128
0x0432	0x197A      	XORWF       _j+1, 0, 1
0x0434	0x6E00      	MOVWF       R0 
0x0436	0x0E80      	MOVLW       128
0x0438	0x5C00      	SUBWF       R0, 0 
0x043A	0xE102      	BNZ         L__binary_count_down58
0x043C	0x0E01      	MOVLW       1
0x043E	0x5D79      	SUBWF       _j, 0, 1
L__binary_count_down58:
0x0440	0xE313      	BNC         L_binary_count_down13
;for_loop_control.c,81 :: 		PORTC = j;
0x0442	0xFF82C079  	MOVFF       _j, PORTC
;for_loop_control.c,82 :: 		delay_ms(469);
0x0446	0x0E05      	MOVLW       5
0x0448	0x6E0B      	MOVWF       R11, 0
0x044A	0x0EC3      	MOVLW       195
0x044C	0x6E0C      	MOVWF       R12, 0
0x044E	0x0E29      	MOVLW       41
0x0450	0x6E0D      	MOVWF       R13, 0
L_binary_count_down15:
0x0452	0x2E0D      	DECFSZ      R13, 1, 0
0x0454	0xD7FE      	BRA         L_binary_count_down15
0x0456	0x2E0C      	DECFSZ      R12, 1, 0
0x0458	0xD7FC      	BRA         L_binary_count_down15
0x045A	0x2E0B      	DECFSZ      R11, 1, 0
0x045C	0xD7FA      	BRA         L_binary_count_down15
;for_loop_control.c,80 :: 		for (j = 128; j >= 1; j= j--) {
0x045E	0x0E01      	MOVLW       1
0x0460	0x5F79      	SUBWF       _j, 1, 1
0x0462	0x0E00      	MOVLW       0
0x0464	0x5B7A      	SUBWFB      _j+1, 1, 1
;for_loop_control.c,83 :: 		}
0x0466	0xD7E4      	BRA         L_binary_count_down12
L_binary_count_down13:
;for_loop_control.c,84 :: 		}
L_end_binary_count_down:
0x0468	0x0012      	RETURN      0
; end of _binary_count_down
_knight_rider:
;for_loop_control.c,87 :: 		void knight_rider() {
;for_loop_control.c,88 :: 		for (j = 1; j <= 128; j = j*2) {
0x046A	0x0E01      	MOVLW       1
0x046C	0x0100      	MOVLB       0
0x046E	0x6F79      	MOVWF       _j, 1
0x0470	0x0E00      	MOVLW       0
0x0472	0x6F7A      	MOVWF       _j+1, 1
L_knight_rider16:
0x0474	0x0E80      	MOVLW       128
0x0476	0x6E00      	MOVWF       R0 
0x0478	0x0E80      	MOVLW       128
0x047A	0x197A      	XORWF       _j+1, 0, 1
0x047C	0x5C00      	SUBWF       R0, 0 
0x047E	0xE102      	BNZ         L__knight_rider60
0x0480	0x5179      	MOVF        _j, 0, 1
0x0482	0x0880      	SUBLW       128
L__knight_rider60:
0x0484	0xE30F      	BNC         L_knight_rider17
;for_loop_control.c,89 :: 		PORTC = j;
0x0486	0xFF82C079  	MOVFF       _j, PORTC
;for_loop_control.c,90 :: 		delay_ms(8);
0x048A	0x0E15      	MOVLW       21
0x048C	0x6E0C      	MOVWF       R12, 0
0x048E	0x0EC6      	MOVLW       198
0x0490	0x6E0D      	MOVWF       R13, 0
L_knight_rider19:
0x0492	0x2E0D      	DECFSZ      R13, 1, 0
0x0494	0xD7FE      	BRA         L_knight_rider19
0x0496	0x2E0C      	DECFSZ      R12, 1, 0
0x0498	0xD7FC      	BRA         L_knight_rider19
0x049A	0x0000      	NOP
;for_loop_control.c,88 :: 		for (j = 1; j <= 128; j = j*2) {
0x049C	0x3779      	RLCF        _j, 1, 1
0x049E	0x9179      	BCF         _j, 0, 1
0x04A0	0x377A      	RLCF        _j+1, 1, 1
;for_loop_control.c,91 :: 		}
0x04A2	0xD7E8      	BRA         L_knight_rider16
L_knight_rider17:
;for_loop_control.c,93 :: 		for (j = 128; j >= 1; j= j/2) {
0x04A4	0x0E80      	MOVLW       128
0x04A6	0x6F79      	MOVWF       _j, 1
0x04A8	0x0E00      	MOVLW       0
0x04AA	0x6F7A      	MOVWF       _j+1, 1
L_knight_rider20:
0x04AC	0x0E80      	MOVLW       128
0x04AE	0x197A      	XORWF       _j+1, 0, 1
0x04B0	0x6E00      	MOVWF       R0 
0x04B2	0x0E80      	MOVLW       128
0x04B4	0x5C00      	SUBWF       R0, 0 
0x04B6	0xE102      	BNZ         L__knight_rider61
0x04B8	0x0E01      	MOVLW       1
0x04BA	0x5D79      	SUBWF       _j, 0, 1
L__knight_rider61:
0x04BC	0xE316      	BNC         L_knight_rider21
;for_loop_control.c,94 :: 		PORTC = j;
0x04BE	0xFF82C079  	MOVFF       _j, PORTC
;for_loop_control.c,95 :: 		delay_ms(8);
0x04C2	0x0E15      	MOVLW       21
0x04C4	0x6E0C      	MOVWF       R12, 0
0x04C6	0x0EC6      	MOVLW       198
0x04C8	0x6E0D      	MOVWF       R13, 0
L_knight_rider23:
0x04CA	0x2E0D      	DECFSZ      R13, 1, 0
0x04CC	0xD7FE      	BRA         L_knight_rider23
0x04CE	0x2E0C      	DECFSZ      R12, 1, 0
0x04D0	0xD7FC      	BRA         L_knight_rider23
0x04D2	0x0000      	NOP
;for_loop_control.c,93 :: 		for (j = 128; j >= 1; j= j/2) {
0x04D4	0x337A      	RRCF        _j+1, 1, 1
0x04D6	0x3379      	RRCF        _j, 1, 1
0x04D8	0x9F7A      	BCF         _j+1, 7, 1
0x04DA	0xBD7A      	BTFSC       _j+1, 6, 1
0x04DC	0x8F7A      	BSF         _j+1, 7, 1
0x04DE	0xAF7A      	BTFSS       _j+1, 7, 1
0x04E0	0xD003      	BRA         L__knight_rider62
0x04E2	0xE302      	BNC         L__knight_rider62
0x04E4	0x4B79      	INFSNZ      _j, 1, 1
0x04E6	0x2B7A      	INCF        _j+1, 1, 1
L__knight_rider62:
;for_loop_control.c,96 :: 		}
0x04E8	0xD7E1      	BRA         L_knight_rider20
L_knight_rider21:
;for_loop_control.c,97 :: 		}
L_end_knight_rider:
0x04EA	0x0012      	RETURN      0
; end of _knight_rider
_main:
0x04EC	0xF003EC35  	CALL        1642, 0
;for_loop_control.c,127 :: 		void main() {
;for_loop_control.c,128 :: 		lcd_display_prep();
0x04F0	0xDF51      	RCALL       _lcd_display_prep
;for_loop_control.c,129 :: 		lcd_display_out(txt1, signature);
0x04F2	0x0E3E      	MOVLW       _txt1
0x04F4	0x6F7C      	MOVWF       FARG_lcd_display_out_first_line, 1
0x04F6	0x0E2F      	MOVLW       _signature
0x04F8	0x6F7D      	MOVWF       FARG_lcd_display_out_second_line, 1
0x04FA	0xDF5E      	RCALL       _lcd_display_out
;for_loop_control.c,132 :: 		TRISC = 0x00;
0x04FC	0x6A94      	CLRF        TRISC 
;for_loop_control.c,133 :: 		PORTC = 0x00;
0x04FE	0x6A82      	CLRF        PORTC 
;for_loop_control.c,135 :: 		delay_ms(2000); // wait for plug
0x0500	0x0E15      	MOVLW       21
0x0502	0x6E0B      	MOVWF       R11, 0
0x0504	0x0E4B      	MOVLW       75
0x0506	0x6E0C      	MOVWF       R12, 0
0x0508	0x0EBE      	MOVLW       190
0x050A	0x6E0D      	MOVWF       R13, 0
L_main40:
0x050C	0x2E0D      	DECFSZ      R13, 1, 0
0x050E	0xD7FE      	BRA         L_main40
0x0510	0x2E0C      	DECFSZ      R12, 1, 0
0x0512	0xD7FC      	BRA         L_main40
0x0514	0x2E0B      	DECFSZ      R11, 1, 0
0x0516	0xD7FA      	BRA         L_main40
0x0518	0x0000      	NOP
;for_loop_control.c,137 :: 		while(1) {
L_main41:
;for_loop_control.c,138 :: 		PORTC = 0x00; // reset output each loop
0x051A	0x6A82      	CLRF        PORTC 
;for_loop_control.c,140 :: 		lcd_display_out(txt1, txt2);
0x051C	0x0E3E      	MOVLW       _txt1
0x051E	0x6F7C      	MOVWF       FARG_lcd_display_out_first_line, 1
0x0520	0x0E15      	MOVLW       _txt2
0x0522	0x6F7D      	MOVWF       FARG_lcd_display_out_second_line, 1
0x0524	0xDF49      	RCALL       _lcd_display_out
;for_loop_control.c,141 :: 		default_pattern();
0x0526	0xDEEA      	RCALL       _default_pattern
;for_loop_control.c,142 :: 		PORTC = 0x00;
0x0528	0x6A82      	CLRF        PORTC 
;for_loop_control.c,143 :: 		delay_ms(2000);
0x052A	0x0E15      	MOVLW       21
0x052C	0x6E0B      	MOVWF       R11, 0
0x052E	0x0E4B      	MOVLW       75
0x0530	0x6E0C      	MOVWF       R12, 0
0x0532	0x0EBE      	MOVLW       190
0x0534	0x6E0D      	MOVWF       R13, 0
L_main43:
0x0536	0x2E0D      	DECFSZ      R13, 1, 0
0x0538	0xD7FE      	BRA         L_main43
0x053A	0x2E0C      	DECFSZ      R12, 1, 0
0x053C	0xD7FC      	BRA         L_main43
0x053E	0x2E0B      	DECFSZ      R11, 1, 0
0x0540	0xD7FA      	BRA         L_main43
0x0542	0x0000      	NOP
;for_loop_control.c,145 :: 		lcd_display_out(txt1, txt3);
0x0544	0x0E3E      	MOVLW       _txt1
0x0546	0x6F7C      	MOVWF       FARG_lcd_display_out_first_line, 1
0x0548	0x0E25      	MOVLW       _txt3
0x054A	0x6F7D      	MOVWF       FARG_lcd_display_out_second_line, 1
0x054C	0xDF35      	RCALL       _lcd_display_out
;for_loop_control.c,146 :: 		binary_count_up();
0x054E	0xDF4B      	RCALL       _binary_count_up
;for_loop_control.c,147 :: 		delay_ms(2000);
0x0550	0x0E15      	MOVLW       21
0x0552	0x6E0B      	MOVWF       R11, 0
0x0554	0x0E4B      	MOVLW       75
0x0556	0x6E0C      	MOVWF       R12, 0
0x0558	0x0EBE      	MOVLW       190
0x055A	0x6E0D      	MOVWF       R13, 0
L_main44:
0x055C	0x2E0D      	DECFSZ      R13, 1, 0
0x055E	0xD7FE      	BRA         L_main44
0x0560	0x2E0C      	DECFSZ      R12, 1, 0
0x0562	0xD7FC      	BRA         L_main44
0x0564	0x2E0B      	DECFSZ      R11, 1, 0
0x0566	0xD7FA      	BRA         L_main44
0x0568	0x0000      	NOP
;for_loop_control.c,149 :: 		lcd_display_out(txt1, txt4);
0x056A	0x0E3E      	MOVLW       _txt1
0x056C	0x6F7C      	MOVWF       FARG_lcd_display_out_first_line, 1
0x056E	0x0E4B      	MOVLW       _txt4
0x0570	0x6F7D      	MOVWF       FARG_lcd_display_out_second_line, 1
0x0572	0xDF22      	RCALL       _lcd_display_out
;for_loop_control.c,150 :: 		binary_count_down();
0x0574	0xDF58      	RCALL       _binary_count_down
;for_loop_control.c,151 :: 		delay_ms(2000);
0x0576	0x0E15      	MOVLW       21
0x0578	0x6E0B      	MOVWF       R11, 0
0x057A	0x0E4B      	MOVLW       75
0x057C	0x6E0C      	MOVWF       R12, 0
0x057E	0x0EBE      	MOVLW       190
0x0580	0x6E0D      	MOVWF       R13, 0
L_main45:
0x0582	0x2E0D      	DECFSZ      R13, 1, 0
0x0584	0xD7FE      	BRA         L_main45
0x0586	0x2E0C      	DECFSZ      R12, 1, 0
0x0588	0xD7FC      	BRA         L_main45
0x058A	0x2E0B      	DECFSZ      R11, 1, 0
0x058C	0xD7FA      	BRA         L_main45
0x058E	0x0000      	NOP
;for_loop_control.c,153 :: 		lcd_display_out(txt1, txt5);
0x0590	0x0E3E      	MOVLW       _txt1
0x0592	0x6F7C      	MOVWF       FARG_lcd_display_out_first_line, 1
0x0594	0x0E61      	MOVLW       _txt5
0x0596	0x6F7D      	MOVWF       FARG_lcd_display_out_second_line, 1
0x0598	0xDF0F      	RCALL       _lcd_display_out
;for_loop_control.c,154 :: 		knight_rider();
0x059A	0xDF67      	RCALL       _knight_rider
;for_loop_control.c,155 :: 		delay_ms(2000);
0x059C	0x0E15      	MOVLW       21
0x059E	0x6E0B      	MOVWF       R11, 0
0x05A0	0x0E4B      	MOVLW       75
0x05A2	0x6E0C      	MOVWF       R12, 0
0x05A4	0x0EBE      	MOVLW       190
0x05A6	0x6E0D      	MOVWF       R13, 0
L_main46:
0x05A8	0x2E0D      	DECFSZ      R13, 1, 0
0x05AA	0xD7FE      	BRA         L_main46
0x05AC	0x2E0C      	DECFSZ      R12, 1, 0
0x05AE	0xD7FC      	BRA         L_main46
0x05B0	0x2E0B      	DECFSZ      R11, 1, 0
0x05B2	0xD7FA      	BRA         L_main46
0x05B4	0x0000      	NOP
;for_loop_control.c,157 :: 		lcd_display_out(txt1, txt6);
0x05B6	0x0E3E      	MOVLW       _txt1
0x05B8	0x6F7C      	MOVWF       FARG_lcd_display_out_first_line, 1
0x05BA	0x0E6E      	MOVLW       _txt6
0x05BC	0x6F7D      	MOVWF       FARG_lcd_display_out_second_line, 1
0x05BE	0xDEFC      	RCALL       _lcd_display_out
;for_loop_control.c,158 :: 		only_evens();
0x05C0	0xDE11      	RCALL       _only_evens
;for_loop_control.c,159 :: 		delay_ms(2000);
0x05C2	0x0E15      	MOVLW       21
0x05C4	0x6E0B      	MOVWF       R11, 0
0x05C6	0x0E4B      	MOVLW       75
0x05C8	0x6E0C      	MOVWF       R12, 0
0x05CA	0x0EBE      	MOVLW       190
0x05CC	0x6E0D      	MOVWF       R13, 0
L_main47:
0x05CE	0x2E0D      	DECFSZ      R13, 1, 0
0x05D0	0xD7FE      	BRA         L_main47
0x05D2	0x2E0C      	DECFSZ      R12, 1, 0
0x05D4	0xD7FC      	BRA         L_main47
0x05D6	0x2E0B      	DECFSZ      R11, 1, 0
0x05D8	0xD7FA      	BRA         L_main47
0x05DA	0x0000      	NOP
;for_loop_control.c,161 :: 		lcd_display_out(txt1, txt7);
0x05DC	0x0E3E      	MOVLW       _txt1
0x05DE	0x6F7C      	MOVWF       FARG_lcd_display_out_first_line, 1
0x05E0	0x0E57      	MOVLW       _txt7
0x05E2	0x6F7D      	MOVWF       FARG_lcd_display_out_second_line, 1
0x05E4	0xDEE9      	RCALL       _lcd_display_out
;for_loop_control.c,162 :: 		only_odds();
0x05E6	0xDE44      	RCALL       _only_odds
;for_loop_control.c,163 :: 		delay_ms(2000);
0x05E8	0x0E15      	MOVLW       21
0x05EA	0x6E0B      	MOVWF       R11, 0
0x05EC	0x0E4B      	MOVLW       75
0x05EE	0x6E0C      	MOVWF       R12, 0
0x05F0	0x0EBE      	MOVLW       190
0x05F2	0x6E0D      	MOVWF       R13, 0
L_main48:
0x05F4	0x2E0D      	DECFSZ      R13, 1, 0
0x05F6	0xD7FE      	BRA         L_main48
0x05F8	0x2E0C      	DECFSZ      R12, 1, 0
0x05FA	0xD7FC      	BRA         L_main48
0x05FC	0x2E0B      	DECFSZ      R11, 1, 0
0x05FE	0xD7FA      	BRA         L_main48
0x0600	0x0000      	NOP
;for_loop_control.c,164 :: 		}
0x0602	0xD78B      	BRA         L_main41
;for_loop_control.c,165 :: 		}
L_end_main:
0x0604	0xD7FF      	BRA         $+0
; end of _main
0x066A	0xF015EE10  	LFSR        1, 21
0x066E	0x0E64      	MOVLW       100
0x0670	0x6E00      	MOVWF       R0 
0x0672	0x0E01      	MOVLW       1
0x0674	0x6E01      	MOVWF       R1 
0x0676	0x0E06      	MOVLW       6
0x0678	0x6EF6      	MOVWF       4086 
0x067A	0x0E06      	MOVLW       6
0x067C	0x6EF7      	MOVWF       TBLPTRH 
0x067E	0x0E00      	MOVLW       0
0x0680	0x6EF8      	MOVWF       TBLPTRU 
0x0682	0xF001ECD4  	CALL        936, 0
0x0686	0x0012      	RETURN      0
;for_loop_control.c,0 :: ?ICS_txt2
0x0606	0x6544 ;?ICS_txt2+0
0x0608	0x6166 ;?ICS_txt2+2
0x060A	0x6C75 ;?ICS_txt2+4
0x060C	0x2074 ;?ICS_txt2+6
0x060E	0x6150 ;?ICS_txt2+8
0x0610	0x7474 ;?ICS_txt2+10
0x0612	0x7265 ;?ICS_txt2+12
0x0614	0x006E ;?ICS_txt2+14
; end of ?ICS_txt2
;for_loop_control.c,0 :: ?ICS_txt3
0x0616	0x6942 ;?ICS_txt3+0
0x0618	0x616E ;?ICS_txt3+2
0x061A	0x7972 ;?ICS_txt3+4
0x061C	0x5520 ;?ICS_txt3+6
0x061E	0x0070 ;?ICS_txt3+8
; end of ?ICS_txt3
;for_loop_control.c,0 :: ?ICS_signature
0x0620	0x7942 ;?ICS_signature+0
0x0622	0x5020 ;?ICS_signature+2
0x0624	0x6E65 ;?ICS_signature+4
0x0626	0x796E ;?ICS_signature+6
0x0628	0x4220 ;?ICS_signature+8
0x062A	0x6C65 ;?ICS_signature+10
0x062C	0x656C ;?ICS_signature+12
0x062E	0x00 ;?ICS_signature+14
; end of ?ICS_signature
;for_loop_control.c,0 :: ?ICS_txt1
0x062F	0x6F46 ;?ICS_txt1+0
0x0631	0x2072 ;?ICS_txt1+2
0x0633	0x6F4C ;?ICS_txt1+4
0x0635	0x706F ;?ICS_txt1+6
0x0637	0x2173 ;?ICS_txt1+8
0x0639	0x2121 ;?ICS_txt1+10
0x063B	0x00 ;?ICS_txt1+12
; end of ?ICS_txt1
;for_loop_control.c,0 :: ?ICS_txt4
0x063C	0x6942 ;?ICS_txt4+0
0x063E	0x616E ;?ICS_txt4+2
0x0640	0x7972 ;?ICS_txt4+4
0x0642	0x4420 ;?ICS_txt4+6
0x0644	0x776F ;?ICS_txt4+8
0x0646	0x006E ;?ICS_txt4+10
; end of ?ICS_txt4
;for_loop_control.c,0 :: ?ICS_txt7
0x0648	0x6E4F ;?ICS_txt7+0
0x064A	0x796C ;?ICS_txt7+2
0x064C	0x4F20 ;?ICS_txt7+4
0x064E	0x6464 ;?ICS_txt7+6
0x0650	0x0073 ;?ICS_txt7+8
; end of ?ICS_txt7
;for_loop_control.c,0 :: ?ICS_txt5
0x0652	0x6E4B ;?ICS_txt5+0
0x0654	0x6769 ;?ICS_txt5+2
0x0656	0x7468 ;?ICS_txt5+4
0x0658	0x5220 ;?ICS_txt5+6
0x065A	0x6469 ;?ICS_txt5+8
0x065C	0x7265 ;?ICS_txt5+10
0x065E	0x00 ;?ICS_txt5+12
; end of ?ICS_txt5
;for_loop_control.c,0 :: ?ICS_txt6
0x065F	0x6E4F ;?ICS_txt6+0
0x0661	0x796C ;?ICS_txt6+2
0x0663	0x4520 ;?ICS_txt6+4
0x0665	0x6576 ;?ICS_txt6+6
0x0667	0x736E ;?ICS_txt6+8
0x0669	0x00 ;?ICS_txt6+10
; end of ?ICS_txt6
Symbol List:
//** Routines locations **
//ADDRESS    SIZE    PROCEDURE
//----------------------------------------------
0x001C      [10]    _Delay_50us
0x0026      [22]    _Delay_5500us
0x003C       [6]    _Delay_1us
0x0042     [126]    _Lcd_Cmd
0x00C0      [14]    _Lcd_Chr_CP
0x00CE     [126]    _Lcd_Out
0x014C     [152]    _Lcd_Init
0x01E4     [140]    _only_evens
0x0270     [140]    _only_odds
0x02FC     [152]    _default_pattern
0x0394      [20]    _lcd_display_prep
0x03A8      [16]    ___CC2DW
0x03B8      [46]    _lcd_display_out
0x03E6      [64]    _binary_count_up
0x0426      [68]    _binary_count_down
0x046A     [130]    _knight_rider
0x04EC     [282]    _main
//** Variables locations ** 
//ADDRESS    SIZE    VARIABLE
//----------------------------------------------
0x0000       [1]    R0
0x0001       [1]    R1
0x0002       [1]    R2
0x0003       [1]    R3
0x0004       [1]    R4
0x0005       [1]    R5
0x0006       [1]    R6
0x0007       [1]    R7
0x0008       [1]    R8
0x0009       [1]    R9
0x000A       [1]    R10
0x000B       [1]    R11
0x000C       [1]    R12
0x000D       [1]    R13
0x000E       [1]    R14
0x000F       [1]    R15
0x0010       [1]    R16
0x0011       [1]    R17
0x0012       [1]    R18
0x0013       [1]    R19
0x0014       [1]    R20
0x0015      [16]    _txt2
0x0025      [10]    _txt3
0x002F      [15]    _signature
0x003E      [13]    _txt1
0x004B      [12]    _txt4
0x0057      [10]    _txt7
0x0061      [13]    _txt5
0x006E      [11]    _txt6
0x0079       [2]    _j
0x007B       [0]    __Lib_Lcd_cmd_status
0x007C       [1]    FARG_lcd_display_out_first_line
0x007D       [1]    FARG_lcd_display_out_second_line
0x007E       [1]    FARG_Lcd_Out_row
0x007F       [1]    FARG_Lcd_Out_column
0x0080       [2]    FARG_Lcd_Out_text
0x0082       [1]    Lcd_Out_i_L0
0x0083       [1]    FARG_Lcd_Chr_CP_out_char
0x0084       [1]    FARG_Lcd_Cmd_out_char
0x0F39       [1]    ANSELB
0x0F82       [1]    PORTC
0x0F8A       [0]    LCD_RS
0x0F8A       [0]    LATB2_bit
0x0F8A       [0]    LCD_D5
0x0F8A       [0]    LCD_D6
0x0F8A       [0]    LCD_D7
0x0F8A       [0]    LATB0_bit
0x0F8A       [0]    LATB1_bit
0x0F8A       [0]    LCD_EN
0x0F8A       [0]    LCD_D4
0x0F8A       [0]    LATB3_bit
0x0F8A       [0]    LATB4_bit
0x0F8A       [0]    LATB5_bit
0x0F93       [0]    LCD_D5_Direction
0x0F93       [0]    LCD_D7_Direction
0x0F93       [0]    LCD_D6_Direction
0x0F93       [0]    TRISB5_bit
0x0F93       [0]    TRISB3_bit
0x0F93       [0]    TRISB2_bit
0x0F93       [0]    TRISB1_bit
0x0F93       [0]    TRISB0_bit
0x0F93       [0]    LCD_EN_Direction
0x0F93       [0]    LCD_D4_Direction
0x0F93       [0]    TRISB4_bit
0x0F93       [0]    LCD_RS_Direction
0x0F94       [1]    TRISC
0x0FD8       [1]    STATUS
0x0FD9       [1]    FSR2L
0x0FDA       [1]    FSR2H
0x0FDE       [1]    POSTINC2
0x0FE0       [1]    BSR
0x0FE1       [1]    FSR1L
0x0FE2       [1]    FSR1H
0x0FE4       [1]    PREINC1
0x0FE6       [1]    POSTINC1
0x0FE7       [1]    INDF1
0x0FE8       [1]    WREG
0x0FE9       [1]    FSR0L
0x0FEA       [1]    FSR0H
0x0FEE       [1]    POSTINC0
0x0FF3       [1]    PRODL
0x0FF4       [1]    PRODH
0x0FF5       [1]    TABLAT
0x0FF6       [1]    TBLPTRL
0x0FF7       [1]    TBLPTRH
0x0FF8       [1]    TBLPTRU
//** Constants locations ** 
//ADDRESS    SIZE    CONSTANT
//----------------------------------------------
0x0606      [16]    ?ICS_txt2
0x0616      [10]    ?ICS_txt3
0x0620      [15]    ?ICS_signature
0x062F      [13]    ?ICS_txt1
0x063C      [12]    ?ICS_txt4
0x0648      [10]    ?ICS_txt7
0x0652      [13]    ?ICS_txt5
0x065F      [11]    ?ICS_txt6
