0	1	mikroCPIC1618.exe -MSF -DBG -pP18F45K22 -DL -O11111114 -fo8 -N"C:\Users\michelle\Documents\GitHub\PIC18F45K22\for_loop_control\for_loop_control.mcppi" -SP"C:\Users\Public\Documents\Mikroelektronika\mikroC PRO for PIC\Defs\" -SP"C:\Users\Public\Documents\Mikroelektronika\mikroC PRO for PIC\uses\P18\" -SP"C:\Users\michelle\Documents\GitHub\PIC18F45K22\for_loop_control\" -IP"C:\Users\Public\Documents\Mikroelektronika\mikroC PRO for PIC\uses\P18\" "for_loop_control.c" "Display_Utils.c" "__Lib_Math.mcl" "__Lib_MathDouble.mcl" "__Lib_System.mcl" "__Lib_Delays.mcl" "__Lib_LcdConsts.mcl" "__Lib_Lcd.mcl"	 
hint: 0	1139	Available RAM: 1515 [bytes], Available ROM: 32768 [bytes]	 
hint: 6	1354	 warning: "/*" within comment     /* ************************************************************************** */	C:\Users\michelle\Documents\GitHub\PIC18F45K22\for_loop_control\for_loop_control.c
diagnostics: 0	122	Compilation Started	for_loop_control.c
warning: 47	1508	Implicit conversion of int to ptr	for_loop_control.c
warning: 49	1508	Implicit conversion of int to ptr	for_loop_control.c
warning: 129	1506	Implicit conversion of pointer to int	for_loop_control.c
warning: 129	1506	Implicit conversion of pointer to int	for_loop_control.c
warning: 140	1506	Implicit conversion of pointer to int	for_loop_control.c
warning: 140	1506	Implicit conversion of pointer to int	for_loop_control.c
warning: 145	1506	Implicit conversion of pointer to int	for_loop_control.c
warning: 145	1506	Implicit conversion of pointer to int	for_loop_control.c
warning: 149	1506	Implicit conversion of pointer to int	for_loop_control.c
warning: 149	1506	Implicit conversion of pointer to int	for_loop_control.c
warning: 153	1506	Implicit conversion of pointer to int	for_loop_control.c
warning: 153	1506	Implicit conversion of pointer to int	for_loop_control.c
warning: 157	1506	Implicit conversion of pointer to int	for_loop_control.c
warning: 157	1506	Implicit conversion of pointer to int	for_loop_control.c
warning: 161	1506	Implicit conversion of pointer to int	for_loop_control.c
warning: 161	1506	Implicit conversion of pointer to int	for_loop_control.c
diagnostics: 165	123	Compiled Successfully	for_loop_control.c
diagnostics: 0	122	Compilation Started	Display_Utils.c
diagnostics: 15	123	Compiled Successfully	Display_Utils.c
diagnostics: 0	127	All files Compiled in 171 ms	 
hint: 0	1144	Used RAM (bytes): 111 (7%)  Free RAM (bytes): 1404 (93%)	Used RAM (bytes): 111 (7%)  Free RAM (bytes): 1404 (93%)
hint: 0	1144	Used ROM (bytes): 1672 (5%)  Free ROM (bytes): 31096 (95%)	Used ROM (bytes): 1672 (5%)  Free ROM (bytes): 31096 (95%)
diagnostics: 0	125	Project Linked Successfully	for_loop_control.mcppi
diagnostics: 0	128	Linked in 32 ms	 
diagnostics: 0	129	Project 'for_loop_control.mcppi' completed: 360 ms	 
diagnostics: 0	103	Finished successfully: 22 Apr 2025, 14:39:44	for_loop_control.mcppi
