;  LST file generated by mikroListExporter - v.2.0 
; Date/Time: 3/18/2025 1:48:49 PM
;----------------------------------------------

;Address Opcode 	ASM
0x0000	0xF003EF6C  	GOTO        1752
_interrupt:
;bit_transform.c,46 :: 		void interrupt() {
0x0008	0xF016C000  	MOVFF       R0, 22
0x000C	0xF015C001  	MOVFF       R1, 21
;bit_transform.c,47 :: 		LATA = 0;                             // Turn off all 7seg displays
0x0010	0xF017CFE9  	MOVFF       FSR0L, 23
0x0014	0xF018CFEA  	MOVFF       FSR0H, 24
0x0018	0x6A89      	CLRF        LATA 
;bit_transform.c,48 :: 		LATD = portd_array[portd_index];      // bring appropriate value to PORTD
0x001A	0x0E65      	MOVLW       _portd_array
0x001C	0x6EE9      	MOVWF       FSR0L 
0x001E	0x0E00      	MOVLW       hi_addr(_portd_array)
0x0020	0x6EEA      	MOVWF       FSR0L+1 
0x0022	0x0100      	MOVLB       0
0x0024	0x5169      	MOVF        _portd_index, 0, 1
0x0026	0x26E9      	ADDWF       FSR0L, 1 
0x0028	0xB0D8      	BTFSC       STATUS, 0 
0x002A	0x2AEA      	INCF        FSR0L+1, 1 
0x002C	0xFF8CCFEE  	MOVFF       POSTINC0, LATD
;bit_transform.c,49 :: 		LATA = shifter;                       // turn on appropriate 7seg. display
0x0030	0xFF89C06B  	MOVFF       _shifter, LATA
;bit_transform.c,52 :: 		shifter <<= 1;
0x0034	0xF001C06B  	MOVFF       _shifter, R1
0x0038	0x3601      	RLCF        R1, 1 
0x003A	0x9001      	BCF         R1, 0 
0x003C	0xF06BC001  	MOVFF       R1, _shifter
;bit_transform.c,53 :: 		if (shifter > 8u)
0x0040	0x5001      	MOVF        R1, 0 
0x0042	0x0808      	SUBLW       8
0x0044	0xE202      	BC          L_interrupt0
;bit_transform.c,54 :: 		shifter = 1;
0x0046	0x0E01      	MOVLW       1
0x0048	0x6F6B      	MOVWF       _shifter, 1
L_interrupt0:
;bit_transform.c,57 :: 		portd_index++ ;
0x004A	0x2B69      	INCF        _portd_index, 1, 1
;bit_transform.c,58 :: 		if (portd_index > 3u)
0x004C	0x5169      	MOVF        _portd_index, 0, 1
0x004E	0x0803      	SUBLW       3
0x0050	0xA0D8      	BTFSS       STATUS, 0 
;bit_transform.c,59 :: 		portd_index = 0;             // turn on 1st, turn off 2nd 7seg.
0x0052	0x6B69      	CLRF        _portd_index, 1
L_interrupt1:
;bit_transform.c,60 :: 		TMR0L  =   0;                  // reset TIMER0 value
0x0054	0x6AD6      	CLRF        TMR0L 
;bit_transform.c,61 :: 		TMR0IF_bit = 0;                // Clear TMR0IF
0x0056	0x94F2      	BCF         TMR0IF_bit, BitPos(TMR0IF_bit+0) 
;bit_transform.c,62 :: 		}
L_end_interrupt:
L__interrupt21:
0x0058	0xF000C016  	MOVFF       22, R0
0x005C	0xF001C015  	MOVFF       21, R1
0x0060	0xFFE9C017  	MOVFF       23, FSR0L
0x0064	0xFFEAC018  	MOVFF       24, FSR0H
0x0068	0x0011      	RETFIE      1
; end of _interrupt
_Delay_50us:
;__Lib_Delays.c,19 :: 		void Delay_50us() {
;__Lib_Delays.c,20 :: 		Delay_us(50);
0x006A	0x0E21      	MOVLW       33
0x006C	0x6E0D      	MOVWF       R13, 0
L_Delay_50us2:
0x006E	0x2E0D      	DECFSZ      R13, 1, 0
0x0070	0xD7FE      	BRA         L_Delay_50us2
;__Lib_Delays.c,21 :: 		}
L_end_Delay_50us:
0x0072	0x0012      	RETURN      0
; end of _Delay_50us
_Delay_5500us:
;__Lib_Delays.c,31 :: 		void Delay_5500us() {
;__Lib_Delays.c,32 :: 		Delay_us(5500);
0x0074	0x0E0F      	MOVLW       15
0x0076	0x6E0C      	MOVWF       R12, 0
0x0078	0x0E47      	MOVLW       71
0x007A	0x6E0D      	MOVWF       R13, 0
L_Delay_5500us5:
0x007C	0x2E0D      	DECFSZ      R13, 1, 0
0x007E	0xD7FE      	BRA         L_Delay_5500us5
0x0080	0x2E0C      	DECFSZ      R12, 1, 0
0x0082	0xD7FC      	BRA         L_Delay_5500us5
0x0084	0x0000      	NOP
0x0086	0x0000      	NOP
;__Lib_Delays.c,33 :: 		}
L_end_Delay_5500us:
0x0088	0x0012      	RETURN      0
; end of _Delay_5500us
_Delay_1us:
;__Lib_Delays.c,7 :: 		void Delay_1us() {
;__Lib_Delays.c,8 :: 		Delay_us(1);
0x008A	0x0000      	NOP
0x008C	0x0000      	NOP
;__Lib_Delays.c,9 :: 		}
L_end_Delay_1us:
0x008E	0x0012      	RETURN      0
; end of _Delay_1us
_Lcd_Cmd:
;__Lib_Lcd.c,18 :: 		
;__Lib_Lcd.c,20 :: 		
0x0090	0x0100      	MOVLB       0
0x0092	0xBF75      	BTFSC       FARG_Lcd_Cmd_out_char, 7, 1
0x0094	0xD002      	BRA         L__Lcd_Cmd21
0x0096	0x968A      	BCF         LCD_D7, BitPos(LCD_D7+0) 
0x0098	0xD001      	BRA         L__Lcd_Cmd22
L__Lcd_Cmd21:
0x009A	0x868A      	BSF         LCD_D7, BitPos(LCD_D7+0) 
L__Lcd_Cmd22:
;__Lib_Lcd.c,21 :: 		
0x009C	0xBD75      	BTFSC       FARG_Lcd_Cmd_out_char, 6, 1
0x009E	0xD002      	BRA         L__Lcd_Cmd23
0x00A0	0x948A      	BCF         LCD_D6, BitPos(LCD_D6+0) 
0x00A2	0xD001      	BRA         L__Lcd_Cmd24
L__Lcd_Cmd23:
0x00A4	0x848A      	BSF         LCD_D6, BitPos(LCD_D6+0) 
L__Lcd_Cmd24:
;__Lib_Lcd.c,22 :: 		
0x00A6	0xBB75      	BTFSC       FARG_Lcd_Cmd_out_char, 5, 1
0x00A8	0xD002      	BRA         L__Lcd_Cmd25
0x00AA	0x928A      	BCF         LCD_D5, BitPos(LCD_D5+0) 
0x00AC	0xD001      	BRA         L__Lcd_Cmd26
L__Lcd_Cmd25:
0x00AE	0x828A      	BSF         LCD_D5, BitPos(LCD_D5+0) 
L__Lcd_Cmd26:
;__Lib_Lcd.c,23 :: 		
0x00B0	0xB975      	BTFSC       FARG_Lcd_Cmd_out_char, 4, 1
0x00B2	0xD002      	BRA         L__Lcd_Cmd27
0x00B4	0x908A      	BCF         LCD_D4, BitPos(LCD_D4+0) 
0x00B6	0xD001      	BRA         L__Lcd_Cmd28
L__Lcd_Cmd27:
0x00B8	0x808A      	BSF         LCD_D4, BitPos(LCD_D4+0) 
L__Lcd_Cmd28:
;__Lib_Lcd.c,25 :: 		
0x00BA	0xB16A      	BTFSC       __Lib_Lcd_cmd_status, BitPos(__Lib_Lcd_cmd_status+0), 1
0x00BC	0xD002      	BRA         L__Lcd_Cmd29
0x00BE	0x888A      	BSF         LCD_RS, BitPos(LCD_RS+0) 
0x00C0	0xD001      	BRA         L__Lcd_Cmd30
L__Lcd_Cmd29:
0x00C2	0x988A      	BCF         LCD_RS, BitPos(LCD_RS+0) 
L__Lcd_Cmd30:
;__Lib_Lcd.c,28 :: 		
0x00C4	0x8A8A      	BSF         LCD_EN, BitPos(LCD_EN+0) 
;__Lib_Lcd.c,29 :: 		
0x00C6	0xDFE1      	RCALL       _Delay_1us
;__Lib_Lcd.c,30 :: 		
0x00C8	0x9A8A      	BCF         LCD_EN, BitPos(LCD_EN+0) 
;__Lib_Lcd.c,33 :: 		
0x00CA	0xB775      	BTFSC       FARG_Lcd_Cmd_out_char, 3, 1
0x00CC	0xD002      	BRA         L__Lcd_Cmd31
0x00CE	0x968A      	BCF         LCD_D7, BitPos(LCD_D7+0) 
0x00D0	0xD001      	BRA         L__Lcd_Cmd32
L__Lcd_Cmd31:
0x00D2	0x868A      	BSF         LCD_D7, BitPos(LCD_D7+0) 
L__Lcd_Cmd32:
;__Lib_Lcd.c,34 :: 		
0x00D4	0xB575      	BTFSC       FARG_Lcd_Cmd_out_char, 2, 1
0x00D6	0xD002      	BRA         L__Lcd_Cmd33
0x00D8	0x948A      	BCF         LCD_D6, BitPos(LCD_D6+0) 
0x00DA	0xD001      	BRA         L__Lcd_Cmd34
L__Lcd_Cmd33:
0x00DC	0x848A      	BSF         LCD_D6, BitPos(LCD_D6+0) 
L__Lcd_Cmd34:
;__Lib_Lcd.c,35 :: 		
0x00DE	0xB375      	BTFSC       FARG_Lcd_Cmd_out_char, 1, 1
0x00E0	0xD002      	BRA         L__Lcd_Cmd35
0x00E2	0x928A      	BCF         LCD_D5, BitPos(LCD_D5+0) 
0x00E4	0xD001      	BRA         L__Lcd_Cmd36
L__Lcd_Cmd35:
0x00E6	0x828A      	BSF         LCD_D5, BitPos(LCD_D5+0) 
L__Lcd_Cmd36:
;__Lib_Lcd.c,36 :: 		
0x00E8	0xB175      	BTFSC       FARG_Lcd_Cmd_out_char, 0, 1
0x00EA	0xD002      	BRA         L__Lcd_Cmd37
0x00EC	0x908A      	BCF         LCD_D4, BitPos(LCD_D4+0) 
0x00EE	0xD001      	BRA         L__Lcd_Cmd38
L__Lcd_Cmd37:
0x00F0	0x808A      	BSF         LCD_D4, BitPos(LCD_D4+0) 
L__Lcd_Cmd38:
;__Lib_Lcd.c,38 :: 		
0x00F2	0xB16A      	BTFSC       __Lib_Lcd_cmd_status, BitPos(__Lib_Lcd_cmd_status+0), 1
0x00F4	0xD002      	BRA         L__Lcd_Cmd39
0x00F6	0x888A      	BSF         LCD_RS, BitPos(LCD_RS+0) 
0x00F8	0xD001      	BRA         L__Lcd_Cmd40
L__Lcd_Cmd39:
0x00FA	0x988A      	BCF         LCD_RS, BitPos(LCD_RS+0) 
L__Lcd_Cmd40:
;__Lib_Lcd.c,40 :: 		
0x00FC	0x8A8A      	BSF         LCD_EN, BitPos(LCD_EN+0) 
;__Lib_Lcd.c,41 :: 		
0x00FE	0xDFC5      	RCALL       _Delay_1us
;__Lib_Lcd.c,42 :: 		
0x0100	0x9A8A      	BCF         LCD_EN, BitPos(LCD_EN+0) 
;__Lib_Lcd.c,44 :: 		
0x0102	0xA16A      	BTFSS       __Lib_Lcd_cmd_status, BitPos(__Lib_Lcd_cmd_status+0), 1
0x0104	0xD002      	BRA         L_Lcd_Cmd0
;__Lib_Lcd.c,45 :: 		
0x0106	0xDFB6      	RCALL       _Delay_5500us
0x0108	0xD001      	BRA         L_Lcd_Cmd1
L_Lcd_Cmd0:
;__Lib_Lcd.c,47 :: 		
0x010A	0xDFAF      	RCALL       _Delay_50us
L_Lcd_Cmd1:
;__Lib_Lcd.c,48 :: 		
L_end_Lcd_Cmd:
0x010C	0x0012      	RETURN      0
; end of _Lcd_Cmd
_Mul_32x32_U:
;__Lib_Math.c,1616 :: 		
;__Lib_Math.c,1631 :: 		
0x010E	0x0E22      	MOVLW       34
;__Lib_Math.c,1632 :: 		
0x0110	0x6E0C      	MOVWF       R12, 0
;__Lib_Math.c,1633 :: 		
0x0112	0x6A08      	CLRF        R8, 0
;__Lib_Math.c,1634 :: 		
0x0114	0x6A09      	CLRF        R9, 0
;__Lib_Math.c,1635 :: 		
0x0116	0x6A0A      	CLRF        R10, 0
;__Lib_Math.c,1636 :: 		
0x0118	0x6A0B      	CLRF        R11, 0
;__Lib_Math.c,1638 :: 		
_NEXT:
;__Lib_Math.c,1642 :: 		
0x011A	0x060C      	DECF        R12, 1, 0
;__Lib_Math.c,1643 :: 		
0x011C	0xB4D8      	BTFSC       STATUS, 2, 0
;__Lib_Math.c,1644 :: 		
0x011E	0xD01F      	BRA         _EXIT2
;__Lib_Math.c,1645 :: 		
0x0120	0x90D8      	BCF         STATUS, 0, 0
;__Lib_Math.c,1647 :: 		
_LOOP:
;__Lib_Math.c,1656 :: 		
0x0122	0x320B      	RRCF        R11, 1, 0
;__Lib_Math.c,1657 :: 		
0x0124	0x320A      	RRCF        R10, 1, 0
;__Lib_Math.c,1658 :: 		
0x0126	0x3209      	RRCF        R9, 1, 0
;__Lib_Math.c,1659 :: 		
0x0128	0x3208      	RRCF        R8, 1, 0
;__Lib_Math.c,1660 :: 		
0x012A	0x3203      	RRCF        R3, 1, 0
;__Lib_Math.c,1661 :: 		
0x012C	0x3202      	RRCF        R2, 1, 0
;__Lib_Math.c,1662 :: 		
0x012E	0x3201      	RRCF        R1, 1, 0
;__Lib_Math.c,1663 :: 		
0x0130	0x3200      	RRCF        R0, 1, 0
;__Lib_Math.c,1668 :: 		
0x0132	0xA0D8      	BTFSS       STATUS, 0, 0
;__Lib_Math.c,1669 :: 		
0x0134	0xD7F2      	BRA         _NEXT
;__Lib_Math.c,1670 :: 		
0x0136	0x060C      	DECF        R12, 1, 0
;__Lib_Math.c,1671 :: 		
0x0138	0xB4D8      	BTFSC       STATUS, 2, 0
;__Lib_Math.c,1672 :: 		
0x013A	0xD009      	BRA         _EXIT1
;__Lib_Math.c,1679 :: 		
0x013C	0x5004      	MOVF        R4, 0, 0
;__Lib_Math.c,1680 :: 		
0x013E	0x2608      	ADDWF       R8, 1, 0
;__Lib_Math.c,1681 :: 		
0x0140	0x5005      	MOVF        R5, 0, 0
;__Lib_Math.c,1684 :: 		
0x0142	0x2209      	ADDWFC      R9, 1, 0
;__Lib_Math.c,1685 :: 		
0x0144	0x5006      	MOVF        R6, 0, 0
;__Lib_Math.c,1688 :: 		
0x0146	0x220A      	ADDWFC      R10, 1, 0
;__Lib_Math.c,1689 :: 		
0x0148	0x5007      	MOVF        R7, 0, 0
;__Lib_Math.c,1692 :: 		
0x014A	0x220B      	ADDWFC      R11, 1, 0
;__Lib_Math.c,1694 :: 		
0x014C	0xD7EA      	BRA         _LOOP
;__Lib_Math.c,1696 :: 		
_EXIT1:
;__Lib_Math.c,1701 :: 		
0x014E	0x5004      	MOVF        R4, 0, 0
;__Lib_Math.c,1702 :: 		
0x0150	0x2608      	ADDWF       R8, 1, 0
;__Lib_Math.c,1703 :: 		
0x0152	0x5005      	MOVF        R5, 0, 0
;__Lib_Math.c,1706 :: 		
0x0154	0x2209      	ADDWFC      R9, 1, 0
;__Lib_Math.c,1707 :: 		
0x0156	0x5006      	MOVF        R6, 0, 0
;__Lib_Math.c,1710 :: 		
0x0158	0x220A      	ADDWFC      R10, 1, 0
;__Lib_Math.c,1711 :: 		
0x015A	0x5007      	MOVF        R7, 0, 0
;__Lib_Math.c,1714 :: 		
0x015C	0x220B      	ADDWFC      R11, 1, 0
;__Lib_Math.c,1717 :: 		
_EXIT2:
;__Lib_Math.c,1719 :: 		
L_end_Mul_32x32_U:
0x015E	0x0012      	RETURN      0
; end of _Mul_32x32_U
_Lcd_Chr_CP:
;__Lib_Lcd.c,50 :: 		
;__Lib_Lcd.c,52 :: 		
0x0160	0x0100      	MOVLB       0
0x0162	0x916A      	BCF         __Lib_Lcd_cmd_status, BitPos(__Lib_Lcd_cmd_status+0), 1
;__Lib_Lcd.c,53 :: 		
0x0164	0xF075C074  	MOVFF       FARG_Lcd_Chr_CP_out_char, FARG_Lcd_Cmd_out_char
0x0168	0xDF93      	RCALL       _Lcd_Cmd
;__Lib_Lcd.c,54 :: 		
0x016A	0x816A      	BSF         __Lib_Lcd_cmd_status, BitPos(__Lib_Lcd_cmd_status+0), 1
;__Lib_Lcd.c,55 :: 		
L_end_Lcd_Chr_CP:
0x016C	0x0012      	RETURN      0
; end of _Lcd_Chr_CP
_Div_16x16_S_L:
;__Lib_Math.c,139 :: 		
;__Lib_Math.c,146 :: 		
0x016E	0x3401      	RLCF        R1, 0, 0
;__Lib_Math.c,147 :: 		
0x0170	0x3608      	RLCF        R8, 1, 0
;__Lib_Math.c,148 :: 		
0x0172	0x3609      	RLCF        R9, 1, 0
;__Lib_Math.c,149 :: 		
0x0174	0x5004      	MOVF        R4, 0, 0
;__Lib_Math.c,150 :: 		
0x0176	0x5E08      	SUBWF       R8, 1, 0
;__Lib_Math.c,151 :: 		
0x0178	0x5005      	MOVF        R5, 0, 0
;__Lib_Math.c,152 :: 		
0x017A	0xA0D8      	BTFSS       STATUS, 0, 0
;__Lib_Math.c,153 :: 		
0x017C	0x3C05      	INCFSZ      R5, 0, 0
;__Lib_Math.c,154 :: 		
0x017E	0x5E09      	SUBWF       R9, 1, 0
;__Lib_Math.c,155 :: 		
0x0180	0x3600      	RLCF        R0, 1, 0
;__Lib_Math.c,156 :: 		
0x0182	0x3601      	RLCF        R1, 1, 0
;__Lib_Math.c,158 :: 		
0x0184	0x0E0F      	MOVLW       15
;__Lib_Math.c,159 :: 		
0x0186	0x6E0C      	MOVWF       R12, 0
;__Lib_Math.c,161 :: 		
0x0188	0x3401      	RLCF        R1, 0, 0
;__Lib_Math.c,162 :: 		
0x018A	0x3608      	RLCF        R8, 1, 0
;__Lib_Math.c,163 :: 		
0x018C	0x3609      	RLCF        R9, 1, 0
;__Lib_Math.c,164 :: 		
0x018E	0x5004      	MOVF        R4, 0, 0
;__Lib_Math.c,166 :: 		
0x0190	0xA000      	BTFSS       R0, 0, 0
;__Lib_Math.c,167 :: 		
0x0192	0xD006      	BRA         $+14
;__Lib_Math.c,168 :: 		
0x0194	0x5E08      	SUBWF       R8, 1, 0
;__Lib_Math.c,169 :: 		
0x0196	0x5005      	MOVF        R5, 0, 0
;__Lib_Math.c,170 :: 		
0x0198	0xA0D8      	BTFSS       STATUS, 0, 0
;__Lib_Math.c,171 :: 		
0x019A	0x3C05      	INCFSZ      R5, 0, 0
;__Lib_Math.c,172 :: 		
0x019C	0x5E09      	SUBWF       R9, 1, 0
;__Lib_Math.c,173 :: 		
0x019E	0xD005      	BRA         $+12
;__Lib_Math.c,175 :: 		
0x01A0	0x2608      	ADDWF       R8, 1, 0
;__Lib_Math.c,176 :: 		
0x01A2	0x5005      	MOVF        R5, 0, 0
;__Lib_Math.c,177 :: 		
0x01A4	0xB0D8      	BTFSC       STATUS, 0, 0
;__Lib_Math.c,178 :: 		
0x01A6	0x3C05      	INCFSZ      R5, 0, 0
;__Lib_Math.c,179 :: 		
0x01A8	0x2609      	ADDWF       R9, 1, 0
;__Lib_Math.c,181 :: 		
0x01AA	0x3600      	RLCF        R0, 1, 0
;__Lib_Math.c,182 :: 		
0x01AC	0x3601      	RLCF        R1, 1, 0
;__Lib_Math.c,184 :: 		
0x01AE	0x2E0C      	DECFSZ      R12, 1, 0
;__Lib_Math.c,185 :: 		
0x01B0	0xD7EB      	BRA         $-40
;__Lib_Math.c,187 :: 		
0x01B2	0xB000      	BTFSC       R0, 0, 0
;__Lib_Math.c,188 :: 		
0x01B4	0xD006      	BRA         $+14
;__Lib_Math.c,189 :: 		
0x01B6	0x5004      	MOVF        R4, 0, 0
;__Lib_Math.c,190 :: 		
0x01B8	0x2608      	ADDWF       R8, 1, 0
;__Lib_Math.c,191 :: 		
0x01BA	0x5005      	MOVF        R5, 0, 0
;__Lib_Math.c,192 :: 		
0x01BC	0xB0D8      	BTFSC       STATUS, 0, 0
;__Lib_Math.c,193 :: 		
0x01BE	0x3C05      	INCFSZ      R5, 0, 0
;__Lib_Math.c,194 :: 		
0x01C0	0x2609      	ADDWF       R9, 1, 0
;__Lib_Math.c,195 :: 		
0x01C2	0x0000      	NOP
;__Lib_Math.c,197 :: 		
L_end_Div_16x16_S_L:
0x01C4	0x0012      	RETURN      0
; end of _Div_16x16_S_L
_VDelay_ms:
;__Lib_Delays.c,123 :: 		void VDelay_ms(unsigned Time_ms){
;__Lib_Delays.c,126 :: 		NumberOfCyc = Clock_kHz()>>2;
0x01C6	0x0ED0      	MOVLW       208
0x01C8	0x0100      	MOVLB       0
0x01CA	0x6F70      	MOVWF       VDelay_ms_NumberOfCyc_L0, 1
0x01CC	0x0E07      	MOVLW       7
0x01CE	0x6F71      	MOVWF       VDelay_ms_NumberOfCyc_L0+1, 1
0x01D0	0x0E00      	MOVLW       0
0x01D2	0x6F72      	MOVWF       VDelay_ms_NumberOfCyc_L0+2, 1
0x01D4	0x6F73      	MOVWF       VDelay_ms_NumberOfCyc_L0+3, 1
;__Lib_Delays.c,127 :: 		NumberOfCyc *= Time_ms;
0x01D6	0x0ED0      	MOVLW       208
0x01D8	0x6E00      	MOVWF       R0 
0x01DA	0x0E07      	MOVLW       7
0x01DC	0x6E01      	MOVWF       R1 
0x01DE	0x0E00      	MOVLW       0
0x01E0	0x6E02      	MOVWF       R2 
0x01E2	0x0E00      	MOVLW       0
0x01E4	0x6E03      	MOVWF       R3 
0x01E6	0xF004C06E  	MOVFF       FARG_VDelay_ms_Time_ms, R4
0x01EA	0xF005C06F  	MOVFF       FARG_VDelay_ms_Time_ms+1, R5
0x01EE	0x0E00      	MOVLW       0
0x01F0	0x6E06      	MOVWF       R6 
0x01F2	0x6E07      	MOVWF       R7 
0x01F4	0xDF8C      	RCALL       _Mul_32x32_U
0x01F6	0xF070C000  	MOVFF       R0, VDelay_ms_NumberOfCyc_L0
0x01FA	0xF071C001  	MOVFF       R1, VDelay_ms_NumberOfCyc_L0+1
0x01FE	0xF072C002  	MOVFF       R2, VDelay_ms_NumberOfCyc_L0+2
0x0202	0xF073C003  	MOVFF       R3, VDelay_ms_NumberOfCyc_L0+3
;__Lib_Delays.c,128 :: 		if (NumberOfCyc < 660)
0x0206	0x0E00      	MOVLW       0
0x0208	0x5C03      	SUBWF       R3, 0 
0x020A	0xE108      	BNZ         L__VDelay_ms54
0x020C	0x0E00      	MOVLW       0
0x020E	0x5C02      	SUBWF       R2, 0 
0x0210	0xE105      	BNZ         L__VDelay_ms54
0x0212	0x0E02      	MOVLW       2
0x0214	0x5C01      	SUBWF       R1, 0 
0x0216	0xE102      	BNZ         L__VDelay_ms54
0x0218	0x0E94      	MOVLW       148
0x021A	0x5C00      	SUBWF       R0, 0 
L__VDelay_ms54:
0x021C	0xE201      	BC          L_VDelay_ms23
;__Lib_Delays.c,129 :: 		return;
0x021E	0xD031      	BRA         L_end_VDelay_ms
L_VDelay_ms23:
;__Lib_Delays.c,130 :: 		NumberOfCyc -= 660;
0x0220	0x0E94      	MOVLW       148
0x0222	0x5F70      	SUBWF       VDelay_ms_NumberOfCyc_L0, 1, 1
0x0224	0x0E02      	MOVLW       2
0x0226	0x5B71      	SUBWFB      VDelay_ms_NumberOfCyc_L0+1, 1, 1
0x0228	0x0E00      	MOVLW       0
0x022A	0x5B72      	SUBWFB      VDelay_ms_NumberOfCyc_L0+2, 1, 1
0x022C	0x5B73      	SUBWFB      VDelay_ms_NumberOfCyc_L0+3, 1, 1
;__Lib_Delays.c,131 :: 		NumberOfCyc >>=  5;
0x022E	0x0E05      	MOVLW       5
0x0230	0x6E00      	MOVWF       R0 
0x0232	0x5000      	MOVF        R0, 0 
L__VDelay_ms55:
0x0234	0xE007      	BZ          L__VDelay_ms56
0x0236	0x3373      	RRCF        VDelay_ms_NumberOfCyc_L0+3, 1, 1
0x0238	0x3372      	RRCF        VDelay_ms_NumberOfCyc_L0+2, 1, 1
0x023A	0x3371      	RRCF        VDelay_ms_NumberOfCyc_L0+1, 1, 1
0x023C	0x3370      	RRCF        VDelay_ms_NumberOfCyc_L0, 1, 1
0x023E	0x9F73      	BCF         VDelay_ms_NumberOfCyc_L0+3, 7, 1
0x0240	0x0FFF      	ADDLW       255
0x0242	0xD7F8      	BRA         L__VDelay_ms55
L__VDelay_ms56:
;__Lib_Delays.c,133 :: 		while (NumberOfCyc--)
L_VDelay_ms24:
0x0244	0xF000C070  	MOVFF       VDelay_ms_NumberOfCyc_L0, R0
0x0248	0xF001C071  	MOVFF       VDelay_ms_NumberOfCyc_L0+1, R1
0x024C	0xF002C072  	MOVFF       VDelay_ms_NumberOfCyc_L0+2, R2
0x0250	0xF003C073  	MOVFF       VDelay_ms_NumberOfCyc_L0+3, R3
0x0254	0x0E01      	MOVLW       1
0x0256	0x5F70      	SUBWF       VDelay_ms_NumberOfCyc_L0, 1, 1
0x0258	0x0E00      	MOVLW       0
0x025A	0x5B71      	SUBWFB      VDelay_ms_NumberOfCyc_L0+1, 1, 1
0x025C	0x5B72      	SUBWFB      VDelay_ms_NumberOfCyc_L0+2, 1, 1
0x025E	0x5B73      	SUBWFB      VDelay_ms_NumberOfCyc_L0+3, 1, 1
0x0260	0x5000      	MOVF        R0, 0 
0x0262	0x1001      	IORWF       R1, 0 
0x0264	0x1002      	IORWF       R2, 0 
0x0266	0x1003      	IORWF       R3, 0 
0x0268	0xE00C      	BZ          L_VDelay_ms25
;__Lib_Delays.c,135 :: 		asm nop;
0x026A	0x0000      	NOP
;__Lib_Delays.c,136 :: 		asm nop;
0x026C	0x0000      	NOP
;__Lib_Delays.c,137 :: 		asm nop;
0x026E	0x0000      	NOP
;__Lib_Delays.c,138 :: 		asm nop;
0x0270	0x0000      	NOP
;__Lib_Delays.c,139 :: 		asm nop;
0x0272	0x0000      	NOP
;__Lib_Delays.c,140 :: 		asm nop;
0x0274	0x0000      	NOP
;__Lib_Delays.c,141 :: 		asm nop;
0x0276	0x0000      	NOP
;__Lib_Delays.c,142 :: 		asm nop;
0x0278	0x0000      	NOP
;__Lib_Delays.c,143 :: 		asm nop;
0x027A	0x0000      	NOP
;__Lib_Delays.c,144 :: 		asm nop;
0x027C	0x0000      	NOP
;__Lib_Delays.c,145 :: 		asm nop;
0x027E	0x0000      	NOP
;__Lib_Delays.c,146 :: 		}
0x0280	0xD7E1      	BRA         L_VDelay_ms24
L_VDelay_ms25:
;__Lib_Delays.c,147 :: 		}
L_end_VDelay_ms:
0x0282	0x0012      	RETURN      0
; end of _VDelay_ms
_Lcd_Out:
;__Lib_Lcd.c,184 :: 		
;__Lib_Lcd.c,187 :: 		
0x0284	0xD010      	BRA         L_Lcd_Out11
;__Lib_Lcd.c,188 :: 		
L_Lcd_Out13:
0x0286	0x0E80      	MOVLW       128
0x0288	0x0100      	MOVLB       0
0x028A	0x6F6E      	MOVWF       FARG_Lcd_Out_row, 1
0x028C	0xD01A      	BRA         L_Lcd_Out12
;__Lib_Lcd.c,189 :: 		
L_Lcd_Out14:
0x028E	0x0EC0      	MOVLW       192
0x0290	0x6F6E      	MOVWF       FARG_Lcd_Out_row, 1
0x0292	0xD017      	BRA         L_Lcd_Out12
;__Lib_Lcd.c,190 :: 		
L_Lcd_Out15:
0x0294	0x0E94      	MOVLW       148
0x0296	0x6F6E      	MOVWF       FARG_Lcd_Out_row, 1
0x0298	0xD014      	BRA         L_Lcd_Out12
;__Lib_Lcd.c,191 :: 		
L_Lcd_Out16:
0x029A	0x0ED4      	MOVLW       212
0x029C	0x6F6E      	MOVWF       FARG_Lcd_Out_row, 1
0x029E	0xD011      	BRA         L_Lcd_Out12
;__Lib_Lcd.c,192 :: 		
L_Lcd_Out17:
0x02A0	0x0E80      	MOVLW       128
0x02A2	0x6F6E      	MOVWF       FARG_Lcd_Out_row, 1
;__Lib_Lcd.c,193 :: 		
0x02A4	0xD00E      	BRA         L_Lcd_Out12
L_Lcd_Out11:
0x02A6	0x0100      	MOVLB       0
0x02A8	0x516E      	MOVF        FARG_Lcd_Out_row, 0, 1
0x02AA	0x0A01      	XORLW       1
0x02AC	0xE0EC      	BZ          L_Lcd_Out13
0x02AE	0x516E      	MOVF        FARG_Lcd_Out_row, 0, 1
0x02B0	0x0A02      	XORLW       2
0x02B2	0xE0ED      	BZ          L_Lcd_Out14
0x02B4	0x516E      	MOVF        FARG_Lcd_Out_row, 0, 1
0x02B6	0x0A03      	XORLW       3
0x02B8	0xE0ED      	BZ          L_Lcd_Out15
0x02BA	0x516E      	MOVF        FARG_Lcd_Out_row, 0, 1
0x02BC	0x0A04      	XORLW       4
0x02BE	0xE0ED      	BZ          L_Lcd_Out16
0x02C0	0xD7EF      	BRA         L_Lcd_Out17
L_Lcd_Out12:
;__Lib_Lcd.c,194 :: 		
0x02C2	0x056F      	DECF        FARG_Lcd_Out_column, 0, 1
0x02C4	0x6E00      	MOVWF       R0 
0x02C6	0x516E      	MOVF        FARG_Lcd_Out_row, 0, 1
0x02C8	0x2600      	ADDWF       R0, 1 
0x02CA	0xF06EC000  	MOVFF       R0, FARG_Lcd_Out_row
;__Lib_Lcd.c,196 :: 		
0x02CE	0xF075C000  	MOVFF       R0, FARG_Lcd_Cmd_out_char
0x02D2	0xDEDE      	RCALL       _Lcd_Cmd
;__Lib_Lcd.c,197 :: 		
0x02D4	0x916A      	BCF         __Lib_Lcd_cmd_status, BitPos(__Lib_Lcd_cmd_status+0), 1
;__Lib_Lcd.c,198 :: 		
0x02D6	0x6B72      	CLRF        Lcd_Out_i_L0, 1
;__Lib_Lcd.c,199 :: 		
L_Lcd_Out18:
0x02D8	0x5172      	MOVF        Lcd_Out_i_L0, 0, 1
0x02DA	0x2570      	ADDWF       FARG_Lcd_Out_text, 0, 1
0x02DC	0x6EE9      	MOVWF       FSR0L 
0x02DE	0x0E00      	MOVLW       0
0x02E0	0x2171      	ADDWFC      FARG_Lcd_Out_text+1, 0, 1
0x02E2	0x6EEA      	MOVWF       FSR0L+1 
0x02E4	0x52EE      	MOVF        POSTINC0, 1 
0x02E6	0xE00B      	BZ          L_Lcd_Out19
;__Lib_Lcd.c,200 :: 		
0x02E8	0x5172      	MOVF        Lcd_Out_i_L0, 0, 1
0x02EA	0x2570      	ADDWF       FARG_Lcd_Out_text, 0, 1
0x02EC	0x6EE9      	MOVWF       FSR0L 
0x02EE	0x0E00      	MOVLW       0
0x02F0	0x2171      	ADDWFC      FARG_Lcd_Out_text+1, 0, 1
0x02F2	0x6EEA      	MOVWF       FSR0L+1 
0x02F4	0xF074CFEE  	MOVFF       POSTINC0, FARG_Lcd_Chr_CP_out_char
0x02F8	0xDF33      	RCALL       _Lcd_Chr_CP
0x02FA	0x2B72      	INCF        Lcd_Out_i_L0, 1, 1
0x02FC	0xD7ED      	BRA         L_Lcd_Out18
L_Lcd_Out19:
;__Lib_Lcd.c,201 :: 		
0x02FE	0x816A      	BSF         __Lib_Lcd_cmd_status, BitPos(__Lib_Lcd_cmd_status+0), 1
;__Lib_Lcd.c,202 :: 		
L_end_Lcd_Out:
0x0300	0x0012      	RETURN      0
; end of _Lcd_Out
_mask:
;Display_Utils.c,2 :: 		unsigned short mask(unsigned short num) {
;Display_Utils.c,3 :: 		switch (num) {
0x0302	0xD01E      	BRA         L_mask0
;Display_Utils.c,4 :: 		case 0 : return 0x3F;
L_mask2:
0x0304	0x0E3F      	MOVLW       63
0x0306	0x6E00      	MOVWF       R0 
0x0308	0xD03A      	BRA         L_end_mask
;Display_Utils.c,5 :: 		case 1 : return 0x06;
L_mask3:
0x030A	0x0E06      	MOVLW       6
0x030C	0x6E00      	MOVWF       R0 
0x030E	0xD037      	BRA         L_end_mask
;Display_Utils.c,6 :: 		case 2 : return 0x5B;
L_mask4:
0x0310	0x0E5B      	MOVLW       91
0x0312	0x6E00      	MOVWF       R0 
0x0314	0xD034      	BRA         L_end_mask
;Display_Utils.c,7 :: 		case 3 : return 0x4F;
L_mask5:
0x0316	0x0E4F      	MOVLW       79
0x0318	0x6E00      	MOVWF       R0 
0x031A	0xD031      	BRA         L_end_mask
;Display_Utils.c,8 :: 		case 4 : return 0x66;
L_mask6:
0x031C	0x0E66      	MOVLW       102
0x031E	0x6E00      	MOVWF       R0 
0x0320	0xD02E      	BRA         L_end_mask
;Display_Utils.c,9 :: 		case 5 : return 0x6D;
L_mask7:
0x0322	0x0E6D      	MOVLW       109
0x0324	0x6E00      	MOVWF       R0 
0x0326	0xD02B      	BRA         L_end_mask
;Display_Utils.c,10 :: 		case 6 : return 0x7D;
L_mask8:
0x0328	0x0E7D      	MOVLW       125
0x032A	0x6E00      	MOVWF       R0 
0x032C	0xD028      	BRA         L_end_mask
;Display_Utils.c,11 :: 		case 7 : return 0x07;
L_mask9:
0x032E	0x0E07      	MOVLW       7
0x0330	0x6E00      	MOVWF       R0 
0x0332	0xD025      	BRA         L_end_mask
;Display_Utils.c,12 :: 		case 8 : return 0x7F;
L_mask10:
0x0334	0x0E7F      	MOVLW       127
0x0336	0x6E00      	MOVWF       R0 
0x0338	0xD022      	BRA         L_end_mask
;Display_Utils.c,13 :: 		case 9 : return 0x6F;
L_mask11:
0x033A	0x0E6F      	MOVLW       111
0x033C	0x6E00      	MOVWF       R0 
0x033E	0xD01F      	BRA         L_end_mask
;Display_Utils.c,14 :: 		} //case end
L_mask0:
0x0340	0x0100      	MOVLB       0
0x0342	0x516E      	MOVF        FARG_mask_num, 0, 1
0x0344	0x0A00      	XORLW       0
0x0346	0xE0DE      	BZ          L_mask2
0x0348	0x516E      	MOVF        FARG_mask_num, 0, 1
0x034A	0x0A01      	XORLW       1
0x034C	0xE0DE      	BZ          L_mask3
0x034E	0x516E      	MOVF        FARG_mask_num, 0, 1
0x0350	0x0A02      	XORLW       2
0x0352	0xE0DE      	BZ          L_mask4
0x0354	0x516E      	MOVF        FARG_mask_num, 0, 1
0x0356	0x0A03      	XORLW       3
0x0358	0xE0DE      	BZ          L_mask5
0x035A	0x516E      	MOVF        FARG_mask_num, 0, 1
0x035C	0x0A04      	XORLW       4
0x035E	0xE0DE      	BZ          L_mask6
0x0360	0x516E      	MOVF        FARG_mask_num, 0, 1
0x0362	0x0A05      	XORLW       5
0x0364	0xE0DE      	BZ          L_mask7
0x0366	0x516E      	MOVF        FARG_mask_num, 0, 1
0x0368	0x0A06      	XORLW       6
0x036A	0xE0DE      	BZ          L_mask8
0x036C	0x516E      	MOVF        FARG_mask_num, 0, 1
0x036E	0x0A07      	XORLW       7
0x0370	0xE0DE      	BZ          L_mask9
0x0372	0x516E      	MOVF        FARG_mask_num, 0, 1
0x0374	0x0A08      	XORLW       8
0x0376	0xE0DE      	BZ          L_mask10
0x0378	0x516E      	MOVF        FARG_mask_num, 0, 1
0x037A	0x0A09      	XORLW       9
0x037C	0xE0DE      	BZ          L_mask11
;Display_Utils.c,15 :: 		}
L_end_mask:
0x037E	0x0012      	RETURN      0
; end of _mask
_Div_16x16_S:
;__Lib_Math.c,200 :: 		
;__Lib_Math.c,208 :: 		
0x0380	0x5004      	MOVF        R4, 0 
0x0382	0x0A00      	XORLW       0
0x0384	0xE108      	BNZ         L_Div_16x16_S0
;__Lib_Math.c,209 :: 		
0x0386	0x5005      	MOVF        R5, 0 
0x0388	0x0A00      	XORLW       0
0x038A	0xE105      	BNZ         L_Div_16x16_S1
;__Lib_Math.c,210 :: 		
0x038C	0x0EFF      	MOVLW       255
0x038E	0x6E00      	MOVWF       R0 
;__Lib_Math.c,211 :: 		
0x0390	0x0E7F      	MOVLW       127
0x0392	0x6E01      	MOVWF       R1 
;__Lib_Math.c,212 :: 		
0x0394	0xD057      	BRA         L_end_Div_16x16_S
;__Lib_Math.c,213 :: 		
L_Div_16x16_S1:
L_Div_16x16_S0:
;__Lib_Math.c,216 :: 		
0x0396	0x6A0D      	CLRF        R13, 0
;__Lib_Math.c,217 :: 		
0x0398	0x6A09      	CLRF        R9, 0
;__Lib_Math.c,218 :: 		
0x039A	0x6A08      	CLRF        R8, 0
;__Lib_Math.c,219 :: 		
0x039C	0x5001      	MOVF        R1, 0, 0
;__Lib_Math.c,220 :: 		
0x039E	0x1000      	IORWF       R0, 0, 0
;__Lib_Math.c,221 :: 		
0x03A0	0xB4D8      	BTFSC       STATUS, 2, 0
;__Lib_Math.c,222 :: 		
0x03A2	0x0C00      	RETLW       0
;__Lib_Math.c,224 :: 		
0x03A4	0x5001      	MOVF        R1, 0, 0
;__Lib_Math.c,225 :: 		
0x03A6	0x1805      	XORWF       R5, 0, 0
;__Lib_Math.c,226 :: 		
0x03A8	0x6E0A      	MOVWF       R10, 0
;__Lib_Math.c,227 :: 		
0x03AA	0xBE0A      	BTFSC       R10, 7, 0
;__Lib_Math.c,228 :: 		
0x03AC	0x1E0D      	COMF        R13, 1, 0
;__Lib_Math.c,230 :: 		
0x03AE	0x6A0B      	CLRF        R11, 0
;__Lib_Math.c,232 :: 		
0x03B0	0xAE05      	BTFSS       R5, 7, 0
;__Lib_Math.c,233 :: 		
0x03B2	0xD005      	BRA         $+12
;__Lib_Math.c,235 :: 		
0x03B4	0x1E04      	COMF        R4, 1, 0
;__Lib_Math.c,236 :: 		
0x03B6	0x1E05      	COMF        R5, 1, 0
;__Lib_Math.c,237 :: 		
0x03B8	0x2A04      	INCF        R4, 1, 0
;__Lib_Math.c,238 :: 		
0x03BA	0xB4D8      	BTFSC       STATUS, 2, 0
;__Lib_Math.c,239 :: 		
0x03BC	0x2A05      	INCF        R5, 1, 0
;__Lib_Math.c,241 :: 		
0x03BE	0xAE01      	BTFSS       R1, 7, 0
;__Lib_Math.c,242 :: 		
0x03C0	0xD005      	BRA         $+12
;__Lib_Math.c,244 :: 		
0x03C2	0x1E00      	COMF        R0, 1, 0
;__Lib_Math.c,245 :: 		
0x03C4	0x1E01      	COMF        R1, 1, 0
;__Lib_Math.c,246 :: 		
0x03C6	0x2A00      	INCF        R0, 1, 0
;__Lib_Math.c,247 :: 		
0x03C8	0xB4D8      	BTFSC       STATUS, 2, 0
;__Lib_Math.c,248 :: 		
0x03CA	0x2A01      	INCF        R1, 1, 0
;__Lib_Math.c,250 :: 		
0x03CC	0x5001      	MOVF        R1, 0, 0
;__Lib_Math.c,251 :: 		
0x03CE	0x1005      	IORWF       R5, 0, 0
;__Lib_Math.c,252 :: 		
0x03D0	0x6E0A      	MOVWF       R10, 0
;__Lib_Math.c,253 :: 		
0x03D2	0xBE0A      	BTFSC       R10, 7, 0
;__Lib_Math.c,254 :: 		
0x03D4	0xD010      	BRA         $+34
;__Lib_Math.c,256 :: 		
0x03D6	0xDECB      	RCALL       _Div_16x16_S_L
;__Lib_Math.c,258 :: 		
0x03D8	0xB00B      	BTFSC       R11, 0, 0
;__Lib_Math.c,259 :: 		
0x03DA	0xD020      	BRA         $+66
;__Lib_Math.c,261 :: 		
0x03DC	0xAE0D      	BTFSS       R13, 7, 0
;__Lib_Math.c,262 :: 		
0x03DE	0x0C00      	RETLW       0
;__Lib_Math.c,264 :: 		
0x03E0	0x1E00      	COMF        R0, 1, 0
;__Lib_Math.c,265 :: 		
0x03E2	0x1E01      	COMF        R1, 1, 0
;__Lib_Math.c,266 :: 		
0x03E4	0x2A00      	INCF        R0, 1, 0
;__Lib_Math.c,267 :: 		
0x03E6	0xB4D8      	BTFSC       STATUS, 2, 0
;__Lib_Math.c,268 :: 		
0x03E8	0x2A01      	INCF        R1, 1, 0
;__Lib_Math.c,270 :: 		
0x03EA	0x1E08      	COMF        R8, 1, 0
;__Lib_Math.c,271 :: 		
0x03EC	0x1E09      	COMF        R9, 1, 0
;__Lib_Math.c,272 :: 		
0x03EE	0x2A08      	INCF        R8, 1, 0
;__Lib_Math.c,273 :: 		
0x03F0	0xB4D8      	BTFSC       STATUS, 2, 0
;__Lib_Math.c,274 :: 		
0x03F2	0x2A09      	INCF        R9, 1, 0
;__Lib_Math.c,276 :: 		
0x03F4	0x0C00      	RETLW       0
;__Lib_Math.c,278 :: 		
0x03F6	0xAE05      	BTFSS       R5, 7, 0
;__Lib_Math.c,279 :: 		
0x03F8	0xD00D      	BRA         $+28
;__Lib_Math.c,280 :: 		
0x03FA	0xBE01      	BTFSC       R1, 7, 0
;__Lib_Math.c,281 :: 		
0x03FC	0xD007      	BRA         $+16
;__Lib_Math.c,282 :: 		
0x03FE	0x5001      	MOVF        R1, 0, 0
;__Lib_Math.c,283 :: 		
0x0400	0x6E09      	MOVWF       R9, 0
;__Lib_Math.c,284 :: 		
0x0402	0x5000      	MOVF        R0, 0, 0
;__Lib_Math.c,285 :: 		
0x0404	0x6E08      	MOVWF       R8, 0
;__Lib_Math.c,286 :: 		
0x0406	0x6A01      	CLRF        R1, 0
;__Lib_Math.c,287 :: 		
0x0408	0x6A00      	CLRF        R0, 0
;__Lib_Math.c,288 :: 		
0x040A	0xD7E8      	BRA         $-46
;__Lib_Math.c,289 :: 		
0x040C	0x6A01      	CLRF        R1, 0
;__Lib_Math.c,290 :: 		
0x040E	0x6A00      	CLRF        R0, 0
;__Lib_Math.c,291 :: 		
0x0410	0x2A00      	INCF        R0, 1, 0
;__Lib_Math.c,292 :: 		
0x0412	0x0C00      	RETLW       0
;__Lib_Math.c,294 :: 		
0x0414	0x1E01      	COMF        R1, 1, 0
;__Lib_Math.c,295 :: 		
0x0416	0x1E00      	COMF        R0, 1, 0
;__Lib_Math.c,296 :: 		
0x0418	0x2A0B      	INCF        R11, 1, 0
;__Lib_Math.c,297 :: 		
0x041A	0xD7DD      	BRA         $-68
;__Lib_Math.c,299 :: 		
0x041C	0x2A08      	INCF        R8, 1, 0
;__Lib_Math.c,300 :: 		
0x041E	0xB4D8      	BTFSC       STATUS, 2, 0
;__Lib_Math.c,301 :: 		
0x0420	0x2A09      	INCF        R9, 1, 0
;__Lib_Math.c,302 :: 		
0x0422	0x5004      	MOVF        R4, 0, 0
;__Lib_Math.c,303 :: 		
0x0424	0x5C08      	SUBWF       R8, 0, 0
;__Lib_Math.c,304 :: 		
0x0426	0xA4D8      	BTFSS       STATUS, 2, 0
;__Lib_Math.c,305 :: 		
0x0428	0xD7D9      	BRA         $-76
;__Lib_Math.c,306 :: 		
0x042A	0x5005      	MOVF        R5, 0, 0
;__Lib_Math.c,307 :: 		
0x042C	0x5C09      	SUBWF       R9, 0, 0
;__Lib_Math.c,308 :: 		
0x042E	0xA4D8      	BTFSS       STATUS, 2, 0
;__Lib_Math.c,309 :: 		
0x0430	0xD7D5      	BRA         $-84
;__Lib_Math.c,310 :: 		
0x0432	0x6A09      	CLRF        R9, 0
;__Lib_Math.c,311 :: 		
0x0434	0x6A08      	CLRF        R8, 0
;__Lib_Math.c,312 :: 		
0x0436	0x2A00      	INCF        R0, 1, 0
;__Lib_Math.c,313 :: 		
0x0438	0xB4D8      	BTFSC       STATUS, 2, 0
;__Lib_Math.c,314 :: 		
0x043A	0x2A01      	INCF        R1, 1, 0
;__Lib_Math.c,315 :: 		
0x043C	0xAE01      	BTFSS       R1, 7, 0
;__Lib_Math.c,316 :: 		
0x043E	0xD7CE      	BRA         $-98
;__Lib_Math.c,317 :: 		
0x0440	0x0000      	NOP
;__Lib_Math.c,318 :: 		
0x0442	0x0CFF      	RETLW       255
;__Lib_Math.c,320 :: 		
L_end_Div_16x16_S:
0x0444	0x0012      	RETURN      0
; end of _Div_16x16_S
_Div_16X16_U:
;__Lib_Math.c,102 :: 		
;__Lib_Math.c,109 :: 		
0x0446	0x6A08      	CLRF        R8, 0
;__Lib_Math.c,110 :: 		
0x0448	0x6A09      	CLRF        R9, 0
;__Lib_Math.c,111 :: 		
0x044A	0x0E10      	MOVLW       16
;__Lib_Math.c,112 :: 		
0x044C	0x6E0C      	MOVWF       R12, 0
;__Lib_Math.c,113 :: 		
0x044E	0x3401      	RLCF        R1, 0, 0
;__Lib_Math.c,114 :: 		
0x0450	0x3608      	RLCF        R8, 1, 0
;__Lib_Math.c,115 :: 		
0x0452	0x3609      	RLCF        R9, 1, 0
;__Lib_Math.c,116 :: 		
0x0454	0x5004      	MOVF        R4, 0, 0
;__Lib_Math.c,117 :: 		
0x0456	0x5E08      	SUBWF       R8, 1, 0
;__Lib_Math.c,118 :: 		
0x0458	0x5005      	MOVF        R5, 0, 0
;__Lib_Math.c,119 :: 		
0x045A	0xA0D8      	BTFSS       STATUS, 0, 0
;__Lib_Math.c,120 :: 		
0x045C	0x3C05      	INCFSZ      R5, 0, 0
;__Lib_Math.c,121 :: 		
0x045E	0x5E09      	SUBWF       R9, 1, 0
;__Lib_Math.c,122 :: 		
0x0460	0xB0D8      	BTFSC       STATUS, 0, 0
;__Lib_Math.c,123 :: 		
0x0462	0xD007      	BRA         $+16
;__Lib_Math.c,124 :: 		
0x0464	0x5004      	MOVF        R4, 0, 0
;__Lib_Math.c,125 :: 		
0x0466	0x2608      	ADDWF       R8, 1, 0
;__Lib_Math.c,126 :: 		
0x0468	0x5005      	MOVF        R5, 0, 0
;__Lib_Math.c,127 :: 		
0x046A	0xB0D8      	BTFSC       STATUS, 0, 0
;__Lib_Math.c,128 :: 		
0x046C	0x3C05      	INCFSZ      R5, 0, 0
;__Lib_Math.c,129 :: 		
0x046E	0x2609      	ADDWF       R9, 1, 0
;__Lib_Math.c,130 :: 		
0x0470	0x90D8      	BCF         STATUS, 0, 0
;__Lib_Math.c,131 :: 		
0x0472	0x3600      	RLCF        R0, 1, 0
;__Lib_Math.c,132 :: 		
0x0474	0x3601      	RLCF        R1, 1, 0
;__Lib_Math.c,133 :: 		
0x0476	0x2E0C      	DECFSZ      R12, 1, 0
;__Lib_Math.c,134 :: 		
0x0478	0xD7EA      	BRA         $-42
;__Lib_Math.c,136 :: 		
L_end_Div_16X16_U:
0x047A	0x0012      	RETURN      0
; end of _Div_16X16_U
_Lcd_Init:
;__Lib_Lcd.c,84 :: 		
;__Lib_Lcd.c,86 :: 		
0x047C	0x9A93      	BCF         LCD_EN_Direction, BitPos(LCD_EN_Direction+0) 
;__Lib_Lcd.c,87 :: 		
0x047E	0x9893      	BCF         LCD_RS_Direction, BitPos(LCD_RS_Direction+0) 
;__Lib_Lcd.c,88 :: 		
0x0480	0x9093      	BCF         LCD_D4_Direction, BitPos(LCD_D4_Direction+0) 
;__Lib_Lcd.c,89 :: 		
0x0482	0x9293      	BCF         LCD_D5_Direction, BitPos(LCD_D5_Direction+0) 
;__Lib_Lcd.c,90 :: 		
0x0484	0x9493      	BCF         LCD_D6_Direction, BitPos(LCD_D6_Direction+0) 
;__Lib_Lcd.c,91 :: 		
0x0486	0x9693      	BCF         LCD_D7_Direction, BitPos(LCD_D7_Direction+0) 
;__Lib_Lcd.c,93 :: 		
0x0488	0x9A8A      	BCF         LCD_EN, BitPos(LCD_EN+0) 
;__Lib_Lcd.c,94 :: 		
0x048A	0x988A      	BCF         LCD_RS, BitPos(LCD_RS+0) 
;__Lib_Lcd.c,95 :: 		
0x048C	0x968A      	BCF         LCD_D7, BitPos(LCD_D7+0) 
;__Lib_Lcd.c,96 :: 		
0x048E	0x948A      	BCF         LCD_D6, BitPos(LCD_D6+0) 
;__Lib_Lcd.c,97 :: 		
0x0490	0x928A      	BCF         LCD_D5, BitPos(LCD_D5+0) 
;__Lib_Lcd.c,98 :: 		
0x0492	0x908A      	BCF         LCD_D4, BitPos(LCD_D4+0) 
;__Lib_Lcd.c,100 :: 		
0x0494	0xDDEF      	RCALL       _Delay_5500us
;__Lib_Lcd.c,101 :: 		
0x0496	0xDDEE      	RCALL       _Delay_5500us
;__Lib_Lcd.c,102 :: 		
0x0498	0xDDED      	RCALL       _Delay_5500us
;__Lib_Lcd.c,105 :: 		
0x049A	0x828A      	BSF         LCD_D5, BitPos(LCD_D5+0) 
;__Lib_Lcd.c,106 :: 		
0x049C	0x808A      	BSF         LCD_D4, BitPos(LCD_D4+0) 
;__Lib_Lcd.c,107 :: 		
0x049E	0x8A8A      	BSF         LCD_EN, BitPos(LCD_EN+0) 
;__Lib_Lcd.c,108 :: 		
0x04A0	0xDDF4      	RCALL       _Delay_1us
;__Lib_Lcd.c,109 :: 		
0x04A2	0x9A8A      	BCF         LCD_EN, BitPos(LCD_EN+0) 
;__Lib_Lcd.c,110 :: 		
0x04A4	0xDDE7      	RCALL       _Delay_5500us
;__Lib_Lcd.c,112 :: 		
0x04A6	0x8A8A      	BSF         LCD_EN, BitPos(LCD_EN+0) 
;__Lib_Lcd.c,113 :: 		
0x04A8	0xDDF0      	RCALL       _Delay_1us
;__Lib_Lcd.c,114 :: 		
0x04AA	0x9A8A      	BCF         LCD_EN, BitPos(LCD_EN+0) 
;__Lib_Lcd.c,115 :: 		
0x04AC	0xDDE3      	RCALL       _Delay_5500us
;__Lib_Lcd.c,117 :: 		
0x04AE	0x8A8A      	BSF         LCD_EN, BitPos(LCD_EN+0) 
;__Lib_Lcd.c,118 :: 		
0x04B0	0xDDEC      	RCALL       _Delay_1us
;__Lib_Lcd.c,119 :: 		
0x04B2	0x9A8A      	BCF         LCD_EN, BitPos(LCD_EN+0) 
;__Lib_Lcd.c,120 :: 		
0x04B4	0xDDDF      	RCALL       _Delay_5500us
;__Lib_Lcd.c,123 :: 		
0x04B6	0x908A      	BCF         LCD_D4, BitPos(LCD_D4+0) 
;__Lib_Lcd.c,124 :: 		
0x04B8	0x8A8A      	BSF         LCD_EN, BitPos(LCD_EN+0) 
;__Lib_Lcd.c,125 :: 		
0x04BA	0xDDE7      	RCALL       _Delay_1us
;__Lib_Lcd.c,126 :: 		
0x04BC	0x9A8A      	BCF         LCD_EN, BitPos(LCD_EN+0) 
;__Lib_Lcd.c,127 :: 		
0x04BE	0xDDDA      	RCALL       _Delay_5500us
;__Lib_Lcd.c,130 :: 		
0x04C0	0x8A8A      	BSF         LCD_EN, BitPos(LCD_EN+0) 
;__Lib_Lcd.c,131 :: 		
0x04C2	0xDDE3      	RCALL       _Delay_1us
;__Lib_Lcd.c,132 :: 		
0x04C4	0x9A8A      	BCF         LCD_EN, BitPos(LCD_EN+0) 
;__Lib_Lcd.c,134 :: 		
0x04C6	0x928A      	BCF         LCD_D5, BitPos(LCD_D5+0) 
;__Lib_Lcd.c,135 :: 		
0x04C8	0x868A      	BSF         LCD_D7, BitPos(LCD_D7+0) 
;__Lib_Lcd.c,136 :: 		
0x04CA	0x8A8A      	BSF         LCD_EN, BitPos(LCD_EN+0) 
;__Lib_Lcd.c,137 :: 		
0x04CC	0xDDDE      	RCALL       _Delay_1us
;__Lib_Lcd.c,138 :: 		
0x04CE	0x9A8A      	BCF         LCD_EN, BitPos(LCD_EN+0) 
;__Lib_Lcd.c,139 :: 		
0x04D0	0xDDD1      	RCALL       _Delay_5500us
;__Lib_Lcd.c,142 :: 		
0x04D2	0x968A      	BCF         LCD_D7, BitPos(LCD_D7+0) 
;__Lib_Lcd.c,143 :: 		
0x04D4	0x808A      	BSF         LCD_D4, BitPos(LCD_D4+0) 
;__Lib_Lcd.c,144 :: 		
0x04D6	0x8A8A      	BSF         LCD_EN, BitPos(LCD_EN+0) 
;__Lib_Lcd.c,145 :: 		
0x04D8	0xDDD8      	RCALL       _Delay_1us
;__Lib_Lcd.c,146 :: 		
0x04DA	0x9A8A      	BCF         LCD_EN, BitPos(LCD_EN+0) 
;__Lib_Lcd.c,148 :: 		
0x04DC	0x908A      	BCF         LCD_D4, BitPos(LCD_D4+0) 
;__Lib_Lcd.c,149 :: 		
0x04DE	0x8A8A      	BSF         LCD_EN, BitPos(LCD_EN+0) 
;__Lib_Lcd.c,150 :: 		
0x04E0	0xDDD4      	RCALL       _Delay_1us
;__Lib_Lcd.c,151 :: 		
0x04E2	0x9A8A      	BCF         LCD_EN, BitPos(LCD_EN+0) 
;__Lib_Lcd.c,152 :: 		
0x04E4	0xDDC7      	RCALL       _Delay_5500us
;__Lib_Lcd.c,155 :: 		
0x04E6	0x8A8A      	BSF         LCD_EN, BitPos(LCD_EN+0) 
;__Lib_Lcd.c,156 :: 		
0x04E8	0xDDD0      	RCALL       _Delay_1us
;__Lib_Lcd.c,157 :: 		
0x04EA	0x9A8A      	BCF         LCD_EN, BitPos(LCD_EN+0) 
;__Lib_Lcd.c,159 :: 		
0x04EC	0x808A      	BSF         LCD_D4, BitPos(LCD_D4+0) 
;__Lib_Lcd.c,160 :: 		
0x04EE	0x8A8A      	BSF         LCD_EN, BitPos(LCD_EN+0) 
;__Lib_Lcd.c,161 :: 		
0x04F0	0xDDCC      	RCALL       _Delay_1us
;__Lib_Lcd.c,162 :: 		
0x04F2	0x9A8A      	BCF         LCD_EN, BitPos(LCD_EN+0) 
;__Lib_Lcd.c,163 :: 		
0x04F4	0xDDBF      	RCALL       _Delay_5500us
;__Lib_Lcd.c,166 :: 		
0x04F6	0x908A      	BCF         LCD_D4, BitPos(LCD_D4+0) 
;__Lib_Lcd.c,167 :: 		
0x04F8	0x8A8A      	BSF         LCD_EN, BitPos(LCD_EN+0) 
;__Lib_Lcd.c,168 :: 		
0x04FA	0xDDC7      	RCALL       _Delay_1us
;__Lib_Lcd.c,169 :: 		
0x04FC	0x9A8A      	BCF         LCD_EN, BitPos(LCD_EN+0) 
;__Lib_Lcd.c,171 :: 		
0x04FE	0x868A      	BSF         LCD_D7, BitPos(LCD_D7+0) 
;__Lib_Lcd.c,172 :: 		
0x0500	0x848A      	BSF         LCD_D6, BitPos(LCD_D6+0) 
;__Lib_Lcd.c,173 :: 		
0x0502	0x828A      	BSF         LCD_D5, BitPos(LCD_D5+0) 
;__Lib_Lcd.c,174 :: 		
0x0504	0x808A      	BSF         LCD_D4, BitPos(LCD_D4+0) 
;__Lib_Lcd.c,175 :: 		
0x0506	0x8A8A      	BSF         LCD_EN, BitPos(LCD_EN+0) 
;__Lib_Lcd.c,176 :: 		
0x0508	0xDDC0      	RCALL       _Delay_1us
;__Lib_Lcd.c,177 :: 		
0x050A	0x9A8A      	BCF         LCD_EN, BitPos(LCD_EN+0) 
;__Lib_Lcd.c,179 :: 		
0x050C	0xDDB3      	RCALL       _Delay_5500us
;__Lib_Lcd.c,181 :: 		
0x050E	0x0100      	MOVLB       0
0x0510	0x816A      	BSF         __Lib_Lcd_cmd_status, BitPos(__Lib_Lcd_cmd_status+0), 1
;__Lib_Lcd.c,182 :: 		
L_end_Lcd_Init:
0x0512	0x0012      	RETURN      0
; end of _Lcd_Init
_number_check:
;bit_transform.c,146 :: 		void number_check(int n) {
;bit_transform.c,147 :: 		if ( number != n ) {
0x0514	0x504A      	MOVF        _number+1, 0 
0x0516	0x0100      	MOVLB       0
0x0518	0x196D      	XORWF       FARG_number_check_n+1, 0, 1
0x051A	0xE102      	BNZ         L__number_check33
0x051C	0x516C      	MOVF        FARG_number_check_n, 0, 1
0x051E	0x1849      	XORWF       _number, 0 
L__number_check33:
0x0520	0xE004      	BZ          L_number_check3
;bit_transform.c,148 :: 		number = n;
0x0522	0xF049C06C  	MOVFF       FARG_number_check_n, _number
0x0526	0xF04AC06D  	MOVFF       FARG_number_check_n+1, _number+1
;bit_transform.c,149 :: 		}
L_number_check3:
;bit_transform.c,150 :: 		}
L_end_number_check:
0x052A	0x0012      	RETURN      0
; end of _number_check
_bit_walk_prep:
;bit_transform.c,90 :: 		void bit_walk_prep() {
;bit_transform.c,91 :: 		TRISC = 0x00; // set direction of data traffic to output
0x052C	0x6A94      	CLRF        TRISC 
;bit_transform.c,92 :: 		}
L_end_bit_walk_prep:
0x052E	0x0012      	RETURN      0
; end of _bit_walk_prep
___CC2DW:
;__Lib_System.c,21 :: 		
;__Lib_System.c,23 :: 		
_CC2DL_Loop1:
;__Lib_System.c,24 :: 		
0x0530	0x0009      	TBLRD*+
;__Lib_System.c,25 :: 		
0x0532	0xFFE6CFF5  	MOVFF       TABLAT, POSTINC1
;__Lib_System.c,26 :: 		
0x0536	0x0600      	DECF        R0, 1, 0
;__Lib_System.c,27 :: 		
0x0538	0xE1FB      	BNZ         _CC2DL_Loop1
;__Lib_System.c,28 :: 		
0x053A	0x0601      	DECF        R1, 1, 0
;__Lib_System.c,29 :: 		
0x053C	0xE1F9      	BNZ         _CC2DL_Loop1
;__Lib_System.c,31 :: 		
L_end___CC2DW:
0x053E	0x0012      	RETURN      0
; end of ___CC2DW
_lcd_display_prep:
;bit_transform.c,64 :: 		void lcd_display_prep() {
;bit_transform.c,65 :: 		ANSELB = 0;                        // Configure PORTB pins as digital
0x0540	0x010F      	MOVLB       15
0x0542	0x6B39      	CLRF        ANSELB, 1
;bit_transform.c,66 :: 		Lcd_Init();                        // Initialize Lcd
0x0544	0xDF9B      	RCALL       _Lcd_Init
;bit_transform.c,67 :: 		Lcd_Cmd(_LCD_CLEAR);               // Clear display
0x0546	0x0E01      	MOVLW       1
0x0548	0x6F75      	MOVWF       FARG_Lcd_Cmd_out_char, 1
0x054A	0xDDA2      	RCALL       _Lcd_Cmd
;bit_transform.c,68 :: 		Lcd_Cmd(_LCD_CURSOR_OFF);          // Cursor off
0x054C	0x0E0C      	MOVLW       12
0x054E	0x6F75      	MOVWF       FARG_Lcd_Cmd_out_char, 1
0x0550	0xDD9F      	RCALL       _Lcd_Cmd
;bit_transform.c,69 :: 		}
L_end_lcd_display_prep:
0x0552	0x0012      	RETURN      0
; end of _lcd_display_prep
_seven_seg_prep:
;bit_transform.c,71 :: 		void seven_seg_prep() {
;bit_transform.c,72 :: 		ANSELA = 0;                    // Configure PORTA pins as digital
0x0554	0x010F      	MOVLB       15
0x0556	0x6B38      	CLRF        ANSELA, 1
;bit_transform.c,73 :: 		ANSELD = 0;                    // Configure PORTD pins as digital
0x0558	0x6B3B      	CLRF        ANSELD, 1
;bit_transform.c,75 :: 		TRISA = 0;                     // Configure PORTA as output
0x055A	0x6A92      	CLRF        TRISA 
;bit_transform.c,76 :: 		LATA  = 0;                     // Clear PORTA
0x055C	0x6A89      	CLRF        LATA 
;bit_transform.c,77 :: 		TRISD = 0;                     // Configure PORTD as output
0x055E	0x6A95      	CLRF        TRISD 
;bit_transform.c,78 :: 		LATD  = 0;                     // Clear PORTD
0x0560	0x6A8C      	CLRF        LATD 
;bit_transform.c,80 :: 		T0CON = 0xC4;                  // Set TMR0 in 8bit mode, assign prescaler to TMR0
0x0562	0x0EC4      	MOVLW       196
0x0564	0x6ED5      	MOVWF       T0CON 
;bit_transform.c,81 :: 		TMR0L = 0;                     // clear TMROL
0x0566	0x6AD6      	CLRF        TMR0L 
;bit_transform.c,82 :: 		digit = 0;
0x0568	0x0100      	MOVLB       0
0x056A	0x6B63      	CLRF        _digit, 1
0x056C	0x6B64      	CLRF        _digit+1, 1
;bit_transform.c,83 :: 		portd_index = 0;
0x056E	0x6B69      	CLRF        _portd_index, 1
;bit_transform.c,84 :: 		shifter = 1;
0x0570	0x0E01      	MOVLW       1
0x0572	0x6F6B      	MOVWF       _shifter, 1
;bit_transform.c,86 :: 		GIE_bit = 1;
0x0574	0x8EF2      	BSF         GIE_bit, BitPos(GIE_bit+0) 
;bit_transform.c,87 :: 		TMR0IE_bit = 1;
0x0576	0x8AF2      	BSF         TMR0IE_bit, BitPos(TMR0IE_bit+0) 
;bit_transform.c,88 :: 		}
L_end_seven_seg_prep:
0x0578	0x0012      	RETURN      0
; end of _seven_seg_prep
_reset_prog:
;bit_transform.c,141 :: 		void reset_prog() {
;bit_transform.c,142 :: 		number = 1;
0x057A	0x0E01      	MOVLW       1
0x057C	0x6E49      	MOVWF       _number 
0x057E	0x0E00      	MOVLW       0
0x0580	0x6E4A      	MOVWF       _number+1 
;bit_transform.c,143 :: 		delay_ms(2000);
0x0582	0x0E15      	MOVLW       21
0x0584	0x6E0B      	MOVWF       R11, 0
0x0586	0x0E4B      	MOVLW       75
0x0588	0x6E0C      	MOVWF       R12, 0
0x058A	0x0EBE      	MOVLW       190
0x058C	0x6E0D      	MOVWF       R13, 0
L_reset_prog2:
0x058E	0x2E0D      	DECFSZ      R13, 1, 0
0x0590	0xD7FE      	BRA         L_reset_prog2
0x0592	0x2E0C      	DECFSZ      R12, 1, 0
0x0594	0xD7FC      	BRA         L_reset_prog2
0x0596	0x2E0B      	DECFSZ      R11, 1, 0
0x0598	0xD7FA      	BRA         L_reset_prog2
0x059A	0x0000      	NOP
;bit_transform.c,144 :: 		}
L_end_reset_prog:
0x059C	0x0012      	RETURN      0
; end of _reset_prog
_reverse_bit_walk:
;bit_transform.c,121 :: 		void reverse_bit_walk(int delay_time) {
;bit_transform.c,123 :: 		PORTC = number; // set PORTA to number, initually 1 or 0b00000001
0x059E	0xFF82C049  	MOVFF       _number, PORTC
;bit_transform.c,124 :: 		vdelay_ms(delay_time);
0x05A2	0xF06EC06C  	MOVFF       FARG_reverse_bit_walk_delay_time, FARG_VDelay_ms_Time_ms
0x05A6	0xF06FC06D  	MOVFF       FARG_reverse_bit_walk_delay_time+1, FARG_VDelay_ms_Time_ms+1
0x05AA	0xDE0D      	RCALL       _VDelay_ms
;bit_transform.c,125 :: 		number /= 2; // multiply decimal by 2 to move bit left one character
0x05AC	0x324A      	RRCF        _number+1, 1 
0x05AE	0x3249      	RRCF        _number, 1 
0x05B0	0x9E4A      	BCF         _number+1, 7 
0x05B2	0xBC4A      	BTFSC       _number+1, 6 
0x05B4	0x8E4A      	BSF         _number+1, 7 
0x05B6	0xAE4A      	BTFSS       _number+1, 7 
0x05B8	0xD003      	BRA         L__reverse_bit_walk29
0x05BA	0xE302      	BNC         L__reverse_bit_walk29
0x05BC	0x4A49      	INFSNZ      _number, 1 
0x05BE	0x2A4A      	INCF        _number+1, 1 
L__reverse_bit_walk29:
;bit_transform.c,129 :: 		}
L_end_reverse_bit_walk:
0x05C0	0x0012      	RETURN      0
; end of _reverse_bit_walk
_seven_seg_out:
;bit_transform.c,101 :: 		void seven_seg_out() {
;bit_transform.c,102 :: 		digit = number / 1000u ;             // extract thousands digit
0x05C2	0x0EE8      	MOVLW       232
0x05C4	0x6E04      	MOVWF       R4 
0x05C6	0x0E03      	MOVLW       3
0x05C8	0x6E05      	MOVWF       R5 
0x05CA	0xF000C049  	MOVFF       _number, R0
0x05CE	0xF001C04A  	MOVFF       _number+1, R1
0x05D2	0xDF39      	RCALL       _Div_16X16_U
0x05D4	0xF063C000  	MOVFF       R0, _digit
0x05D8	0xF064C001  	MOVFF       R1, _digit+1
;bit_transform.c,103 :: 		portd_array[3] = mask(digit);        // and store it to PORTD array
0x05DC	0xF06EC000  	MOVFF       R0, FARG_mask_num
0x05E0	0xDE90      	RCALL       _mask
0x05E2	0xF068C000  	MOVFF       R0, _portd_array+3
;bit_transform.c,104 :: 		digit = (number / 100u) % 10u;       // extract hundreds digit
0x05E6	0x0E64      	MOVLW       100
0x05E8	0x6E04      	MOVWF       R4 
0x05EA	0x0E00      	MOVLW       0
0x05EC	0x6E05      	MOVWF       R5 
0x05EE	0xF000C049  	MOVFF       _number, R0
0x05F2	0xF001C04A  	MOVFF       _number+1, R1
0x05F6	0xDEC4      	RCALL       _Div_16x16_S
0x05F8	0x0E0A      	MOVLW       10
0x05FA	0x6E04      	MOVWF       R4 
0x05FC	0x0E00      	MOVLW       0
0x05FE	0x6E05      	MOVWF       R5 
0x0600	0xDEBF      	RCALL       _Div_16x16_S
0x0602	0xF000C008  	MOVFF       R8, R0
0x0606	0xF001C009  	MOVFF       R9, R1
0x060A	0xF063C000  	MOVFF       R0, _digit
0x060E	0xF064C001  	MOVFF       R1, _digit+1
;bit_transform.c,105 :: 		portd_array[2] = mask(digit);        // and store it to PORTD array
0x0612	0xF06EC000  	MOVFF       R0, FARG_mask_num
0x0616	0xDE75      	RCALL       _mask
0x0618	0xF067C000  	MOVFF       R0, _portd_array+2
;bit_transform.c,106 :: 		digit = (number / 10u) % 10u;        // extract tens digit
0x061C	0x0E0A      	MOVLW       10
0x061E	0x6E04      	MOVWF       R4 
0x0620	0x0E00      	MOVLW       0
0x0622	0x6E05      	MOVWF       R5 
0x0624	0xF000C049  	MOVFF       _number, R0
0x0628	0xF001C04A  	MOVFF       _number+1, R1
0x062C	0xDEA9      	RCALL       _Div_16x16_S
0x062E	0x0E0A      	MOVLW       10
0x0630	0x6E04      	MOVWF       R4 
0x0632	0x0E00      	MOVLW       0
0x0634	0x6E05      	MOVWF       R5 
0x0636	0xDEA4      	RCALL       _Div_16x16_S
0x0638	0xF000C008  	MOVFF       R8, R0
0x063C	0xF001C009  	MOVFF       R9, R1
0x0640	0xF063C000  	MOVFF       R0, _digit
0x0644	0xF064C001  	MOVFF       R1, _digit+1
;bit_transform.c,107 :: 		portd_array[1] = mask(digit);        // and store it to PORTD array
0x0648	0xF06EC000  	MOVFF       R0, FARG_mask_num
0x064C	0xDE5A      	RCALL       _mask
0x064E	0xF066C000  	MOVFF       R0, _portd_array+1
;bit_transform.c,108 :: 		digit = number % 10u;                // extract ones digit
0x0652	0x0E0A      	MOVLW       10
0x0654	0x6E04      	MOVWF       R4 
0x0656	0x0E00      	MOVLW       0
0x0658	0x6E05      	MOVWF       R5 
0x065A	0xF000C049  	MOVFF       _number, R0
0x065E	0xF001C04A  	MOVFF       _number+1, R1
0x0662	0xDE8E      	RCALL       _Div_16x16_S
0x0664	0xF000C008  	MOVFF       R8, R0
0x0668	0xF001C009  	MOVFF       R9, R1
0x066C	0xF063C000  	MOVFF       R0, _digit
0x0670	0xF064C001  	MOVFF       R1, _digit+1
;bit_transform.c,109 :: 		portd_array[0] = mask(digit);        // and store it to PORTD array
0x0674	0xF06EC000  	MOVFF       R0, FARG_mask_num
0x0678	0xDE44      	RCALL       _mask
0x067A	0xF065C000  	MOVFF       R0, _portd_array
;bit_transform.c,110 :: 		}
L_end_seven_seg_out:
0x067E	0x0012      	RETURN      0
; end of _seven_seg_out
_lcd_display_out:
;bit_transform.c,94 :: 		void lcd_display_out(char first_line, char second_line) {
;bit_transform.c,95 :: 		Lcd_Cmd(_LCD_CLEAR);               // Clear display
0x0680	0x0E01      	MOVLW       1
0x0682	0x0100      	MOVLB       0
0x0684	0x6F75      	MOVWF       FARG_Lcd_Cmd_out_char, 1
0x0686	0xDD04      	RCALL       _Lcd_Cmd
;bit_transform.c,96 :: 		Lcd_Out(1,1,first_line);                 // Write text in first row
0x0688	0x0E01      	MOVLW       1
0x068A	0x6F6E      	MOVWF       FARG_Lcd_Out_row, 1
0x068C	0x0E01      	MOVLW       1
0x068E	0x6F6F      	MOVWF       FARG_Lcd_Out_column, 1
0x0690	0xF070C06C  	MOVFF       FARG_lcd_display_out_first_line, FARG_Lcd_Out_text
0x0694	0x0E00      	MOVLW       0
0x0696	0x6F71      	MOVWF       FARG_Lcd_Out_text+1, 1
0x0698	0xDDF5      	RCALL       _Lcd_Out
;bit_transform.c,98 :: 		Lcd_Out(2,1,second_line);                 // Write text in second row
0x069A	0x0E02      	MOVLW       2
0x069C	0x6F6E      	MOVWF       FARG_Lcd_Out_row, 1
0x069E	0x0E01      	MOVLW       1
0x06A0	0x6F6F      	MOVWF       FARG_Lcd_Out_column, 1
0x06A2	0xF070C06D  	MOVFF       FARG_lcd_display_out_second_line, FARG_Lcd_Out_text
0x06A6	0x0E00      	MOVLW       0
0x06A8	0x6F71      	MOVWF       FARG_Lcd_Out_text+1, 1
0x06AA	0xDDEC      	RCALL       _Lcd_Out
;bit_transform.c,99 :: 		}
L_end_lcd_display_out:
0x06AC	0x0012      	RETURN      0
; end of _lcd_display_out
_bit_walk:
;bit_transform.c,112 :: 		void bit_walk(int delay_time) {
;bit_transform.c,113 :: 		PORTC = number; // set PORTA to number, initually 1 or 0b00000001
0x06AE	0xFF82C049  	MOVFF       _number, PORTC
;bit_transform.c,114 :: 		vdelay_ms(delay_time);
0x06B2	0xF06EC06C  	MOVFF       FARG_bit_walk_delay_time, FARG_VDelay_ms_Time_ms
0x06B6	0xF06FC06D  	MOVFF       FARG_bit_walk_delay_time+1, FARG_VDelay_ms_Time_ms+1
0x06BA	0xDD85      	RCALL       _VDelay_ms
;bit_transform.c,115 :: 		number *= 2; // multiply decimal by 2 to move bit left one character
0x06BC	0x3649      	RLCF        _number, 1 
0x06BE	0x9049      	BCF         _number, 0 
0x06C0	0x364A      	RLCF        _number+1, 1 
;bit_transform.c,119 :: 		}
L_end_bit_walk:
0x06C2	0x0012      	RETURN      0
; end of _bit_walk
_bit_climb:
;bit_transform.c,131 :: 		void bit_climb(int delay_time) {
;bit_transform.c,133 :: 		PORTC = number; // set PORTA to number, initually 1 or 0b00000001
0x06C4	0xFF82C049  	MOVFF       _number, PORTC
;bit_transform.c,134 :: 		vdelay_ms(delay_time);
0x06C8	0xF06EC06C  	MOVFF       FARG_bit_climb_delay_time, FARG_VDelay_ms_Time_ms
0x06CC	0xF06FC06D  	MOVFF       FARG_bit_climb_delay_time+1, FARG_VDelay_ms_Time_ms+1
0x06D0	0xDD7A      	RCALL       _VDelay_ms
;bit_transform.c,135 :: 		number += 1; // add 1 to decimal value to show binary value climb
0x06D2	0x4A49      	INFSNZ      _number, 1 
0x06D4	0x2A4A      	INCF        _number+1, 1 
;bit_transform.c,139 :: 		}
L_end_bit_climb:
0x06D6	0x0012      	RETURN      0
; end of _bit_climb
_main:
0x06D8	0xF004EC44  	CALL        2184, 0
;bit_transform.c,152 :: 		int main() {
;bit_transform.c,153 :: 		lcd_display_prep();
0x06DC	0xDF31      	RCALL       _lcd_display_prep
;bit_transform.c,154 :: 		seven_seg_prep();
0x06DE	0xDF3A      	RCALL       _seven_seg_prep
;bit_transform.c,155 :: 		bit_walk_prep();
0x06E0	0xDF25      	RCALL       _bit_walk_prep
;bit_transform.c,157 :: 		while(1){
L_main4:
0x06E2	0x0100      	MOVLB       0
;bit_transform.c,159 :: 		number_check(1);
0x06E4	0x0E01      	MOVLW       1
0x06E6	0x6F6C      	MOVWF       FARG_number_check_n, 1
0x06E8	0x0E00      	MOVLW       0
0x06EA	0x6F6D      	MOVWF       FARG_number_check_n+1, 1
0x06EC	0xDF13      	RCALL       _number_check
;bit_transform.c,160 :: 		lcd_display_out(txt1, empty_txt);
0x06EE	0x0E5A      	MOVLW       _txt1
0x06F0	0x6F6C      	MOVWF       FARG_lcd_display_out_first_line, 1
0x06F2	0x0E4B      	MOVLW       _empty_txt
0x06F4	0x6F6D      	MOVWF       FARG_lcd_display_out_second_line, 1
0x06F6	0xDFC4      	RCALL       _lcd_display_out
;bit_transform.c,161 :: 		while(number <= 128) {
L_main6:
0x06F8	0x0E80      	MOVLW       128
0x06FA	0x6E00      	MOVWF       R0 
0x06FC	0x0E80      	MOVLW       128
0x06FE	0x184A      	XORWF       _number+1, 0 
0x0700	0x5C00      	SUBWF       R0, 0 
0x0702	0xE102      	BNZ         L__main35
0x0704	0x5049      	MOVF        _number, 0 
0x0706	0x0880      	SUBLW       128
L__main35:
0x0708	0xE308      	BNC         L_main7
;bit_transform.c,162 :: 		seven_seg_out();
0x070A	0xDF5B      	RCALL       _seven_seg_out
;bit_transform.c,163 :: 		bit_walk(750); // parameter is delay in milliseconds
0x070C	0x0EEE      	MOVLW       238
0x070E	0x0100      	MOVLB       0
0x0710	0x6F6C      	MOVWF       FARG_bit_walk_delay_time, 1
0x0712	0x0E02      	MOVLW       2
0x0714	0x6F6D      	MOVWF       FARG_bit_walk_delay_time+1, 1
0x0716	0xDFCB      	RCALL       _bit_walk
;bit_transform.c,164 :: 		}
0x0718	0xD7EF      	BRA         L_main6
L_main7:
;bit_transform.c,165 :: 		delay_ms(2000); // dont reset to 1, instead walk bit back
0x071A	0x0E15      	MOVLW       21
0x071C	0x6E0B      	MOVWF       R11, 0
0x071E	0x0E4B      	MOVLW       75
0x0720	0x6E0C      	MOVWF       R12, 0
0x0722	0x0EBE      	MOVLW       190
0x0724	0x6E0D      	MOVWF       R13, 0
L_main8:
0x0726	0x2E0D      	DECFSZ      R13, 1, 0
0x0728	0xD7FE      	BRA         L_main8
0x072A	0x2E0C      	DECFSZ      R12, 1, 0
0x072C	0xD7FC      	BRA         L_main8
0x072E	0x2E0B      	DECFSZ      R11, 1, 0
0x0730	0xD7FA      	BRA         L_main8
0x0732	0x0000      	NOP
;bit_transform.c,168 :: 		number_check(128);
0x0734	0x0E80      	MOVLW       128
0x0736	0x6F6C      	MOVWF       FARG_number_check_n, 1
0x0738	0x0E00      	MOVLW       0
0x073A	0x6F6D      	MOVWF       FARG_number_check_n+1, 1
0x073C	0xDEEB      	RCALL       _number_check
;bit_transform.c,169 :: 		lcd_display_out(txt3, empty_txt);
0x073E	0x0E2A      	MOVLW       _txt3
0x0740	0x6F6C      	MOVWF       FARG_lcd_display_out_first_line, 1
0x0742	0x0E4B      	MOVLW       _empty_txt
0x0744	0x6F6D      	MOVWF       FARG_lcd_display_out_second_line, 1
0x0746	0xDF9C      	RCALL       _lcd_display_out
;bit_transform.c,170 :: 		while(number >= 1) {
L_main9:
0x0748	0x0E80      	MOVLW       128
0x074A	0x184A      	XORWF       _number+1, 0 
0x074C	0x6E00      	MOVWF       R0 
0x074E	0x0E80      	MOVLW       128
0x0750	0x5C00      	SUBWF       R0, 0 
0x0752	0xE102      	BNZ         L__main36
0x0754	0x0E01      	MOVLW       1
0x0756	0x5C49      	SUBWF       _number, 0 
L__main36:
0x0758	0xE308      	BNC         L_main10
;bit_transform.c,171 :: 		seven_seg_out();
0x075A	0xDF33      	RCALL       _seven_seg_out
;bit_transform.c,172 :: 		reverse_bit_walk(750);
0x075C	0x0EEE      	MOVLW       238
0x075E	0x0100      	MOVLB       0
0x0760	0x6F6C      	MOVWF       FARG_reverse_bit_walk_delay_time, 1
0x0762	0x0E02      	MOVLW       2
0x0764	0x6F6D      	MOVWF       FARG_reverse_bit_walk_delay_time+1, 1
0x0766	0xDF1B      	RCALL       _reverse_bit_walk
;bit_transform.c,173 :: 		}
0x0768	0xD7EF      	BRA         L_main9
L_main10:
;bit_transform.c,174 :: 		reset_prog();
0x076A	0xDF07      	RCALL       _reset_prog
;bit_transform.c,177 :: 		lcd_display_out(txt4, empty_txt);
0x076C	0x0E19      	MOVLW       _txt4
0x076E	0x6F6C      	MOVWF       FARG_lcd_display_out_first_line, 1
0x0770	0x0E4B      	MOVLW       _empty_txt
0x0772	0x6F6D      	MOVWF       FARG_lcd_display_out_second_line, 1
0x0774	0xDF85      	RCALL       _lcd_display_out
;bit_transform.c,178 :: 		while (iteration_count > 0) {
L_main11:
0x0776	0x0E80      	MOVLW       128
0x0778	0x6E00      	MOVWF       R0 
0x077A	0x0E80      	MOVLW       128
0x077C	0x183C      	XORWF       _iteration_count+1, 0 
0x077E	0x5C00      	SUBWF       R0, 0 
0x0780	0xE102      	BNZ         L__main37
0x0782	0x503B      	MOVF        _iteration_count, 0 
0x0784	0x0800      	SUBLW       0
L__main37:
0x0786	0xE233      	BC          L_main12
;bit_transform.c,179 :: 		number_check(1);
0x0788	0x0E01      	MOVLW       1
0x078A	0x6F6C      	MOVWF       FARG_number_check_n, 1
0x078C	0x0E00      	MOVLW       0
0x078E	0x6F6D      	MOVWF       FARG_number_check_n+1, 1
0x0790	0xDEC1      	RCALL       _number_check
;bit_transform.c,180 :: 		while(number <= 128) {
L_main13:
0x0792	0x0E80      	MOVLW       128
0x0794	0x6E00      	MOVWF       R0 
0x0796	0x0E80      	MOVLW       128
0x0798	0x184A      	XORWF       _number+1, 0 
0x079A	0x5C00      	SUBWF       R0, 0 
0x079C	0xE102      	BNZ         L__main38
0x079E	0x5049      	MOVF        _number, 0 
0x07A0	0x0880      	SUBLW       128
L__main38:
0x07A2	0xE307      	BNC         L_main14
;bit_transform.c,181 :: 		seven_seg_out();
0x07A4	0xDF0E      	RCALL       _seven_seg_out
;bit_transform.c,182 :: 		bit_walk(new_delay); // parameter is delay in milliseconds
0x07A6	0xF06CC047  	MOVFF       _new_delay, FARG_bit_walk_delay_time
0x07AA	0xF06DC048  	MOVFF       _new_delay+1, FARG_bit_walk_delay_time+1
0x07AE	0xDF7F      	RCALL       _bit_walk
;bit_transform.c,183 :: 		}
0x07B0	0xD7F0      	BRA         L_main13
L_main14:
;bit_transform.c,189 :: 		if (new_delay >= 100) {
0x07B2	0x0E80      	MOVLW       128
0x07B4	0x1848      	XORWF       _new_delay+1, 0 
0x07B6	0x6E00      	MOVWF       R0 
0x07B8	0x0E80      	MOVLW       128
0x07BA	0x5C00      	SUBWF       R0, 0 
0x07BC	0xE102      	BNZ         L__main39
0x07BE	0x0E64      	MOVLW       100
0x07C0	0x5C47      	SUBWF       _new_delay, 0 
L__main39:
0x07C2	0xE305      	BNC         L_main15
;bit_transform.c,190 :: 		new_delay = new_delay - 100;
0x07C4	0x0E64      	MOVLW       100
0x07C6	0x5E47      	SUBWF       _new_delay, 1 
0x07C8	0x0E00      	MOVLW       0
0x07CA	0x5A48      	SUBWFB      _new_delay+1, 1 
;bit_transform.c,191 :: 		} else if (new_delay < 100) {
0x07CC	0xD00B      	BRA         L_main16
L_main15:
0x07CE	0x0E80      	MOVLW       128
0x07D0	0x1848      	XORWF       _new_delay+1, 0 
0x07D2	0x6E00      	MOVWF       R0 
0x07D4	0x0E80      	MOVLW       128
0x07D6	0x5C00      	SUBWF       R0, 0 
0x07D8	0xE102      	BNZ         L__main40
0x07DA	0x0E64      	MOVLW       100
0x07DC	0x5C47      	SUBWF       _new_delay, 0 
L__main40:
0x07DE	0xE202      	BC          L_main17
;bit_transform.c,192 :: 		new_delay = 0;
0x07E0	0x6A47      	CLRF        _new_delay 
0x07E2	0x6A48      	CLRF        _new_delay+1 
;bit_transform.c,193 :: 		}
L_main17:
L_main16:
;bit_transform.c,194 :: 		iteration_count--;
0x07E4	0x0E01      	MOVLW       1
0x07E6	0x5E3B      	SUBWF       _iteration_count, 1 
0x07E8	0x0E00      	MOVLW       0
0x07EA	0x5A3C      	SUBWFB      _iteration_count+1, 1 
;bit_transform.c,195 :: 		}
0x07EC	0xD7C4      	BRA         L_main11
L_main12:
;bit_transform.c,196 :: 		new_delay = 500;
0x07EE	0x0EF4      	MOVLW       244
0x07F0	0x6E47      	MOVWF       _new_delay 
0x07F2	0x0E01      	MOVLW       1
0x07F4	0x6E48      	MOVWF       _new_delay+1 
;bit_transform.c,197 :: 		iteration_count = 1000;
0x07F6	0x0EE8      	MOVLW       232
0x07F8	0x6E3B      	MOVWF       _iteration_count 
0x07FA	0x0E03      	MOVLW       3
0x07FC	0x6E3C      	MOVWF       _iteration_count+1 
;bit_transform.c,198 :: 		reset_prog();
0x07FE	0xDEBD      	RCALL       _reset_prog
;bit_transform.c,201 :: 		number_check(1);
0x0800	0x0E01      	MOVLW       1
0x0802	0x6F6C      	MOVWF       FARG_number_check_n, 1
0x0804	0x0E00      	MOVLW       0
0x0806	0x6F6D      	MOVWF       FARG_number_check_n+1, 1
0x0808	0xDE85      	RCALL       _number_check
;bit_transform.c,202 :: 		lcd_display_out(txt2, empty_txt);
0x080A	0x0E3D      	MOVLW       _txt2
0x080C	0x6F6C      	MOVWF       FARG_lcd_display_out_first_line, 1
0x080E	0x0E4B      	MOVLW       _empty_txt
0x0810	0x6F6D      	MOVWF       FARG_lcd_display_out_second_line, 1
0x0812	0xDF36      	RCALL       _lcd_display_out
;bit_transform.c,203 :: 		while (number < 256 ) {
L_main18:
0x0814	0x0E80      	MOVLW       128
0x0816	0x184A      	XORWF       _number+1, 0 
0x0818	0x6E00      	MOVWF       R0 
0x081A	0x0E80      	MOVLW       128
0x081C	0x0A01      	XORLW       1
0x081E	0x5C00      	SUBWF       R0, 0 
0x0820	0xE102      	BNZ         L__main41
0x0822	0x0E00      	MOVLW       0
0x0824	0x5C49      	SUBWF       _number, 0 
L__main41:
0x0826	0xE208      	BC          L_main19
;bit_transform.c,204 :: 		bit_climb(50); // parameter is delay in milliseconds
0x0828	0x0100      	MOVLB       0
0x082A	0x0E32      	MOVLW       50
0x082C	0x6F6C      	MOVWF       FARG_bit_climb_delay_time, 1
0x082E	0x0E00      	MOVLW       0
0x0830	0x6F6D      	MOVWF       FARG_bit_climb_delay_time+1, 1
0x0832	0xDF48      	RCALL       _bit_climb
;bit_transform.c,205 :: 		seven_seg_out();
0x0834	0xDEC6      	RCALL       _seven_seg_out
;bit_transform.c,206 :: 		}
0x0836	0xD7EE      	BRA         L_main18
L_main19:
;bit_transform.c,207 :: 		reset_prog();
0x0838	0xDEA0      	RCALL       _reset_prog
;bit_transform.c,208 :: 		}
0x083A	0xD753      	BRA         L_main4
;bit_transform.c,210 :: 		}
L_end_main:
0x083C	0xD7FF      	BRA         $+0
; end of _main
0x0888	0xF019EE10  	LFSR        1, 25
0x088C	0x0E4A      	MOVLW       74
0x088E	0x6E00      	MOVWF       R0 
0x0890	0x0E01      	MOVLW       1
0x0892	0x6E01      	MOVWF       R1 
0x0894	0x0E3E      	MOVLW       62
0x0896	0x6EF6      	MOVWF       4086 
0x0898	0x0E08      	MOVLW       8
0x089A	0x6EF7      	MOVWF       TBLPTRH 
0x089C	0x0E00      	MOVLW       0
0x089E	0x6EF8      	MOVWF       TBLPTRU 
0x08A0	0xF002EC98  	CALL        1328, 0
0x08A4	0x0012      	RETURN      0
;bit_transform.c,0 :: ?ICS_txt4
0x083E	0x6942 ;?ICS_txt4+0
0x0840	0x2074 ;?ICS_txt4+2
0x0842	0x6157 ;?ICS_txt4+4
0x0844	0x6B6C ;?ICS_txt4+6
0x0846	0x5320 ;?ICS_txt4+8
0x0848	0x6570 ;?ICS_txt4+10
0x084A	0x2064 ;?ICS_txt4+12
0x084C	0x7055 ;?ICS_txt4+14
0x084E	0x00 ;?ICS_txt4+16
; end of ?ICS_txt4
;bit_transform.c,0 :: ?ICS_txt3
0x084F	0x6552 ;?ICS_txt3+0
0x0851	0x6576 ;?ICS_txt3+2
0x0853	0x7372 ;?ICS_txt3+4
0x0855	0x2065 ;?ICS_txt3+6
0x0857	0x6942 ;?ICS_txt3+8
0x0859	0x2074 ;?ICS_txt3+10
0x085B	0x6157 ;?ICS_txt3+12
0x085D	0x6B6C ;?ICS_txt3+14
0x085F	0x00 ;?ICS_txt3+16
; end of ?ICS_txt3
;bit_transform.c,0 :: ?ICS_iteration_count
0x0860	0x03E8 ;?ICS_iteration_count+0
; end of ?ICS_iteration_count
;bit_transform.c,0 :: ?ICS_txt2
0x0862	0x6942 ;?ICS_txt2+0
0x0864	0x2074 ;?ICS_txt2+2
0x0866	0x6C43 ;?ICS_txt2+4
0x0868	0x6D69 ;?ICS_txt2+6
0x086A	0x0062 ;?ICS_txt2+8
; end of ?ICS_txt2
;bit_transform.c,0 :: ?ICS_new_delay
0x086C	0x01F4 ;?ICS_new_delay+0
; end of ?ICS_new_delay
;bit_transform.c,0 :: ?ICS_number
0x086E	0x0001 ;?ICS_number+0
; end of ?ICS_number
;bit_transform.c,0 :: ?ICS_empty_txt
0x0870	0x7942 ;?ICS_empty_txt+0
0x0872	0x5020 ;?ICS_empty_txt+2
0x0874	0x6E65 ;?ICS_empty_txt+4
0x0876	0x796E ;?ICS_empty_txt+6
0x0878	0x4220 ;?ICS_empty_txt+8
0x087A	0x6C65 ;?ICS_empty_txt+10
0x087C	0x656C ;?ICS_empty_txt+12
0x087E	0x00 ;?ICS_empty_txt+14
; end of ?ICS_empty_txt
;bit_transform.c,0 :: ?ICS_txt1
0x087F	0x6942 ;?ICS_txt1+0
0x0881	0x2074 ;?ICS_txt1+2
0x0883	0x6157 ;?ICS_txt1+4
0x0885	0x6B6C ;?ICS_txt1+6
0x0887	0x00 ;?ICS_txt1+8
; end of ?ICS_txt1
Symbol List:
//** Routines locations **
//ADDRESS    SIZE    PROCEDURE
//----------------------------------------------
0x0008      [98]    _interrupt
0x006A      [10]    _Delay_50us
0x0074      [22]    _Delay_5500us
0x008A       [6]    _Delay_1us
0x0090     [126]    _Lcd_Cmd
0x010E      [82]    _Mul_32x32_U
0x0160      [14]    _Lcd_Chr_CP
0x016E      [88]    _Div_16x16_S_L
0x01C6     [190]    _VDelay_ms
0x0284     [126]    _Lcd_Out
0x0302     [126]    _mask
0x0380     [198]    _Div_16x16_S
0x0446      [54]    _Div_16X16_U
0x047C     [152]    _Lcd_Init
0x0514      [24]    _number_check
0x052C       [4]    _bit_walk_prep
0x0530      [16]    ___CC2DW
0x0540      [20]    _lcd_display_prep
0x0554      [38]    _seven_seg_prep
0x057A      [36]    _reset_prog
0x059E      [36]    _reverse_bit_walk
0x05C2     [190]    _seven_seg_out
0x0680      [46]    _lcd_display_out
0x06AE      [22]    _bit_walk
0x06C4      [20]    _bit_climb
0x06D8     [358]    _main
//** Variables locations ** 
//ADDRESS    SIZE    VARIABLE
//----------------------------------------------
0x0000       [1]    R0
0x0001       [1]    R1
0x0002       [1]    R2
0x0003       [1]    R3
0x0004       [1]    R4
0x0005       [1]    R5
0x0006       [1]    R6
0x0007       [1]    R7
0x0008       [1]    R8
0x0009       [1]    R9
0x000A       [1]    R10
0x000B       [1]    R11
0x000C       [1]    R12
0x000D       [1]    R13
0x000E       [1]    R14
0x000F       [1]    R15
0x0010       [1]    R16
0x0011       [1]    R17
0x0012       [1]    R18
0x0013       [1]    R19
0x0014       [1]    R20
0x0019      [17]    _txt4
0x002A      [17]    _txt3
0x003B       [2]    _iteration_count
0x003D      [10]    _txt2
0x0047       [2]    _new_delay
0x0049       [2]    _number
0x004B      [15]    _empty_txt
0x005A       [9]    _txt1
0x0063       [2]    _digit
0x0065       [4]    _portd_array
0x0069       [1]    _portd_index
0x006A       [0]    __Lib_Lcd_cmd_status
0x006B       [1]    _shifter
0x006C       [2]    FARG_reverse_bit_walk_delay_time
0x006C       [2]    FARG_bit_walk_delay_time
0x006C       [2]    FARG_number_check_n
0x006C       [2]    FARG_bit_climb_delay_time
0x006C       [1]    FARG_lcd_display_out_first_line
0x006D       [1]    FARG_lcd_display_out_second_line
0x006E       [1]    FARG_mask_num
0x006E       [2]    FARG_VDelay_ms_Time_ms
0x006E       [1]    FARG_Lcd_Out_row
0x006F       [1]    FARG_Lcd_Out_column
0x0070       [4]    VDelay_ms_NumberOfCyc_L0
0x0070       [2]    FARG_Lcd_Out_text
0x0072       [1]    Lcd_Out_i_L0
0x0074       [1]    FARG_Lcd_Chr_CP_out_char
0x0075       [1]    FARG_Lcd_Cmd_out_char
0x0F38       [1]    ANSELA
0x0F39       [1]    ANSELB
0x0F3B       [1]    ANSELD
0x0F82       [1]    PORTC
0x0F89       [1]    LATA
0x0F8A       [0]    LATB4_bit
0x0F8A       [0]    LCD_D7
0x0F8A       [0]    LATB3_bit
0x0F8A       [0]    LATB5_bit
0x0F8A       [0]    LCD_RS
0x0F8A       [0]    LCD_D6
0x0F8A       [0]    LATB1_bit
0x0F8A       [0]    LCD_EN
0x0F8A       [0]    LATB0_bit
0x0F8A       [0]    LCD_D4
0x0F8A       [0]    LCD_D5
0x0F8A       [0]    LATB2_bit
0x0F8C       [1]    LATD
0x0F92       [1]    TRISA
0x0F93       [0]    TRISB1_bit
0x0F93       [0]    LCD_D7_Direction
0x0F93       [0]    TRISB4_bit
0x0F93       [0]    TRISB3_bit
0x0F93       [0]    TRISB2_bit
0x0F93       [0]    TRISB0_bit
0x0F93       [0]    LCD_EN_Direction
0x0F93       [0]    LCD_RS_Direction
0x0F93       [0]    LCD_D4_Direction
0x0F93       [0]    LCD_D6_Direction
0x0F93       [0]    LCD_D5_Direction
0x0F93       [0]    TRISB5_bit
0x0F94       [1]    TRISC
0x0F95       [1]    TRISD
0x0FD5       [1]    T0CON
0x0FD6       [1]    TMR0L
0x0FD8       [1]    STATUS
0x0FD9       [1]    FSR2L
0x0FDA       [1]    FSR2H
0x0FDE       [1]    POSTINC2
0x0FE0       [1]    BSR
0x0FE1       [1]    FSR1L
0x0FE2       [1]    FSR1H
0x0FE4       [1]    PREINC1
0x0FE6       [1]    POSTINC1
0x0FE7       [1]    INDF1
0x0FE8       [1]    WREG
0x0FE9       [1]    FSR0L
0x0FEA       [1]    FSR0H
0x0FEE       [1]    POSTINC0
0x0FF2       [0]    TMR0IE_bit
0x0FF2       [0]    GIE_bit
0x0FF2       [0]    TMR0IF_bit
0x0FF3       [1]    PRODL
0x0FF4       [1]    PRODH
0x0FF5       [1]    TABLAT
0x0FF6       [1]    TBLPTRL
0x0FF7       [1]    TBLPTRH
0x0FF8       [1]    TBLPTRU
//** Constants locations ** 
//ADDRESS    SIZE    CONSTANT
//----------------------------------------------
0x083E      [17]    ?ICS_txt4
0x084F      [17]    ?ICS_txt3
0x0860       [2]    ?ICS_iteration_count
0x0862      [10]    ?ICS_txt2
0x086C       [2]    ?ICS_new_delay
0x086E       [2]    ?ICS_number
0x0870      [15]    ?ICS_empty_txt
0x087F       [9]    ?ICS_txt1
