0	1	mikroCPIC1618.exe -MSF -DBG -pP18F45K22 -DL -O11111114 -fo8 -N"C:\Users\michelle\Documents\GitHub\PIC18F45K22\bit_transform\bit_transform.mcppi" -SP"C:\Users\Public\Documents\Mikroelektronika\mikroC PRO for PIC\Defs\" -SP"C:\Users\Public\Documents\Mikroelektronika\mikroC PRO for PIC\uses\P18\" -SP"C:\Users\michelle\Documents\GitHub\PIC18F45K22\bit_transform\" -IP"C:\Users\Public\Documents\Mikroelektronika\mikroC PRO for PIC\uses\P18\" "bit_transform.c" "Display_Utils.c" "__Lib_Math.mcl" "__Lib_MathDouble.mcl" "__Lib_System.mcl" "__Lib_Delays.mcl" "__Lib_LcdConsts.mcl" "__Lib_Lcd.mcl"	 
hint: 0	1139	Available RAM: 1515 [bytes], Available ROM: 32768 [bytes]	 
hint: 6	1354	 warning: "/*" within comment     /* ************************************************************************** */	C:\Users\michelle\Documents\GitHub\PIC18F45K22\bit_transform\bit_transform.c
diagnostics: 0	122	Compilation Started	display_utils.h
warning: 96	1508	Implicit conversion of int to ptr	bit_transform.c
warning: 98	1508	Implicit conversion of int to ptr	bit_transform.c
warning: 160	1506	Implicit conversion of pointer to int	bit_transform.c
warning: 160	1506	Implicit conversion of pointer to int	bit_transform.c
warning: 169	1506	Implicit conversion of pointer to int	bit_transform.c
warning: 169	1506	Implicit conversion of pointer to int	bit_transform.c
warning: 177	1506	Implicit conversion of pointer to int	bit_transform.c
warning: 177	1506	Implicit conversion of pointer to int	bit_transform.c
warning: 202	1506	Implicit conversion of pointer to int	bit_transform.c
warning: 202	1506	Implicit conversion of pointer to int	bit_transform.c
diagnostics: 210	123	Compiled Successfully	bit_transform.c
diagnostics: 0	122	Compilation Started	Display_Utils.c
diagnostics: 15	123	Compiled Successfully	Display_Utils.c
diagnostics: 0	127	All files Compiled in 156 ms	 
hint: 0	1144	Used RAM (bytes): 92 (6%)  Free RAM (bytes): 1423 (94%)	Used RAM (bytes): 92 (6%)  Free RAM (bytes): 1423 (94%)
hint: 0	1144	Used ROM (bytes): 2212 (7%)  Free ROM (bytes): 30556 (93%)	Used ROM (bytes): 2212 (7%)  Free ROM (bytes): 30556 (93%)
diagnostics: 0	125	Project Linked Successfully	bit_transform.mcppi
diagnostics: 0	128	Linked in 31 ms	 
diagnostics: 0	129	Project 'bit_transform.mcppi' completed: 343 ms	 
diagnostics: 0	103	Finished successfully: 18 Mar 2025, 13:48:49	bit_transform.mcppi
