;  LST file generated by mikroListExporter - v.2.0 
; Date/Time: 9/10/2025 1:24:31 PM
;----------------------------------------------

;Address Opcode 	ASM
0x0000	0xF000EF16  	GOTO        44
0x0004	0x0000      	NOP
0x0006	0x0000      	NOP
0x0008	0xF000EF00  	GOTO        0
0x000C	0x0000      	NOP
0x000E	0x0000      	NOP
0x0010	0x0000      	NOP
0x0012	0x0000      	NOP
0x0014	0x0000      	NOP
0x0016	0x0000      	NOP
0x0018	0xD7F3      	BRA         0
___CC2DW:
;__Lib_System.c,21 :: 		
;__Lib_System.c,23 :: 		
_CC2DL_Loop1:
;__Lib_System.c,24 :: 		
0x001C	0x0009      	TBLRD*+
;__Lib_System.c,25 :: 		
0x001E	0xFFE6CFF5  	MOVFF       TABLAT, POSTINC1
;__Lib_System.c,26 :: 		
0x0022	0x0600      	DECF        R0, 1, 0
;__Lib_System.c,27 :: 		
0x0024	0xE1FB      	BNZ         _CC2DL_Loop1
;__Lib_System.c,28 :: 		
0x0026	0x0601      	DECF        R1, 1, 0
;__Lib_System.c,29 :: 		
0x0028	0xE1F9      	BNZ         _CC2DL_Loop1
;__Lib_System.c,31 :: 		
L_end___CC2DW:
0x002A	0x0012      	RETURN      0
; end of ___CC2DW
_main:
;lab_2.c,37 :: 		void main() {     // Main Function (program core)
;lab_2.c,38 :: 		TRISC = 0x00;   // TRISC sets direction of data traffic on PORTC to Output
0x002C	0x6A94      	CLRF        TRISC 
;lab_2.c,39 :: 		PORTC = 0x00;   // Set PORTC logic to low
0x002E	0x6A82      	CLRF        PORTC 
;lab_2.c,40 :: 		TRISB = 0xFF;   // TRISB sets direction of data traffic on PORTB to Input
0x0030	0x0EFF      	MOVLW       255
0x0032	0x6E93      	MOVWF       TRISB 
;lab_2.c,41 :: 		ANSELB = 0x00;  //
0x0034	0x010F      	MOVLB       15
0x0036	0x6B39      	CLRF        ANSELB, 1
;lab_2.c,44 :: 		while(1) {
L_main0:
;lab_2.c,54 :: 		if (PORTB == 0b00000001) {
0x0038	0x5081      	MOVF        PORTB, 0 
0x003A	0x0A01      	XORLW       1
0x003C	0xE110      	BNZ         L_main2
;lab_2.c,55 :: 		PORTC = 0x55;
0x003E	0x0E55      	MOVLW       85
0x0040	0x6E82      	MOVWF       PORTC 
;lab_2.c,56 :: 		delay_ms(2000);
0x0042	0x0E15      	MOVLW       21
0x0044	0x6E0B      	MOVWF       R11, 0
0x0046	0x0E4B      	MOVLW       75
0x0048	0x6E0C      	MOVWF       R12, 0
0x004A	0x0EBE      	MOVLW       190
0x004C	0x6E0D      	MOVWF       R13, 0
L_main3:
0x004E	0x2E0D      	DECFSZ      R13, 1, 0
0x0050	0xD7FE      	BRA         L_main3
0x0052	0x2E0C      	DECFSZ      R12, 1, 0
0x0054	0xD7FC      	BRA         L_main3
0x0056	0x2E0B      	DECFSZ      R11, 1, 0
0x0058	0xD7FA      	BRA         L_main3
0x005A	0x0000      	NOP
;lab_2.c,57 :: 		} else {
0x005C	0xD00F      	BRA         L_main4
L_main2:
;lab_2.c,58 :: 		PORTC = 0xAA;
0x005E	0x0EAA      	MOVLW       170
0x0060	0x6E82      	MOVWF       PORTC 
;lab_2.c,59 :: 		delay_ms(2000);
0x0062	0x0E15      	MOVLW       21
0x0064	0x6E0B      	MOVWF       R11, 0
0x0066	0x0E4B      	MOVLW       75
0x0068	0x6E0C      	MOVWF       R12, 0
0x006A	0x0EBE      	MOVLW       190
0x006C	0x6E0D      	MOVWF       R13, 0
L_main5:
0x006E	0x2E0D      	DECFSZ      R13, 1, 0
0x0070	0xD7FE      	BRA         L_main5
0x0072	0x2E0C      	DECFSZ      R12, 1, 0
0x0074	0xD7FC      	BRA         L_main5
0x0076	0x2E0B      	DECFSZ      R11, 1, 0
0x0078	0xD7FA      	BRA         L_main5
0x007A	0x0000      	NOP
;lab_2.c,60 :: 		}
L_main4:
;lab_2.c,61 :: 		}
0x007C	0xD7DD      	BRA         L_main0
;lab_2.c,62 :: 		}
L_end_main:
0x007E	0xD7FF      	BRA         $+0
; end of _main
Symbol List:
//** Routines locations **
//ADDRESS    SIZE    PROCEDURE
//----------------------------------------------
0x001C      [16]    ___CC2DW
0x002C      [84]    _main
//** Variables locations ** 
//ADDRESS    SIZE    VARIABLE
//----------------------------------------------
0x0000       [1]    R0
0x0001       [1]    R1
0x0002       [1]    R2
0x0003       [1]    R3
0x0004       [1]    R4
0x0005       [1]    R5
0x0006       [1]    R6
0x0007       [1]    R7
0x0008       [1]    R8
0x0009       [1]    R9
0x000A       [1]    R10
0x000B       [1]    R11
0x000C       [1]    R12
0x000D       [1]    R13
0x000E       [1]    R14
0x000F       [1]    R15
0x0010       [1]    R16
0x0011       [1]    R17
0x0012       [1]    R18
0x0013       [1]    R19
0x0014       [1]    R20
0x0F39       [1]    ANSELB
0x0F81       [1]    PORTB
0x0F82       [1]    PORTC
0x0F93       [1]    TRISB
0x0F94       [1]    TRISC
0x0FD8       [1]    STATUS
0x0FD9       [1]    FSR2L
0x0FDA       [1]    FSR2H
0x0FDE       [1]    POSTINC2
0x0FE0       [1]    BSR
0x0FE1       [1]    FSR1L
0x0FE2       [1]    FSR1H
0x0FE4       [1]    PREINC1
0x0FE6       [1]    POSTINC1
0x0FE7       [1]    INDF1
0x0FE8       [1]    WREG
0x0FE9       [1]    FSR0L
0x0FEA       [1]    FSR0H
0x0FEE       [1]    POSTINC0
0x0FF3       [1]    PRODL
0x0FF4       [1]    PRODH
0x0FF5       [1]    TABLAT
0x0FF6       [1]    TBLPTRL
0x0FF7       [1]    TBLPTRH
0x0FF8       [1]    TBLPTRU
