;  LST file generated by mikroListExporter - v.2.0 
; Date/Time: 4/1/2025 4:12:29 PM
;----------------------------------------------

;Address Opcode 	ASM
0x0000	0xF001EFB2  	GOTO        868
0x0004	0x0000      	NOP
0x0006	0x0000      	NOP
0x0008	0xF000EF00  	GOTO        0
0x000C	0x0000      	NOP
0x000E	0x0000      	NOP
0x0010	0x0000      	NOP
0x0012	0x0000      	NOP
0x0014	0x0000      	NOP
0x0016	0x0000      	NOP
0x0018	0xD7F3      	BRA         0
_Delay_50us:
;__Lib_Delays.c,19 :: 		void Delay_50us() {
;__Lib_Delays.c,20 :: 		Delay_us(50);
0x001C	0x0E21      	MOVLW       33
0x001E	0x6E0D      	MOVWF       R13, 0
L_Delay_50us2:
0x0020	0x2E0D      	DECFSZ      R13, 1, 0
0x0022	0xD7FE      	BRA         L_Delay_50us2
;__Lib_Delays.c,21 :: 		}
L_end_Delay_50us:
0x0024	0x0012      	RETURN      0
; end of _Delay_50us
_Delay_5500us:
;__Lib_Delays.c,31 :: 		void Delay_5500us() {
;__Lib_Delays.c,32 :: 		Delay_us(5500);
0x0026	0x0E0F      	MOVLW       15
0x0028	0x6E0C      	MOVWF       R12, 0
0x002A	0x0E47      	MOVLW       71
0x002C	0x6E0D      	MOVWF       R13, 0
L_Delay_5500us5:
0x002E	0x2E0D      	DECFSZ      R13, 1, 0
0x0030	0xD7FE      	BRA         L_Delay_5500us5
0x0032	0x2E0C      	DECFSZ      R12, 1, 0
0x0034	0xD7FC      	BRA         L_Delay_5500us5
0x0036	0x0000      	NOP
0x0038	0x0000      	NOP
;__Lib_Delays.c,33 :: 		}
L_end_Delay_5500us:
0x003A	0x0012      	RETURN      0
; end of _Delay_5500us
_Delay_1us:
;__Lib_Delays.c,7 :: 		void Delay_1us() {
;__Lib_Delays.c,8 :: 		Delay_us(1);
0x003C	0x0000      	NOP
0x003E	0x0000      	NOP
;__Lib_Delays.c,9 :: 		}
L_end_Delay_1us:
0x0040	0x0012      	RETURN      0
; end of _Delay_1us
_Lcd_Cmd:
;__Lib_Lcd.c,18 :: 		
;__Lib_Lcd.c,20 :: 		
0x0042	0xBE42      	BTFSC       FARG_Lcd_Cmd_out_char, 7 
0x0044	0xD002      	BRA         L__Lcd_Cmd21
0x0046	0x968A      	BCF         LCD_D7, BitPos(LCD_D7+0) 
0x0048	0xD001      	BRA         L__Lcd_Cmd22
L__Lcd_Cmd21:
0x004A	0x868A      	BSF         LCD_D7, BitPos(LCD_D7+0) 
L__Lcd_Cmd22:
;__Lib_Lcd.c,21 :: 		
0x004C	0xBC42      	BTFSC       FARG_Lcd_Cmd_out_char, 6 
0x004E	0xD002      	BRA         L__Lcd_Cmd23
0x0050	0x948A      	BCF         LCD_D6, BitPos(LCD_D6+0) 
0x0052	0xD001      	BRA         L__Lcd_Cmd24
L__Lcd_Cmd23:
0x0054	0x848A      	BSF         LCD_D6, BitPos(LCD_D6+0) 
L__Lcd_Cmd24:
;__Lib_Lcd.c,22 :: 		
0x0056	0xBA42      	BTFSC       FARG_Lcd_Cmd_out_char, 5 
0x0058	0xD002      	BRA         L__Lcd_Cmd25
0x005A	0x928A      	BCF         LCD_D5, BitPos(LCD_D5+0) 
0x005C	0xD001      	BRA         L__Lcd_Cmd26
L__Lcd_Cmd25:
0x005E	0x828A      	BSF         LCD_D5, BitPos(LCD_D5+0) 
L__Lcd_Cmd26:
;__Lib_Lcd.c,23 :: 		
0x0060	0xB842      	BTFSC       FARG_Lcd_Cmd_out_char, 4 
0x0062	0xD002      	BRA         L__Lcd_Cmd27
0x0064	0x908A      	BCF         LCD_D4, BitPos(LCD_D4+0) 
0x0066	0xD001      	BRA         L__Lcd_Cmd28
L__Lcd_Cmd27:
0x0068	0x808A      	BSF         LCD_D4, BitPos(LCD_D4+0) 
L__Lcd_Cmd28:
;__Lib_Lcd.c,25 :: 		
0x006A	0xB038      	BTFSC       __Lib_Lcd_cmd_status, BitPos(__Lib_Lcd_cmd_status+0) 
0x006C	0xD002      	BRA         L__Lcd_Cmd29
0x006E	0x888A      	BSF         LCD_RS, BitPos(LCD_RS+0) 
0x0070	0xD001      	BRA         L__Lcd_Cmd30
L__Lcd_Cmd29:
0x0072	0x988A      	BCF         LCD_RS, BitPos(LCD_RS+0) 
L__Lcd_Cmd30:
;__Lib_Lcd.c,28 :: 		
0x0074	0x8A8A      	BSF         LCD_EN, BitPos(LCD_EN+0) 
;__Lib_Lcd.c,29 :: 		
0x0076	0xDFE2      	RCALL       _Delay_1us
;__Lib_Lcd.c,30 :: 		
0x0078	0x9A8A      	BCF         LCD_EN, BitPos(LCD_EN+0) 
;__Lib_Lcd.c,33 :: 		
0x007A	0xB642      	BTFSC       FARG_Lcd_Cmd_out_char, 3 
0x007C	0xD002      	BRA         L__Lcd_Cmd31
0x007E	0x968A      	BCF         LCD_D7, BitPos(LCD_D7+0) 
0x0080	0xD001      	BRA         L__Lcd_Cmd32
L__Lcd_Cmd31:
0x0082	0x868A      	BSF         LCD_D7, BitPos(LCD_D7+0) 
L__Lcd_Cmd32:
;__Lib_Lcd.c,34 :: 		
0x0084	0xB442      	BTFSC       FARG_Lcd_Cmd_out_char, 2 
0x0086	0xD002      	BRA         L__Lcd_Cmd33
0x0088	0x948A      	BCF         LCD_D6, BitPos(LCD_D6+0) 
0x008A	0xD001      	BRA         L__Lcd_Cmd34
L__Lcd_Cmd33:
0x008C	0x848A      	BSF         LCD_D6, BitPos(LCD_D6+0) 
L__Lcd_Cmd34:
;__Lib_Lcd.c,35 :: 		
0x008E	0xB242      	BTFSC       FARG_Lcd_Cmd_out_char, 1 
0x0090	0xD002      	BRA         L__Lcd_Cmd35
0x0092	0x928A      	BCF         LCD_D5, BitPos(LCD_D5+0) 
0x0094	0xD001      	BRA         L__Lcd_Cmd36
L__Lcd_Cmd35:
0x0096	0x828A      	BSF         LCD_D5, BitPos(LCD_D5+0) 
L__Lcd_Cmd36:
;__Lib_Lcd.c,36 :: 		
0x0098	0xB042      	BTFSC       FARG_Lcd_Cmd_out_char, 0 
0x009A	0xD002      	BRA         L__Lcd_Cmd37
0x009C	0x908A      	BCF         LCD_D4, BitPos(LCD_D4+0) 
0x009E	0xD001      	BRA         L__Lcd_Cmd38
L__Lcd_Cmd37:
0x00A0	0x808A      	BSF         LCD_D4, BitPos(LCD_D4+0) 
L__Lcd_Cmd38:
;__Lib_Lcd.c,38 :: 		
0x00A2	0xB038      	BTFSC       __Lib_Lcd_cmd_status, BitPos(__Lib_Lcd_cmd_status+0) 
0x00A4	0xD002      	BRA         L__Lcd_Cmd39
0x00A6	0x888A      	BSF         LCD_RS, BitPos(LCD_RS+0) 
0x00A8	0xD001      	BRA         L__Lcd_Cmd40
L__Lcd_Cmd39:
0x00AA	0x988A      	BCF         LCD_RS, BitPos(LCD_RS+0) 
L__Lcd_Cmd40:
;__Lib_Lcd.c,40 :: 		
0x00AC	0x8A8A      	BSF         LCD_EN, BitPos(LCD_EN+0) 
;__Lib_Lcd.c,41 :: 		
0x00AE	0xDFC6      	RCALL       _Delay_1us
;__Lib_Lcd.c,42 :: 		
0x00B0	0x9A8A      	BCF         LCD_EN, BitPos(LCD_EN+0) 
;__Lib_Lcd.c,44 :: 		
0x00B2	0xA038      	BTFSS       __Lib_Lcd_cmd_status, BitPos(__Lib_Lcd_cmd_status+0) 
0x00B4	0xD002      	BRA         L_Lcd_Cmd0
;__Lib_Lcd.c,45 :: 		
0x00B6	0xDFB7      	RCALL       _Delay_5500us
0x00B8	0xD001      	BRA         L_Lcd_Cmd1
L_Lcd_Cmd0:
;__Lib_Lcd.c,47 :: 		
0x00BA	0xDFB0      	RCALL       _Delay_50us
L_Lcd_Cmd1:
;__Lib_Lcd.c,48 :: 		
L_end_Lcd_Cmd:
0x00BC	0x0012      	RETURN      0
; end of _Lcd_Cmd
_Lcd_Chr_CP:
;__Lib_Lcd.c,50 :: 		
;__Lib_Lcd.c,52 :: 		
0x00BE	0x9038      	BCF         __Lib_Lcd_cmd_status, BitPos(__Lib_Lcd_cmd_status+0) 
;__Lib_Lcd.c,53 :: 		
0x00C0	0xF042C041  	MOVFF       FARG_Lcd_Chr_CP_out_char, FARG_Lcd_Cmd_out_char
0x00C4	0xDFBE      	RCALL       _Lcd_Cmd
;__Lib_Lcd.c,54 :: 		
0x00C6	0x8038      	BSF         __Lib_Lcd_cmd_status, BitPos(__Lib_Lcd_cmd_status+0) 
;__Lib_Lcd.c,55 :: 		
L_end_Lcd_Chr_CP:
0x00C8	0x0012      	RETURN      0
; end of _Lcd_Chr_CP
_Mul_32x32_U:
;__Lib_Math.c,1616 :: 		
;__Lib_Math.c,1631 :: 		
0x00CA	0x0E22      	MOVLW       34
;__Lib_Math.c,1632 :: 		
0x00CC	0x6E0C      	MOVWF       R12, 0
;__Lib_Math.c,1633 :: 		
0x00CE	0x6A08      	CLRF        R8, 0
;__Lib_Math.c,1634 :: 		
0x00D0	0x6A09      	CLRF        R9, 0
;__Lib_Math.c,1635 :: 		
0x00D2	0x6A0A      	CLRF        R10, 0
;__Lib_Math.c,1636 :: 		
0x00D4	0x6A0B      	CLRF        R11, 0
;__Lib_Math.c,1638 :: 		
_NEXT:
;__Lib_Math.c,1642 :: 		
0x00D6	0x060C      	DECF        R12, 1, 0
;__Lib_Math.c,1643 :: 		
0x00D8	0xB4D8      	BTFSC       STATUS, 2, 0
;__Lib_Math.c,1644 :: 		
0x00DA	0xD01F      	BRA         _EXIT2
;__Lib_Math.c,1645 :: 		
0x00DC	0x90D8      	BCF         STATUS, 0, 0
;__Lib_Math.c,1647 :: 		
_LOOP:
;__Lib_Math.c,1656 :: 		
0x00DE	0x320B      	RRCF        R11, 1, 0
;__Lib_Math.c,1657 :: 		
0x00E0	0x320A      	RRCF        R10, 1, 0
;__Lib_Math.c,1658 :: 		
0x00E2	0x3209      	RRCF        R9, 1, 0
;__Lib_Math.c,1659 :: 		
0x00E4	0x3208      	RRCF        R8, 1, 0
;__Lib_Math.c,1660 :: 		
0x00E6	0x3203      	RRCF        R3, 1, 0
;__Lib_Math.c,1661 :: 		
0x00E8	0x3202      	RRCF        R2, 1, 0
;__Lib_Math.c,1662 :: 		
0x00EA	0x3201      	RRCF        R1, 1, 0
;__Lib_Math.c,1663 :: 		
0x00EC	0x3200      	RRCF        R0, 1, 0
;__Lib_Math.c,1668 :: 		
0x00EE	0xA0D8      	BTFSS       STATUS, 0, 0
;__Lib_Math.c,1669 :: 		
0x00F0	0xD7F2      	BRA         _NEXT
;__Lib_Math.c,1670 :: 		
0x00F2	0x060C      	DECF        R12, 1, 0
;__Lib_Math.c,1671 :: 		
0x00F4	0xB4D8      	BTFSC       STATUS, 2, 0
;__Lib_Math.c,1672 :: 		
0x00F6	0xD009      	BRA         _EXIT1
;__Lib_Math.c,1679 :: 		
0x00F8	0x5004      	MOVF        R4, 0, 0
;__Lib_Math.c,1680 :: 		
0x00FA	0x2608      	ADDWF       R8, 1, 0
;__Lib_Math.c,1681 :: 		
0x00FC	0x5005      	MOVF        R5, 0, 0
;__Lib_Math.c,1684 :: 		
0x00FE	0x2209      	ADDWFC      R9, 1, 0
;__Lib_Math.c,1685 :: 		
0x0100	0x5006      	MOVF        R6, 0, 0
;__Lib_Math.c,1688 :: 		
0x0102	0x220A      	ADDWFC      R10, 1, 0
;__Lib_Math.c,1689 :: 		
0x0104	0x5007      	MOVF        R7, 0, 0
;__Lib_Math.c,1692 :: 		
0x0106	0x220B      	ADDWFC      R11, 1, 0
;__Lib_Math.c,1694 :: 		
0x0108	0xD7EA      	BRA         _LOOP
;__Lib_Math.c,1696 :: 		
_EXIT1:
;__Lib_Math.c,1701 :: 		
0x010A	0x5004      	MOVF        R4, 0, 0
;__Lib_Math.c,1702 :: 		
0x010C	0x2608      	ADDWF       R8, 1, 0
;__Lib_Math.c,1703 :: 		
0x010E	0x5005      	MOVF        R5, 0, 0
;__Lib_Math.c,1706 :: 		
0x0110	0x2209      	ADDWFC      R9, 1, 0
;__Lib_Math.c,1707 :: 		
0x0112	0x5006      	MOVF        R6, 0, 0
;__Lib_Math.c,1710 :: 		
0x0114	0x220A      	ADDWFC      R10, 1, 0
;__Lib_Math.c,1711 :: 		
0x0116	0x5007      	MOVF        R7, 0, 0
;__Lib_Math.c,1714 :: 		
0x0118	0x220B      	ADDWFC      R11, 1, 0
;__Lib_Math.c,1717 :: 		
_EXIT2:
;__Lib_Math.c,1719 :: 		
L_end_Mul_32x32_U:
0x011A	0x0012      	RETURN      0
; end of _Mul_32x32_U
_VDelay_ms:
;__Lib_Delays.c,123 :: 		void VDelay_ms(unsigned Time_ms){
;__Lib_Delays.c,126 :: 		NumberOfCyc = Clock_kHz()>>2;
0x011C	0x0ED0      	MOVLW       208
0x011E	0x6E3D      	MOVWF       VDelay_ms_NumberOfCyc_L0 
0x0120	0x0E07      	MOVLW       7
0x0122	0x6E3E      	MOVWF       VDelay_ms_NumberOfCyc_L0+1 
0x0124	0x0E00      	MOVLW       0
0x0126	0x6E3F      	MOVWF       VDelay_ms_NumberOfCyc_L0+2 
0x0128	0x6E40      	MOVWF       VDelay_ms_NumberOfCyc_L0+3 
;__Lib_Delays.c,127 :: 		NumberOfCyc *= Time_ms;
0x012A	0x0ED0      	MOVLW       208
0x012C	0x6E00      	MOVWF       R0 
0x012E	0x0E07      	MOVLW       7
0x0130	0x6E01      	MOVWF       R1 
0x0132	0x0E00      	MOVLW       0
0x0134	0x6E02      	MOVWF       R2 
0x0136	0x0E00      	MOVLW       0
0x0138	0x6E03      	MOVWF       R3 
0x013A	0xF004C03B  	MOVFF       FARG_VDelay_ms_Time_ms, R4
0x013E	0xF005C03C  	MOVFF       FARG_VDelay_ms_Time_ms+1, R5
0x0142	0x0E00      	MOVLW       0
0x0144	0x6E06      	MOVWF       R6 
0x0146	0x6E07      	MOVWF       R7 
0x0148	0xDFC0      	RCALL       _Mul_32x32_U
0x014A	0xF03DC000  	MOVFF       R0, VDelay_ms_NumberOfCyc_L0
0x014E	0xF03EC001  	MOVFF       R1, VDelay_ms_NumberOfCyc_L0+1
0x0152	0xF03FC002  	MOVFF       R2, VDelay_ms_NumberOfCyc_L0+2
0x0156	0xF040C003  	MOVFF       R3, VDelay_ms_NumberOfCyc_L0+3
;__Lib_Delays.c,128 :: 		if (NumberOfCyc < 660)
0x015A	0x0E00      	MOVLW       0
0x015C	0x5C03      	SUBWF       R3, 0 
0x015E	0xE108      	BNZ         L__VDelay_ms54
0x0160	0x0E00      	MOVLW       0
0x0162	0x5C02      	SUBWF       R2, 0 
0x0164	0xE105      	BNZ         L__VDelay_ms54
0x0166	0x0E02      	MOVLW       2
0x0168	0x5C01      	SUBWF       R1, 0 
0x016A	0xE102      	BNZ         L__VDelay_ms54
0x016C	0x0E94      	MOVLW       148
0x016E	0x5C00      	SUBWF       R0, 0 
L__VDelay_ms54:
0x0170	0xE201      	BC          L_VDelay_ms23
;__Lib_Delays.c,129 :: 		return;
0x0172	0xD031      	BRA         L_end_VDelay_ms
L_VDelay_ms23:
;__Lib_Delays.c,130 :: 		NumberOfCyc -= 660;
0x0174	0x0E94      	MOVLW       148
0x0176	0x5E3D      	SUBWF       VDelay_ms_NumberOfCyc_L0, 1 
0x0178	0x0E02      	MOVLW       2
0x017A	0x5A3E      	SUBWFB      VDelay_ms_NumberOfCyc_L0+1, 1 
0x017C	0x0E00      	MOVLW       0
0x017E	0x5A3F      	SUBWFB      VDelay_ms_NumberOfCyc_L0+2, 1 
0x0180	0x5A40      	SUBWFB      VDelay_ms_NumberOfCyc_L0+3, 1 
;__Lib_Delays.c,131 :: 		NumberOfCyc >>=  5;
0x0182	0x0E05      	MOVLW       5
0x0184	0x6E00      	MOVWF       R0 
0x0186	0x5000      	MOVF        R0, 0 
L__VDelay_ms55:
0x0188	0xE007      	BZ          L__VDelay_ms56
0x018A	0x3240      	RRCF        VDelay_ms_NumberOfCyc_L0+3, 1 
0x018C	0x323F      	RRCF        VDelay_ms_NumberOfCyc_L0+2, 1 
0x018E	0x323E      	RRCF        VDelay_ms_NumberOfCyc_L0+1, 1 
0x0190	0x323D      	RRCF        VDelay_ms_NumberOfCyc_L0, 1 
0x0192	0x9E40      	BCF         VDelay_ms_NumberOfCyc_L0+3, 7 
0x0194	0x0FFF      	ADDLW       255
0x0196	0xD7F8      	BRA         L__VDelay_ms55
L__VDelay_ms56:
;__Lib_Delays.c,133 :: 		while (NumberOfCyc--)
L_VDelay_ms24:
0x0198	0xF000C03D  	MOVFF       VDelay_ms_NumberOfCyc_L0, R0
0x019C	0xF001C03E  	MOVFF       VDelay_ms_NumberOfCyc_L0+1, R1
0x01A0	0xF002C03F  	MOVFF       VDelay_ms_NumberOfCyc_L0+2, R2
0x01A4	0xF003C040  	MOVFF       VDelay_ms_NumberOfCyc_L0+3, R3
0x01A8	0x0E01      	MOVLW       1
0x01AA	0x5E3D      	SUBWF       VDelay_ms_NumberOfCyc_L0, 1 
0x01AC	0x0E00      	MOVLW       0
0x01AE	0x5A3E      	SUBWFB      VDelay_ms_NumberOfCyc_L0+1, 1 
0x01B0	0x5A3F      	SUBWFB      VDelay_ms_NumberOfCyc_L0+2, 1 
0x01B2	0x5A40      	SUBWFB      VDelay_ms_NumberOfCyc_L0+3, 1 
0x01B4	0x5000      	MOVF        R0, 0 
0x01B6	0x1001      	IORWF       R1, 0 
0x01B8	0x1002      	IORWF       R2, 0 
0x01BA	0x1003      	IORWF       R3, 0 
0x01BC	0xE00C      	BZ          L_VDelay_ms25
;__Lib_Delays.c,135 :: 		asm nop;
0x01BE	0x0000      	NOP
;__Lib_Delays.c,136 :: 		asm nop;
0x01C0	0x0000      	NOP
;__Lib_Delays.c,137 :: 		asm nop;
0x01C2	0x0000      	NOP
;__Lib_Delays.c,138 :: 		asm nop;
0x01C4	0x0000      	NOP
;__Lib_Delays.c,139 :: 		asm nop;
0x01C6	0x0000      	NOP
;__Lib_Delays.c,140 :: 		asm nop;
0x01C8	0x0000      	NOP
;__Lib_Delays.c,141 :: 		asm nop;
0x01CA	0x0000      	NOP
;__Lib_Delays.c,142 :: 		asm nop;
0x01CC	0x0000      	NOP
;__Lib_Delays.c,143 :: 		asm nop;
0x01CE	0x0000      	NOP
;__Lib_Delays.c,144 :: 		asm nop;
0x01D0	0x0000      	NOP
;__Lib_Delays.c,145 :: 		asm nop;
0x01D2	0x0000      	NOP
;__Lib_Delays.c,146 :: 		}
0x01D4	0xD7E1      	BRA         L_VDelay_ms24
L_VDelay_ms25:
;__Lib_Delays.c,147 :: 		}
L_end_VDelay_ms:
0x01D6	0x0012      	RETURN      0
; end of _VDelay_ms
_Lcd_Out:
;__Lib_Lcd.c,184 :: 		
;__Lib_Lcd.c,187 :: 		
0x01D8	0xD00F      	BRA         L_Lcd_Out11
;__Lib_Lcd.c,188 :: 		
L_Lcd_Out13:
0x01DA	0x0E80      	MOVLW       128
0x01DC	0x6E3B      	MOVWF       FARG_Lcd_Out_row 
0x01DE	0xD019      	BRA         L_Lcd_Out12
;__Lib_Lcd.c,189 :: 		
L_Lcd_Out14:
0x01E0	0x0EC0      	MOVLW       192
0x01E2	0x6E3B      	MOVWF       FARG_Lcd_Out_row 
0x01E4	0xD016      	BRA         L_Lcd_Out12
;__Lib_Lcd.c,190 :: 		
L_Lcd_Out15:
0x01E6	0x0E94      	MOVLW       148
0x01E8	0x6E3B      	MOVWF       FARG_Lcd_Out_row 
0x01EA	0xD013      	BRA         L_Lcd_Out12
;__Lib_Lcd.c,191 :: 		
L_Lcd_Out16:
0x01EC	0x0ED4      	MOVLW       212
0x01EE	0x6E3B      	MOVWF       FARG_Lcd_Out_row 
0x01F0	0xD010      	BRA         L_Lcd_Out12
;__Lib_Lcd.c,192 :: 		
L_Lcd_Out17:
0x01F2	0x0E80      	MOVLW       128
0x01F4	0x6E3B      	MOVWF       FARG_Lcd_Out_row 
;__Lib_Lcd.c,193 :: 		
0x01F6	0xD00D      	BRA         L_Lcd_Out12
L_Lcd_Out11:
0x01F8	0x503B      	MOVF        FARG_Lcd_Out_row, 0 
0x01FA	0x0A01      	XORLW       1
0x01FC	0xE0EE      	BZ          L_Lcd_Out13
0x01FE	0x503B      	MOVF        FARG_Lcd_Out_row, 0 
0x0200	0x0A02      	XORLW       2
0x0202	0xE0EE      	BZ          L_Lcd_Out14
0x0204	0x503B      	MOVF        FARG_Lcd_Out_row, 0 
0x0206	0x0A03      	XORLW       3
0x0208	0xE0EE      	BZ          L_Lcd_Out15
0x020A	0x503B      	MOVF        FARG_Lcd_Out_row, 0 
0x020C	0x0A04      	XORLW       4
0x020E	0xE0EE      	BZ          L_Lcd_Out16
0x0210	0xD7F0      	BRA         L_Lcd_Out17
L_Lcd_Out12:
;__Lib_Lcd.c,194 :: 		
0x0212	0x043C      	DECF        FARG_Lcd_Out_column, 0 
0x0214	0x6E00      	MOVWF       R0 
0x0216	0x503B      	MOVF        FARG_Lcd_Out_row, 0 
0x0218	0x2600      	ADDWF       R0, 1 
0x021A	0xF03BC000  	MOVFF       R0, FARG_Lcd_Out_row
;__Lib_Lcd.c,196 :: 		
0x021E	0xF042C000  	MOVFF       R0, FARG_Lcd_Cmd_out_char
0x0222	0xDF0F      	RCALL       _Lcd_Cmd
;__Lib_Lcd.c,197 :: 		
0x0224	0x9038      	BCF         __Lib_Lcd_cmd_status, BitPos(__Lib_Lcd_cmd_status+0) 
;__Lib_Lcd.c,198 :: 		
0x0226	0x6A3F      	CLRF        Lcd_Out_i_L0 
;__Lib_Lcd.c,199 :: 		
L_Lcd_Out18:
0x0228	0x503F      	MOVF        Lcd_Out_i_L0, 0 
0x022A	0x243D      	ADDWF       FARG_Lcd_Out_text, 0 
0x022C	0x6EE9      	MOVWF       FSR0L 
0x022E	0x0E00      	MOVLW       0
0x0230	0x203E      	ADDWFC      FARG_Lcd_Out_text+1, 0 
0x0232	0x6EEA      	MOVWF       FSR0L+1 
0x0234	0x52EE      	MOVF        POSTINC0, 1 
0x0236	0xE00B      	BZ          L_Lcd_Out19
;__Lib_Lcd.c,200 :: 		
0x0238	0x503F      	MOVF        Lcd_Out_i_L0, 0 
0x023A	0x243D      	ADDWF       FARG_Lcd_Out_text, 0 
0x023C	0x6EE9      	MOVWF       FSR0L 
0x023E	0x0E00      	MOVLW       0
0x0240	0x203E      	ADDWFC      FARG_Lcd_Out_text+1, 0 
0x0242	0x6EEA      	MOVWF       FSR0L+1 
0x0244	0xF041CFEE  	MOVFF       POSTINC0, FARG_Lcd_Chr_CP_out_char
0x0248	0xDF3A      	RCALL       _Lcd_Chr_CP
0x024A	0x2A3F      	INCF        Lcd_Out_i_L0, 1 
0x024C	0xD7ED      	BRA         L_Lcd_Out18
L_Lcd_Out19:
;__Lib_Lcd.c,201 :: 		
0x024E	0x8038      	BSF         __Lib_Lcd_cmd_status, BitPos(__Lib_Lcd_cmd_status+0) 
;__Lib_Lcd.c,202 :: 		
L_end_Lcd_Out:
0x0250	0x0012      	RETURN      0
; end of _Lcd_Out
_Lcd_Init:
;__Lib_Lcd.c,84 :: 		
;__Lib_Lcd.c,86 :: 		
0x0252	0x9A93      	BCF         LCD_EN_Direction, BitPos(LCD_EN_Direction+0) 
;__Lib_Lcd.c,87 :: 		
0x0254	0x9893      	BCF         LCD_RS_Direction, BitPos(LCD_RS_Direction+0) 
;__Lib_Lcd.c,88 :: 		
0x0256	0x9093      	BCF         LCD_D4_Direction, BitPos(LCD_D4_Direction+0) 
;__Lib_Lcd.c,89 :: 		
0x0258	0x9293      	BCF         LCD_D5_Direction, BitPos(LCD_D5_Direction+0) 
;__Lib_Lcd.c,90 :: 		
0x025A	0x9493      	BCF         LCD_D6_Direction, BitPos(LCD_D6_Direction+0) 
;__Lib_Lcd.c,91 :: 		
0x025C	0x9693      	BCF         LCD_D7_Direction, BitPos(LCD_D7_Direction+0) 
;__Lib_Lcd.c,93 :: 		
0x025E	0x9A8A      	BCF         LCD_EN, BitPos(LCD_EN+0) 
;__Lib_Lcd.c,94 :: 		
0x0260	0x988A      	BCF         LCD_RS, BitPos(LCD_RS+0) 
;__Lib_Lcd.c,95 :: 		
0x0262	0x968A      	BCF         LCD_D7, BitPos(LCD_D7+0) 
;__Lib_Lcd.c,96 :: 		
0x0264	0x948A      	BCF         LCD_D6, BitPos(LCD_D6+0) 
;__Lib_Lcd.c,97 :: 		
0x0266	0x928A      	BCF         LCD_D5, BitPos(LCD_D5+0) 
;__Lib_Lcd.c,98 :: 		
0x0268	0x908A      	BCF         LCD_D4, BitPos(LCD_D4+0) 
;__Lib_Lcd.c,100 :: 		
0x026A	0xDEDD      	RCALL       _Delay_5500us
;__Lib_Lcd.c,101 :: 		
0x026C	0xDEDC      	RCALL       _Delay_5500us
;__Lib_Lcd.c,102 :: 		
0x026E	0xDEDB      	RCALL       _Delay_5500us
;__Lib_Lcd.c,105 :: 		
0x0270	0x828A      	BSF         LCD_D5, BitPos(LCD_D5+0) 
;__Lib_Lcd.c,106 :: 		
0x0272	0x808A      	BSF         LCD_D4, BitPos(LCD_D4+0) 
;__Lib_Lcd.c,107 :: 		
0x0274	0x8A8A      	BSF         LCD_EN, BitPos(LCD_EN+0) 
;__Lib_Lcd.c,108 :: 		
0x0276	0xDEE2      	RCALL       _Delay_1us
;__Lib_Lcd.c,109 :: 		
0x0278	0x9A8A      	BCF         LCD_EN, BitPos(LCD_EN+0) 
;__Lib_Lcd.c,110 :: 		
0x027A	0xDED5      	RCALL       _Delay_5500us
;__Lib_Lcd.c,112 :: 		
0x027C	0x8A8A      	BSF         LCD_EN, BitPos(LCD_EN+0) 
;__Lib_Lcd.c,113 :: 		
0x027E	0xDEDE      	RCALL       _Delay_1us
;__Lib_Lcd.c,114 :: 		
0x0280	0x9A8A      	BCF         LCD_EN, BitPos(LCD_EN+0) 
;__Lib_Lcd.c,115 :: 		
0x0282	0xDED1      	RCALL       _Delay_5500us
;__Lib_Lcd.c,117 :: 		
0x0284	0x8A8A      	BSF         LCD_EN, BitPos(LCD_EN+0) 
;__Lib_Lcd.c,118 :: 		
0x0286	0xDEDA      	RCALL       _Delay_1us
;__Lib_Lcd.c,119 :: 		
0x0288	0x9A8A      	BCF         LCD_EN, BitPos(LCD_EN+0) 
;__Lib_Lcd.c,120 :: 		
0x028A	0xDECD      	RCALL       _Delay_5500us
;__Lib_Lcd.c,123 :: 		
0x028C	0x908A      	BCF         LCD_D4, BitPos(LCD_D4+0) 
;__Lib_Lcd.c,124 :: 		
0x028E	0x8A8A      	BSF         LCD_EN, BitPos(LCD_EN+0) 
;__Lib_Lcd.c,125 :: 		
0x0290	0xDED5      	RCALL       _Delay_1us
;__Lib_Lcd.c,126 :: 		
0x0292	0x9A8A      	BCF         LCD_EN, BitPos(LCD_EN+0) 
;__Lib_Lcd.c,127 :: 		
0x0294	0xDEC8      	RCALL       _Delay_5500us
;__Lib_Lcd.c,130 :: 		
0x0296	0x8A8A      	BSF         LCD_EN, BitPos(LCD_EN+0) 
;__Lib_Lcd.c,131 :: 		
0x0298	0xDED1      	RCALL       _Delay_1us
;__Lib_Lcd.c,132 :: 		
0x029A	0x9A8A      	BCF         LCD_EN, BitPos(LCD_EN+0) 
;__Lib_Lcd.c,134 :: 		
0x029C	0x928A      	BCF         LCD_D5, BitPos(LCD_D5+0) 
;__Lib_Lcd.c,135 :: 		
0x029E	0x868A      	BSF         LCD_D7, BitPos(LCD_D7+0) 
;__Lib_Lcd.c,136 :: 		
0x02A0	0x8A8A      	BSF         LCD_EN, BitPos(LCD_EN+0) 
;__Lib_Lcd.c,137 :: 		
0x02A2	0xDECC      	RCALL       _Delay_1us
;__Lib_Lcd.c,138 :: 		
0x02A4	0x9A8A      	BCF         LCD_EN, BitPos(LCD_EN+0) 
;__Lib_Lcd.c,139 :: 		
0x02A6	0xDEBF      	RCALL       _Delay_5500us
;__Lib_Lcd.c,142 :: 		
0x02A8	0x968A      	BCF         LCD_D7, BitPos(LCD_D7+0) 
;__Lib_Lcd.c,143 :: 		
0x02AA	0x808A      	BSF         LCD_D4, BitPos(LCD_D4+0) 
;__Lib_Lcd.c,144 :: 		
0x02AC	0x8A8A      	BSF         LCD_EN, BitPos(LCD_EN+0) 
;__Lib_Lcd.c,145 :: 		
0x02AE	0xDEC6      	RCALL       _Delay_1us
;__Lib_Lcd.c,146 :: 		
0x02B0	0x9A8A      	BCF         LCD_EN, BitPos(LCD_EN+0) 
;__Lib_Lcd.c,148 :: 		
0x02B2	0x908A      	BCF         LCD_D4, BitPos(LCD_D4+0) 
;__Lib_Lcd.c,149 :: 		
0x02B4	0x8A8A      	BSF         LCD_EN, BitPos(LCD_EN+0) 
;__Lib_Lcd.c,150 :: 		
0x02B6	0xDEC2      	RCALL       _Delay_1us
;__Lib_Lcd.c,151 :: 		
0x02B8	0x9A8A      	BCF         LCD_EN, BitPos(LCD_EN+0) 
;__Lib_Lcd.c,152 :: 		
0x02BA	0xDEB5      	RCALL       _Delay_5500us
;__Lib_Lcd.c,155 :: 		
0x02BC	0x8A8A      	BSF         LCD_EN, BitPos(LCD_EN+0) 
;__Lib_Lcd.c,156 :: 		
0x02BE	0xDEBE      	RCALL       _Delay_1us
;__Lib_Lcd.c,157 :: 		
0x02C0	0x9A8A      	BCF         LCD_EN, BitPos(LCD_EN+0) 
;__Lib_Lcd.c,159 :: 		
0x02C2	0x808A      	BSF         LCD_D4, BitPos(LCD_D4+0) 
;__Lib_Lcd.c,160 :: 		
0x02C4	0x8A8A      	BSF         LCD_EN, BitPos(LCD_EN+0) 
;__Lib_Lcd.c,161 :: 		
0x02C6	0xDEBA      	RCALL       _Delay_1us
;__Lib_Lcd.c,162 :: 		
0x02C8	0x9A8A      	BCF         LCD_EN, BitPos(LCD_EN+0) 
;__Lib_Lcd.c,163 :: 		
0x02CA	0xDEAD      	RCALL       _Delay_5500us
;__Lib_Lcd.c,166 :: 		
0x02CC	0x908A      	BCF         LCD_D4, BitPos(LCD_D4+0) 
;__Lib_Lcd.c,167 :: 		
0x02CE	0x8A8A      	BSF         LCD_EN, BitPos(LCD_EN+0) 
;__Lib_Lcd.c,168 :: 		
0x02D0	0xDEB5      	RCALL       _Delay_1us
;__Lib_Lcd.c,169 :: 		
0x02D2	0x9A8A      	BCF         LCD_EN, BitPos(LCD_EN+0) 
;__Lib_Lcd.c,171 :: 		
0x02D4	0x868A      	BSF         LCD_D7, BitPos(LCD_D7+0) 
;__Lib_Lcd.c,172 :: 		
0x02D6	0x848A      	BSF         LCD_D6, BitPos(LCD_D6+0) 
;__Lib_Lcd.c,173 :: 		
0x02D8	0x828A      	BSF         LCD_D5, BitPos(LCD_D5+0) 
;__Lib_Lcd.c,174 :: 		
0x02DA	0x808A      	BSF         LCD_D4, BitPos(LCD_D4+0) 
;__Lib_Lcd.c,175 :: 		
0x02DC	0x8A8A      	BSF         LCD_EN, BitPos(LCD_EN+0) 
;__Lib_Lcd.c,176 :: 		
0x02DE	0xDEAE      	RCALL       _Delay_1us
;__Lib_Lcd.c,177 :: 		
0x02E0	0x9A8A      	BCF         LCD_EN, BitPos(LCD_EN+0) 
;__Lib_Lcd.c,179 :: 		
0x02E2	0xDEA1      	RCALL       _Delay_5500us
;__Lib_Lcd.c,181 :: 		
0x02E4	0x8038      	BSF         __Lib_Lcd_cmd_status, BitPos(__Lib_Lcd_cmd_status+0) 
;__Lib_Lcd.c,182 :: 		
L_end_Lcd_Init:
0x02E6	0x0012      	RETURN      0
; end of _Lcd_Init
___CC2DW:
;__Lib_System.c,21 :: 		
;__Lib_System.c,23 :: 		
_CC2DL_Loop1:
;__Lib_System.c,24 :: 		
0x02E8	0x0009      	TBLRD*+
;__Lib_System.c,25 :: 		
0x02EA	0xFFE6CFF5  	MOVFF       TABLAT, POSTINC1
;__Lib_System.c,26 :: 		
0x02EE	0x0600      	DECF        R0, 1, 0
;__Lib_System.c,27 :: 		
0x02F0	0xE1FB      	BNZ         _CC2DL_Loop1
;__Lib_System.c,28 :: 		
0x02F2	0x0601      	DECF        R1, 1, 0
;__Lib_System.c,29 :: 		
0x02F4	0xE1F9      	BNZ         _CC2DL_Loop1
;__Lib_System.c,31 :: 		
L_end___CC2DW:
0x02F6	0x0012      	RETURN      0
; end of ___CC2DW
_lcd_display_prep:
;rgb_led.c,39 :: 		void lcd_display_prep() {
;rgb_led.c,40 :: 		ANSELB = 0;                        // Configure PORTB pins as digital
0x02F8	0x010F      	MOVLB       15
0x02FA	0x6B39      	CLRF        ANSELB, 1
;rgb_led.c,41 :: 		Lcd_Init();                        // Initialize Lcd
0x02FC	0xDFAA      	RCALL       _Lcd_Init
;rgb_led.c,42 :: 		Lcd_Cmd(_LCD_CLEAR);               // Clear display
0x02FE	0x0E01      	MOVLW       1
0x0300	0x6E42      	MOVWF       FARG_Lcd_Cmd_out_char 
0x0302	0xDE9F      	RCALL       _Lcd_Cmd
;rgb_led.c,43 :: 		Lcd_Cmd(_LCD_CURSOR_OFF);          // Cursor off
0x0304	0x0E0C      	MOVLW       12
0x0306	0x6E42      	MOVWF       FARG_Lcd_Cmd_out_char 
0x0308	0xDE9C      	RCALL       _Lcd_Cmd
;rgb_led.c,44 :: 		}
L_end_lcd_display_prep:
0x030A	0x0012      	RETURN      0
; end of _lcd_display_prep
_color_cycle:
;rgb_led.c,69 :: 		void color_cycle(int delay) {
;rgb_led.c,70 :: 		PORTC = RED;
0x030C	0xFF82C019  	MOVFF       _RED, PORTC
;rgb_led.c,71 :: 		vdelay_ms(delay);
0x0310	0xF03BC039  	MOVFF       FARG_color_cycle_delay, FARG_VDelay_ms_Time_ms
0x0314	0xF03CC03A  	MOVFF       FARG_color_cycle_delay+1, FARG_VDelay_ms_Time_ms+1
0x0318	0xDF01      	RCALL       _VDelay_ms
;rgb_led.c,72 :: 		PORTC = GREEN;
0x031A	0xFF82C017  	MOVFF       _GREEN, PORTC
;rgb_led.c,73 :: 		vdelay_ms(delay);
0x031E	0xF03BC039  	MOVFF       FARG_color_cycle_delay, FARG_VDelay_ms_Time_ms
0x0322	0xF03CC03A  	MOVFF       FARG_color_cycle_delay+1, FARG_VDelay_ms_Time_ms+1
0x0326	0xDEFA      	RCALL       _VDelay_ms
;rgb_led.c,74 :: 		PORTC = BLUE;
0x0328	0xFF82C015  	MOVFF       _BLUE, PORTC
;rgb_led.c,75 :: 		vdelay_ms(delay);
0x032C	0xF03BC039  	MOVFF       FARG_color_cycle_delay, FARG_VDelay_ms_Time_ms
0x0330	0xF03CC03A  	MOVFF       FARG_color_cycle_delay+1, FARG_VDelay_ms_Time_ms+1
0x0334	0xDEF3      	RCALL       _VDelay_ms
;rgb_led.c,76 :: 		}
L_end_color_cycle:
0x0336	0x0012      	RETURN      0
; end of _color_cycle
_lcd_display_out:
;rgb_led.c,47 :: 		void lcd_display_out(char first_line, char second_line) {
;rgb_led.c,48 :: 		Lcd_Cmd(_LCD_CLEAR);               // Clear display
0x0338	0x0E01      	MOVLW       1
0x033A	0x6E42      	MOVWF       FARG_Lcd_Cmd_out_char 
0x033C	0xDE82      	RCALL       _Lcd_Cmd
;rgb_led.c,49 :: 		Lcd_Out(1,1,first_line);                 // Write text in first row
0x033E	0x0E01      	MOVLW       1
0x0340	0x6E3B      	MOVWF       FARG_Lcd_Out_row 
0x0342	0x0E01      	MOVLW       1
0x0344	0x6E3C      	MOVWF       FARG_Lcd_Out_column 
0x0346	0xF03DC039  	MOVFF       FARG_lcd_display_out_first_line, FARG_Lcd_Out_text
0x034A	0x0E00      	MOVLW       0
0x034C	0x6E3E      	MOVWF       FARG_Lcd_Out_text+1 
0x034E	0xDF44      	RCALL       _Lcd_Out
;rgb_led.c,51 :: 		Lcd_Out(2,1,second_line);                 // Write text in second row
0x0350	0x0E02      	MOVLW       2
0x0352	0x6E3B      	MOVWF       FARG_Lcd_Out_row 
0x0354	0x0E01      	MOVLW       1
0x0356	0x6E3C      	MOVWF       FARG_Lcd_Out_column 
0x0358	0xF03DC03A  	MOVFF       FARG_lcd_display_out_second_line, FARG_Lcd_Out_text
0x035C	0x0E00      	MOVLW       0
0x035E	0x6E3E      	MOVWF       FARG_Lcd_Out_text+1 
0x0360	0xDF3B      	RCALL       _Lcd_Out
;rgb_led.c,52 :: 		}
L_end_lcd_display_out:
0x0362	0x0012      	RETURN      0
; end of _lcd_display_out
_main:
0x0364	0xF001ECFB  	CALL        1014, 0
;rgb_led.c,79 :: 		void main() {
;rgb_led.c,80 :: 		lcd_display_prep();
0x0368	0xDFC7      	RCALL       _lcd_display_prep
;rgb_led.c,81 :: 		lcd_display_out(txt1, signature);
0x036A	0x0E2A      	MOVLW       _txt1
0x036C	0x6E39      	MOVWF       FARG_lcd_display_out_first_line 
0x036E	0x0E1B      	MOVLW       _signature
0x0370	0x6E3A      	MOVWF       FARG_lcd_display_out_second_line 
0x0372	0xDFE2      	RCALL       _lcd_display_out
;rgb_led.c,83 :: 		TRISE = 0xFF; // port e set to input
0x0374	0x0EFF      	MOVLW       255
0x0376	0x6E96      	MOVWF       TRISE 
;rgb_led.c,84 :: 		ANSELE = 0x00; // prep for input (TTL)
0x0378	0x010F      	MOVLB       15
0x037A	0x6B3C      	CLRF        ANSELE, 1
;rgb_led.c,86 :: 		TRISD = 0xFF; // port d set to input
0x037C	0x0EFF      	MOVLW       255
0x037E	0x6E95      	MOVWF       TRISD 
;rgb_led.c,87 :: 		ANSELD = 0x00; // prep for input (TTL)
0x0380	0x6B3B      	CLRF        ANSELD, 1
;rgb_led.c,89 :: 		TRISC = 0x00; // port c set to output
0x0382	0x6A94      	CLRF        TRISC 
;rgb_led.c,90 :: 		PORTC = 0x00; // set all bits to logic low
0x0384	0x6A82      	CLRF        PORTC 
;rgb_led.c,92 :: 		while(1) {
L_main7:
;rgb_led.c,93 :: 		if (PORTE == 0b00000001) {
0x0386	0x5084      	MOVF        PORTE, 0 
0x0388	0x0A01      	XORLW       1
0x038A	0xE106      	BNZ         L_main9
;rgb_led.c,94 :: 		color_cycle(1000);
0x038C	0x0EE8      	MOVLW       232
0x038E	0x6E39      	MOVWF       FARG_color_cycle_delay 
0x0390	0x0E03      	MOVLW       3
0x0392	0x6E3A      	MOVWF       FARG_color_cycle_delay+1 
0x0394	0xDFBB      	RCALL       _color_cycle
;rgb_led.c,95 :: 		} else if (PORTE == 0b00000010) {
0x0396	0xD01B      	BRA         L_main10
L_main9:
0x0398	0x5084      	MOVF        PORTE, 0 
0x039A	0x0A02      	XORLW       2
0x039C	0xE106      	BNZ         L_main11
;rgb_led.c,96 :: 		color_cycle(50);
0x039E	0x0E32      	MOVLW       50
0x03A0	0x6E39      	MOVWF       FARG_color_cycle_delay 
0x03A2	0x0E00      	MOVLW       0
0x03A4	0x6E3A      	MOVWF       FARG_color_cycle_delay+1 
0x03A6	0xDFB2      	RCALL       _color_cycle
;rgb_led.c,97 :: 		} else {
0x03A8	0xD012      	BRA         L_main12
L_main11:
;rgb_led.c,98 :: 		PORTC = PORTD;
0x03AA	0xFF82CF83  	MOVFF       PORTD, PORTC
;rgb_led.c,100 :: 		if (PORTC == PORTD && PORTC != 0x00) {
0x03AE	0x5082      	MOVF        PORTC, 0 
0x03B0	0x1883      	XORWF       PORTD, 0 
0x03B2	0xE10D      	BNZ         L_main15
0x03B4	0x5082      	MOVF        PORTC, 0 
0x03B6	0x0A00      	XORLW       0
0x03B8	0xE00A      	BZ          L_main15
L__main17:
;rgb_led.c,101 :: 		delay_ms(20);
0x03BA	0x0E34      	MOVLW       52
0x03BC	0x6E0C      	MOVWF       R12, 0
0x03BE	0x0EF1      	MOVLW       241
0x03C0	0x6E0D      	MOVWF       R13, 0
L_main16:
0x03C2	0x2E0D      	DECFSZ      R13, 1, 0
0x03C4	0xD7FE      	BRA         L_main16
0x03C6	0x2E0C      	DECFSZ      R12, 1, 0
0x03C8	0xD7FC      	BRA         L_main16
0x03CA	0x0000      	NOP
0x03CC	0x0000      	NOP
;rgb_led.c,102 :: 		}
L_main15:
;rgb_led.c,103 :: 		}
L_main12:
L_main10:
;rgb_led.c,104 :: 		}
0x03CE	0xD7DB      	BRA         L_main7
;rgb_led.c,105 :: 		}
L_end_main:
0x03D0	0xD7FF      	BRA         $+0
; end of _main
0x03F6	0xF015EE10  	LFSR        1, 21
0x03FA	0x0E23      	MOVLW       35
0x03FC	0x6E00      	MOVWF       R0 
0x03FE	0x0E01      	MOVLW       1
0x0400	0x6E01      	MOVWF       R1 
0x0402	0x0ED2      	MOVLW       210
0x0404	0x6EF6      	MOVWF       4086 
0x0406	0x0E03      	MOVLW       3
0x0408	0x6EF7      	MOVWF       TBLPTRH 
0x040A	0x0E00      	MOVLW       0
0x040C	0x6EF8      	MOVWF       TBLPTRU 
0x040E	0xF001EC74  	CALL        744, 0
0x0412	0x0012      	RETURN      0
;rgb_led.c,0 :: ?ICS_BLUE
0x03D2	0x0004 ;?ICS_BLUE+0
; end of ?ICS_BLUE
;rgb_led.c,0 :: ?ICS_GREEN
0x03D4	0x0002 ;?ICS_GREEN+0
; end of ?ICS_GREEN
;rgb_led.c,0 :: ?ICS_RED
0x03D6	0x0001 ;?ICS_RED+0
; end of ?ICS_RED
;rgb_led.c,0 :: ?ICS_signature
0x03D8	0x7942 ;?ICS_signature+0
0x03DA	0x5020 ;?ICS_signature+2
0x03DC	0x6E65 ;?ICS_signature+4
0x03DE	0x796E ;?ICS_signature+6
0x03E0	0x4220 ;?ICS_signature+8
0x03E2	0x6C65 ;?ICS_signature+10
0x03E4	0x656C ;?ICS_signature+12
0x03E6	0x00 ;?ICS_signature+14
; end of ?ICS_signature
;rgb_led.c,0 :: ?ICS_txt1
0x03E7	0x4752 ;?ICS_txt1+0
0x03E9	0x2042 ;?ICS_txt1+2
0x03EB	0x454C ;?ICS_txt1+4
0x03ED	0x2044 ;?ICS_txt1+6
0x03EF	0x6E49 ;?ICS_txt1+8
0x03F1	0x7570 ;?ICS_txt1+10
0x03F3	0x0074 ;?ICS_txt1+12
; end of ?ICS_txt1
Symbol List:
//** Routines locations **
//ADDRESS    SIZE    PROCEDURE
//----------------------------------------------
0x001C      [10]    _Delay_50us
0x0026      [22]    _Delay_5500us
0x003C       [6]    _Delay_1us
0x0042     [124]    _Lcd_Cmd
0x00BE      [12]    _Lcd_Chr_CP
0x00CA      [82]    _Mul_32x32_U
0x011C     [188]    _VDelay_ms
0x01D8     [122]    _Lcd_Out
0x0252     [150]    _Lcd_Init
0x02E8      [16]    ___CC2DW
0x02F8      [20]    _lcd_display_prep
0x030C      [44]    _color_cycle
0x0338      [44]    _lcd_display_out
0x0364     [110]    _main
//** Variables locations ** 
//ADDRESS    SIZE    VARIABLE
//----------------------------------------------
0x0000       [1]    R0
0x0001       [1]    R1
0x0002       [1]    R2
0x0003       [1]    R3
0x0004       [1]    R4
0x0005       [1]    R5
0x0006       [1]    R6
0x0007       [1]    R7
0x0008       [1]    R8
0x0009       [1]    R9
0x000A       [1]    R10
0x000B       [1]    R11
0x000C       [1]    R12
0x000D       [1]    R13
0x000E       [1]    R14
0x000F       [1]    R15
0x0010       [1]    R16
0x0011       [1]    R17
0x0012       [1]    R18
0x0013       [1]    R19
0x0014       [1]    R20
0x0015       [2]    _BLUE
0x0017       [2]    _GREEN
0x0019       [2]    _RED
0x001B      [15]    _signature
0x002A      [14]    _txt1
0x0038       [0]    __Lib_Lcd_cmd_status
0x0039       [2]    FARG_color_cycle_delay
0x0039       [1]    FARG_lcd_display_out_first_line
0x003A       [1]    FARG_lcd_display_out_second_line
0x003B       [2]    FARG_VDelay_ms_Time_ms
0x003B       [1]    FARG_Lcd_Out_row
0x003C       [1]    FARG_Lcd_Out_column
0x003D       [4]    VDelay_ms_NumberOfCyc_L0
0x003D       [2]    FARG_Lcd_Out_text
0x003F       [1]    Lcd_Out_i_L0
0x0041       [1]    FARG_Lcd_Chr_CP_out_char
0x0042       [1]    FARG_Lcd_Cmd_out_char
0x0F39       [1]    ANSELB
0x0F3B       [1]    ANSELD
0x0F3C       [1]    ANSELE
0x0F82       [1]    PORTC
0x0F83       [1]    PORTD
0x0F84       [1]    PORTE
0x0F8A       [0]    LATB2_bit
0x0F8A       [0]    LATB1_bit
0x0F8A       [0]    LATB4_bit
0x0F8A       [0]    LATB3_bit
0x0F8A       [0]    LCD_D7
0x0F8A       [0]    LCD_D6
0x0F8A       [0]    LATB0_bit
0x0F8A       [0]    LATB5_bit
0x0F8A       [0]    LCD_EN
0x0F8A       [0]    LCD_D4
0x0F8A       [0]    LCD_D5
0x0F8A       [0]    LCD_RS
0x0F93       [0]    LCD_D4_Direction
0x0F93       [0]    TRISB1_bit
0x0F93       [0]    TRISB2_bit
0x0F93       [0]    LCD_EN_Direction
0x0F93       [0]    TRISB3_bit
0x0F93       [0]    LCD_D5_Direction
0x0F93       [0]    LCD_D6_Direction
0x0F93       [0]    LCD_D7_Direction
0x0F93       [0]    TRISB0_bit
0x0F93       [0]    LCD_RS_Direction
0x0F93       [0]    TRISB5_bit
0x0F93       [0]    TRISB4_bit
0x0F94       [1]    TRISC
0x0F95       [1]    TRISD
0x0F96       [1]    TRISE
0x0FD8       [1]    STATUS
0x0FD9       [1]    FSR2L
0x0FDA       [1]    FSR2H
0x0FDE       [1]    POSTINC2
0x0FE0       [1]    BSR
0x0FE1       [1]    FSR1L
0x0FE2       [1]    FSR1H
0x0FE4       [1]    PREINC1
0x0FE6       [1]    POSTINC1
0x0FE7       [1]    INDF1
0x0FE8       [1]    WREG
0x0FE9       [1]    FSR0L
0x0FEA       [1]    FSR0H
0x0FEE       [1]    POSTINC0
0x0FF3       [1]    PRODL
0x0FF4       [1]    PRODH
0x0FF5       [1]    TABLAT
0x0FF6       [1]    TBLPTRL
0x0FF7       [1]    TBLPTRH
0x0FF8       [1]    TBLPTRU
//** Constants locations ** 
//ADDRESS    SIZE    CONSTANT
//----------------------------------------------
0x03D2       [2]    ?ICS_BLUE
0x03D4       [2]    ?ICS_GREEN
0x03D6       [2]    ?ICS_RED
0x03D8      [15]    ?ICS_signature
0x03E7      [14]    ?ICS_txt1
