;  LST file generated by mikroListExporter - v.2.0 
; Date/Time: 3/18/2025 10:25:09 PM
;----------------------------------------------

;Address Opcode 	ASM
0x0000	0xF001EF23  	GOTO        582
0x0004	0x0000      	NOP
0x0006	0x0000      	NOP
0x0008	0xF000EF00  	GOTO        0
0x000C	0x0000      	NOP
0x000E	0x0000      	NOP
0x0010	0x0000      	NOP
0x0012	0x0000      	NOP
0x0014	0x0000      	NOP
0x0016	0x0000      	NOP
0x0018	0xD7F3      	BRA         0
_Delay_1us:
;__Lib_Delays.c,7 :: 		void Delay_1us() {
;__Lib_Delays.c,8 :: 		Delay_us(1);
0x001C	0x0000      	NOP
0x001E	0x0000      	NOP
;__Lib_Delays.c,9 :: 		}
L_end_Delay_1us:
0x0020	0x0012      	RETURN      0
; end of _Delay_1us
_Delay_5500us:
;__Lib_Delays.c,31 :: 		void Delay_5500us() {
;__Lib_Delays.c,32 :: 		Delay_us(5500);
0x0022	0x0E0F      	MOVLW       15
0x0024	0x6E0C      	MOVWF       R12, 0
0x0026	0x0E47      	MOVLW       71
0x0028	0x6E0D      	MOVWF       R13, 0
L_Delay_5500us5:
0x002A	0x2E0D      	DECFSZ      R13, 1, 0
0x002C	0xD7FE      	BRA         L_Delay_5500us5
0x002E	0x2E0C      	DECFSZ      R12, 1, 0
0x0030	0xD7FC      	BRA         L_Delay_5500us5
0x0032	0x0000      	NOP
0x0034	0x0000      	NOP
;__Lib_Delays.c,33 :: 		}
L_end_Delay_5500us:
0x0036	0x0012      	RETURN      0
; end of _Delay_5500us
_Delay_50us:
;__Lib_Delays.c,19 :: 		void Delay_50us() {
;__Lib_Delays.c,20 :: 		Delay_us(50);
0x0038	0x0E21      	MOVLW       33
0x003A	0x6E0D      	MOVWF       R13, 0
L_Delay_50us2:
0x003C	0x2E0D      	DECFSZ      R13, 1, 0
0x003E	0xD7FE      	BRA         L_Delay_50us2
;__Lib_Delays.c,21 :: 		}
L_end_Delay_50us:
0x0040	0x0012      	RETURN      0
; end of _Delay_50us
_Lcd_Cmd:
;__Lib_Lcd.c,18 :: 		
;__Lib_Lcd.c,20 :: 		
0x0042	0x0100      	MOVLB       0
0x0044	0xBF60      	BTFSC       FARG_Lcd_Cmd_out_char, 7, 1
0x0046	0xD002      	BRA         L__Lcd_Cmd21
0x0048	0x968A      	BCF         LCD_D7, BitPos(LCD_D7+0) 
0x004A	0xD001      	BRA         L__Lcd_Cmd22
L__Lcd_Cmd21:
0x004C	0x868A      	BSF         LCD_D7, BitPos(LCD_D7+0) 
L__Lcd_Cmd22:
;__Lib_Lcd.c,21 :: 		
0x004E	0xBD60      	BTFSC       FARG_Lcd_Cmd_out_char, 6, 1
0x0050	0xD002      	BRA         L__Lcd_Cmd23
0x0052	0x948A      	BCF         LCD_D6, BitPos(LCD_D6+0) 
0x0054	0xD001      	BRA         L__Lcd_Cmd24
L__Lcd_Cmd23:
0x0056	0x848A      	BSF         LCD_D6, BitPos(LCD_D6+0) 
L__Lcd_Cmd24:
;__Lib_Lcd.c,22 :: 		
0x0058	0xBB60      	BTFSC       FARG_Lcd_Cmd_out_char, 5, 1
0x005A	0xD002      	BRA         L__Lcd_Cmd25
0x005C	0x928A      	BCF         LCD_D5, BitPos(LCD_D5+0) 
0x005E	0xD001      	BRA         L__Lcd_Cmd26
L__Lcd_Cmd25:
0x0060	0x828A      	BSF         LCD_D5, BitPos(LCD_D5+0) 
L__Lcd_Cmd26:
;__Lib_Lcd.c,23 :: 		
0x0062	0xB960      	BTFSC       FARG_Lcd_Cmd_out_char, 4, 1
0x0064	0xD002      	BRA         L__Lcd_Cmd27
0x0066	0x908A      	BCF         LCD_D4, BitPos(LCD_D4+0) 
0x0068	0xD001      	BRA         L__Lcd_Cmd28
L__Lcd_Cmd27:
0x006A	0x808A      	BSF         LCD_D4, BitPos(LCD_D4+0) 
L__Lcd_Cmd28:
;__Lib_Lcd.c,25 :: 		
0x006C	0xB055      	BTFSC       __Lib_Lcd_cmd_status, BitPos(__Lib_Lcd_cmd_status+0) 
0x006E	0xD002      	BRA         L__Lcd_Cmd29
0x0070	0x888A      	BSF         LCD_RS, BitPos(LCD_RS+0) 
0x0072	0xD001      	BRA         L__Lcd_Cmd30
L__Lcd_Cmd29:
0x0074	0x988A      	BCF         LCD_RS, BitPos(LCD_RS+0) 
L__Lcd_Cmd30:
;__Lib_Lcd.c,28 :: 		
0x0076	0x8A8A      	BSF         LCD_EN, BitPos(LCD_EN+0) 
;__Lib_Lcd.c,29 :: 		
0x0078	0xDFD1      	RCALL       _Delay_1us
;__Lib_Lcd.c,30 :: 		
0x007A	0x9A8A      	BCF         LCD_EN, BitPos(LCD_EN+0) 
;__Lib_Lcd.c,33 :: 		
0x007C	0xB760      	BTFSC       FARG_Lcd_Cmd_out_char, 3, 1
0x007E	0xD002      	BRA         L__Lcd_Cmd31
0x0080	0x968A      	BCF         LCD_D7, BitPos(LCD_D7+0) 
0x0082	0xD001      	BRA         L__Lcd_Cmd32
L__Lcd_Cmd31:
0x0084	0x868A      	BSF         LCD_D7, BitPos(LCD_D7+0) 
L__Lcd_Cmd32:
;__Lib_Lcd.c,34 :: 		
0x0086	0xB560      	BTFSC       FARG_Lcd_Cmd_out_char, 2, 1
0x0088	0xD002      	BRA         L__Lcd_Cmd33
0x008A	0x948A      	BCF         LCD_D6, BitPos(LCD_D6+0) 
0x008C	0xD001      	BRA         L__Lcd_Cmd34
L__Lcd_Cmd33:
0x008E	0x848A      	BSF         LCD_D6, BitPos(LCD_D6+0) 
L__Lcd_Cmd34:
;__Lib_Lcd.c,35 :: 		
0x0090	0xB360      	BTFSC       FARG_Lcd_Cmd_out_char, 1, 1
0x0092	0xD002      	BRA         L__Lcd_Cmd35
0x0094	0x928A      	BCF         LCD_D5, BitPos(LCD_D5+0) 
0x0096	0xD001      	BRA         L__Lcd_Cmd36
L__Lcd_Cmd35:
0x0098	0x828A      	BSF         LCD_D5, BitPos(LCD_D5+0) 
L__Lcd_Cmd36:
;__Lib_Lcd.c,36 :: 		
0x009A	0xB160      	BTFSC       FARG_Lcd_Cmd_out_char, 0, 1
0x009C	0xD002      	BRA         L__Lcd_Cmd37
0x009E	0x908A      	BCF         LCD_D4, BitPos(LCD_D4+0) 
0x00A0	0xD001      	BRA         L__Lcd_Cmd38
L__Lcd_Cmd37:
0x00A2	0x808A      	BSF         LCD_D4, BitPos(LCD_D4+0) 
L__Lcd_Cmd38:
;__Lib_Lcd.c,38 :: 		
0x00A4	0xB055      	BTFSC       __Lib_Lcd_cmd_status, BitPos(__Lib_Lcd_cmd_status+0) 
0x00A6	0xD002      	BRA         L__Lcd_Cmd39
0x00A8	0x888A      	BSF         LCD_RS, BitPos(LCD_RS+0) 
0x00AA	0xD001      	BRA         L__Lcd_Cmd40
L__Lcd_Cmd39:
0x00AC	0x988A      	BCF         LCD_RS, BitPos(LCD_RS+0) 
L__Lcd_Cmd40:
;__Lib_Lcd.c,40 :: 		
0x00AE	0x8A8A      	BSF         LCD_EN, BitPos(LCD_EN+0) 
;__Lib_Lcd.c,41 :: 		
0x00B0	0xDFB5      	RCALL       _Delay_1us
;__Lib_Lcd.c,42 :: 		
0x00B2	0x9A8A      	BCF         LCD_EN, BitPos(LCD_EN+0) 
;__Lib_Lcd.c,44 :: 		
0x00B4	0xA055      	BTFSS       __Lib_Lcd_cmd_status, BitPos(__Lib_Lcd_cmd_status+0) 
0x00B6	0xD002      	BRA         L_Lcd_Cmd0
;__Lib_Lcd.c,45 :: 		
0x00B8	0xDFB4      	RCALL       _Delay_5500us
0x00BA	0xD001      	BRA         L_Lcd_Cmd1
L_Lcd_Cmd0:
;__Lib_Lcd.c,47 :: 		
0x00BC	0xDFBD      	RCALL       _Delay_50us
L_Lcd_Cmd1:
;__Lib_Lcd.c,48 :: 		
L_end_Lcd_Cmd:
0x00BE	0x0012      	RETURN      0
; end of _Lcd_Cmd
_Lcd_Chr_CP:
;__Lib_Lcd.c,50 :: 		
;__Lib_Lcd.c,52 :: 		
0x00C0	0x9055      	BCF         __Lib_Lcd_cmd_status, BitPos(__Lib_Lcd_cmd_status+0) 
;__Lib_Lcd.c,53 :: 		
0x00C2	0xF060C05F  	MOVFF       FARG_Lcd_Chr_CP_out_char, FARG_Lcd_Cmd_out_char
0x00C6	0xDFBD      	RCALL       _Lcd_Cmd
;__Lib_Lcd.c,54 :: 		
0x00C8	0x8055      	BSF         __Lib_Lcd_cmd_status, BitPos(__Lib_Lcd_cmd_status+0) 
;__Lib_Lcd.c,55 :: 		
L_end_Lcd_Chr_CP:
0x00CA	0x0012      	RETURN      0
; end of _Lcd_Chr_CP
_Lcd_Out:
;__Lib_Lcd.c,184 :: 		
;__Lib_Lcd.c,187 :: 		
0x00CC	0xD00F      	BRA         L_Lcd_Out11
;__Lib_Lcd.c,188 :: 		
L_Lcd_Out13:
0x00CE	0x0E80      	MOVLW       128
0x00D0	0x6E5A      	MOVWF       FARG_Lcd_Out_row 
0x00D2	0xD019      	BRA         L_Lcd_Out12
;__Lib_Lcd.c,189 :: 		
L_Lcd_Out14:
0x00D4	0x0EC0      	MOVLW       192
0x00D6	0x6E5A      	MOVWF       FARG_Lcd_Out_row 
0x00D8	0xD016      	BRA         L_Lcd_Out12
;__Lib_Lcd.c,190 :: 		
L_Lcd_Out15:
0x00DA	0x0E94      	MOVLW       148
0x00DC	0x6E5A      	MOVWF       FARG_Lcd_Out_row 
0x00DE	0xD013      	BRA         L_Lcd_Out12
;__Lib_Lcd.c,191 :: 		
L_Lcd_Out16:
0x00E0	0x0ED4      	MOVLW       212
0x00E2	0x6E5A      	MOVWF       FARG_Lcd_Out_row 
0x00E4	0xD010      	BRA         L_Lcd_Out12
;__Lib_Lcd.c,192 :: 		
L_Lcd_Out17:
0x00E6	0x0E80      	MOVLW       128
0x00E8	0x6E5A      	MOVWF       FARG_Lcd_Out_row 
;__Lib_Lcd.c,193 :: 		
0x00EA	0xD00D      	BRA         L_Lcd_Out12
L_Lcd_Out11:
0x00EC	0x505A      	MOVF        FARG_Lcd_Out_row, 0 
0x00EE	0x0A01      	XORLW       1
0x00F0	0xE0EE      	BZ          L_Lcd_Out13
0x00F2	0x505A      	MOVF        FARG_Lcd_Out_row, 0 
0x00F4	0x0A02      	XORLW       2
0x00F6	0xE0EE      	BZ          L_Lcd_Out14
0x00F8	0x505A      	MOVF        FARG_Lcd_Out_row, 0 
0x00FA	0x0A03      	XORLW       3
0x00FC	0xE0EE      	BZ          L_Lcd_Out15
0x00FE	0x505A      	MOVF        FARG_Lcd_Out_row, 0 
0x0100	0x0A04      	XORLW       4
0x0102	0xE0EE      	BZ          L_Lcd_Out16
0x0104	0xD7F0      	BRA         L_Lcd_Out17
L_Lcd_Out12:
;__Lib_Lcd.c,194 :: 		
0x0106	0x045B      	DECF        FARG_Lcd_Out_column, 0 
0x0108	0x6E00      	MOVWF       R0 
0x010A	0x505A      	MOVF        FARG_Lcd_Out_row, 0 
0x010C	0x2600      	ADDWF       R0, 1 
0x010E	0xF05AC000  	MOVFF       R0, FARG_Lcd_Out_row
;__Lib_Lcd.c,196 :: 		
0x0112	0xF060C000  	MOVFF       R0, FARG_Lcd_Cmd_out_char
0x0116	0xDF95      	RCALL       _Lcd_Cmd
;__Lib_Lcd.c,197 :: 		
0x0118	0x9055      	BCF         __Lib_Lcd_cmd_status, BitPos(__Lib_Lcd_cmd_status+0) 
;__Lib_Lcd.c,198 :: 		
0x011A	0x6A5E      	CLRF        Lcd_Out_i_L0 
;__Lib_Lcd.c,199 :: 		
L_Lcd_Out18:
0x011C	0x505E      	MOVF        Lcd_Out_i_L0, 0 
0x011E	0x245C      	ADDWF       FARG_Lcd_Out_text, 0 
0x0120	0x6EE9      	MOVWF       FSR0L 
0x0122	0x0E00      	MOVLW       0
0x0124	0x205D      	ADDWFC      FARG_Lcd_Out_text+1, 0 
0x0126	0x6EEA      	MOVWF       FSR0L+1 
0x0128	0x52EE      	MOVF        POSTINC0, 1 
0x012A	0xE00B      	BZ          L_Lcd_Out19
;__Lib_Lcd.c,200 :: 		
0x012C	0x505E      	MOVF        Lcd_Out_i_L0, 0 
0x012E	0x245C      	ADDWF       FARG_Lcd_Out_text, 0 
0x0130	0x6EE9      	MOVWF       FSR0L 
0x0132	0x0E00      	MOVLW       0
0x0134	0x205D      	ADDWFC      FARG_Lcd_Out_text+1, 0 
0x0136	0x6EEA      	MOVWF       FSR0L+1 
0x0138	0xF05FCFEE  	MOVFF       POSTINC0, FARG_Lcd_Chr_CP_out_char
0x013C	0xDFC1      	RCALL       _Lcd_Chr_CP
0x013E	0x2A5E      	INCF        Lcd_Out_i_L0, 1 
0x0140	0xD7ED      	BRA         L_Lcd_Out18
L_Lcd_Out19:
;__Lib_Lcd.c,201 :: 		
0x0142	0x8055      	BSF         __Lib_Lcd_cmd_status, BitPos(__Lib_Lcd_cmd_status+0) 
;__Lib_Lcd.c,202 :: 		
L_end_Lcd_Out:
0x0144	0x0012      	RETURN      0
; end of _Lcd_Out
_Lcd_Init:
;__Lib_Lcd.c,84 :: 		
;__Lib_Lcd.c,86 :: 		
0x0146	0x9A93      	BCF         LCD_EN_Direction, BitPos(LCD_EN_Direction+0) 
;__Lib_Lcd.c,87 :: 		
0x0148	0x9893      	BCF         LCD_RS_Direction, BitPos(LCD_RS_Direction+0) 
;__Lib_Lcd.c,88 :: 		
0x014A	0x9093      	BCF         LCD_D4_Direction, BitPos(LCD_D4_Direction+0) 
;__Lib_Lcd.c,89 :: 		
0x014C	0x9293      	BCF         LCD_D5_Direction, BitPos(LCD_D5_Direction+0) 
;__Lib_Lcd.c,90 :: 		
0x014E	0x9493      	BCF         LCD_D6_Direction, BitPos(LCD_D6_Direction+0) 
;__Lib_Lcd.c,91 :: 		
0x0150	0x9693      	BCF         LCD_D7_Direction, BitPos(LCD_D7_Direction+0) 
;__Lib_Lcd.c,93 :: 		
0x0152	0x9A8A      	BCF         LCD_EN, BitPos(LCD_EN+0) 
;__Lib_Lcd.c,94 :: 		
0x0154	0x988A      	BCF         LCD_RS, BitPos(LCD_RS+0) 
;__Lib_Lcd.c,95 :: 		
0x0156	0x968A      	BCF         LCD_D7, BitPos(LCD_D7+0) 
;__Lib_Lcd.c,96 :: 		
0x0158	0x948A      	BCF         LCD_D6, BitPos(LCD_D6+0) 
;__Lib_Lcd.c,97 :: 		
0x015A	0x928A      	BCF         LCD_D5, BitPos(LCD_D5+0) 
;__Lib_Lcd.c,98 :: 		
0x015C	0x908A      	BCF         LCD_D4, BitPos(LCD_D4+0) 
;__Lib_Lcd.c,100 :: 		
0x015E	0xDF61      	RCALL       _Delay_5500us
;__Lib_Lcd.c,101 :: 		
0x0160	0xDF60      	RCALL       _Delay_5500us
;__Lib_Lcd.c,102 :: 		
0x0162	0xDF5F      	RCALL       _Delay_5500us
;__Lib_Lcd.c,105 :: 		
0x0164	0x828A      	BSF         LCD_D5, BitPos(LCD_D5+0) 
;__Lib_Lcd.c,106 :: 		
0x0166	0x808A      	BSF         LCD_D4, BitPos(LCD_D4+0) 
;__Lib_Lcd.c,107 :: 		
0x0168	0x8A8A      	BSF         LCD_EN, BitPos(LCD_EN+0) 
;__Lib_Lcd.c,108 :: 		
0x016A	0xDF58      	RCALL       _Delay_1us
;__Lib_Lcd.c,109 :: 		
0x016C	0x9A8A      	BCF         LCD_EN, BitPos(LCD_EN+0) 
;__Lib_Lcd.c,110 :: 		
0x016E	0xDF59      	RCALL       _Delay_5500us
;__Lib_Lcd.c,112 :: 		
0x0170	0x8A8A      	BSF         LCD_EN, BitPos(LCD_EN+0) 
;__Lib_Lcd.c,113 :: 		
0x0172	0xDF54      	RCALL       _Delay_1us
;__Lib_Lcd.c,114 :: 		
0x0174	0x9A8A      	BCF         LCD_EN, BitPos(LCD_EN+0) 
;__Lib_Lcd.c,115 :: 		
0x0176	0xDF55      	RCALL       _Delay_5500us
;__Lib_Lcd.c,117 :: 		
0x0178	0x8A8A      	BSF         LCD_EN, BitPos(LCD_EN+0) 
;__Lib_Lcd.c,118 :: 		
0x017A	0xDF50      	RCALL       _Delay_1us
;__Lib_Lcd.c,119 :: 		
0x017C	0x9A8A      	BCF         LCD_EN, BitPos(LCD_EN+0) 
;__Lib_Lcd.c,120 :: 		
0x017E	0xDF51      	RCALL       _Delay_5500us
;__Lib_Lcd.c,123 :: 		
0x0180	0x908A      	BCF         LCD_D4, BitPos(LCD_D4+0) 
;__Lib_Lcd.c,124 :: 		
0x0182	0x8A8A      	BSF         LCD_EN, BitPos(LCD_EN+0) 
;__Lib_Lcd.c,125 :: 		
0x0184	0xDF4B      	RCALL       _Delay_1us
;__Lib_Lcd.c,126 :: 		
0x0186	0x9A8A      	BCF         LCD_EN, BitPos(LCD_EN+0) 
;__Lib_Lcd.c,127 :: 		
0x0188	0xDF4C      	RCALL       _Delay_5500us
;__Lib_Lcd.c,130 :: 		
0x018A	0x8A8A      	BSF         LCD_EN, BitPos(LCD_EN+0) 
;__Lib_Lcd.c,131 :: 		
0x018C	0xDF47      	RCALL       _Delay_1us
;__Lib_Lcd.c,132 :: 		
0x018E	0x9A8A      	BCF         LCD_EN, BitPos(LCD_EN+0) 
;__Lib_Lcd.c,134 :: 		
0x0190	0x928A      	BCF         LCD_D5, BitPos(LCD_D5+0) 
;__Lib_Lcd.c,135 :: 		
0x0192	0x868A      	BSF         LCD_D7, BitPos(LCD_D7+0) 
;__Lib_Lcd.c,136 :: 		
0x0194	0x8A8A      	BSF         LCD_EN, BitPos(LCD_EN+0) 
;__Lib_Lcd.c,137 :: 		
0x0196	0xDF42      	RCALL       _Delay_1us
;__Lib_Lcd.c,138 :: 		
0x0198	0x9A8A      	BCF         LCD_EN, BitPos(LCD_EN+0) 
;__Lib_Lcd.c,139 :: 		
0x019A	0xDF43      	RCALL       _Delay_5500us
;__Lib_Lcd.c,142 :: 		
0x019C	0x968A      	BCF         LCD_D7, BitPos(LCD_D7+0) 
;__Lib_Lcd.c,143 :: 		
0x019E	0x808A      	BSF         LCD_D4, BitPos(LCD_D4+0) 
;__Lib_Lcd.c,144 :: 		
0x01A0	0x8A8A      	BSF         LCD_EN, BitPos(LCD_EN+0) 
;__Lib_Lcd.c,145 :: 		
0x01A2	0xDF3C      	RCALL       _Delay_1us
;__Lib_Lcd.c,146 :: 		
0x01A4	0x9A8A      	BCF         LCD_EN, BitPos(LCD_EN+0) 
;__Lib_Lcd.c,148 :: 		
0x01A6	0x908A      	BCF         LCD_D4, BitPos(LCD_D4+0) 
;__Lib_Lcd.c,149 :: 		
0x01A8	0x8A8A      	BSF         LCD_EN, BitPos(LCD_EN+0) 
;__Lib_Lcd.c,150 :: 		
0x01AA	0xDF38      	RCALL       _Delay_1us
;__Lib_Lcd.c,151 :: 		
0x01AC	0x9A8A      	BCF         LCD_EN, BitPos(LCD_EN+0) 
;__Lib_Lcd.c,152 :: 		
0x01AE	0xDF39      	RCALL       _Delay_5500us
;__Lib_Lcd.c,155 :: 		
0x01B0	0x8A8A      	BSF         LCD_EN, BitPos(LCD_EN+0) 
;__Lib_Lcd.c,156 :: 		
0x01B2	0xDF34      	RCALL       _Delay_1us
;__Lib_Lcd.c,157 :: 		
0x01B4	0x9A8A      	BCF         LCD_EN, BitPos(LCD_EN+0) 
;__Lib_Lcd.c,159 :: 		
0x01B6	0x808A      	BSF         LCD_D4, BitPos(LCD_D4+0) 
;__Lib_Lcd.c,160 :: 		
0x01B8	0x8A8A      	BSF         LCD_EN, BitPos(LCD_EN+0) 
;__Lib_Lcd.c,161 :: 		
0x01BA	0xDF30      	RCALL       _Delay_1us
;__Lib_Lcd.c,162 :: 		
0x01BC	0x9A8A      	BCF         LCD_EN, BitPos(LCD_EN+0) 
;__Lib_Lcd.c,163 :: 		
0x01BE	0xDF31      	RCALL       _Delay_5500us
;__Lib_Lcd.c,166 :: 		
0x01C0	0x908A      	BCF         LCD_D4, BitPos(LCD_D4+0) 
;__Lib_Lcd.c,167 :: 		
0x01C2	0x8A8A      	BSF         LCD_EN, BitPos(LCD_EN+0) 
;__Lib_Lcd.c,168 :: 		
0x01C4	0xDF2B      	RCALL       _Delay_1us
;__Lib_Lcd.c,169 :: 		
0x01C6	0x9A8A      	BCF         LCD_EN, BitPos(LCD_EN+0) 
;__Lib_Lcd.c,171 :: 		
0x01C8	0x868A      	BSF         LCD_D7, BitPos(LCD_D7+0) 
;__Lib_Lcd.c,172 :: 		
0x01CA	0x848A      	BSF         LCD_D6, BitPos(LCD_D6+0) 
;__Lib_Lcd.c,173 :: 		
0x01CC	0x828A      	BSF         LCD_D5, BitPos(LCD_D5+0) 
;__Lib_Lcd.c,174 :: 		
0x01CE	0x808A      	BSF         LCD_D4, BitPos(LCD_D4+0) 
;__Lib_Lcd.c,175 :: 		
0x01D0	0x8A8A      	BSF         LCD_EN, BitPos(LCD_EN+0) 
;__Lib_Lcd.c,176 :: 		
0x01D2	0xDF24      	RCALL       _Delay_1us
;__Lib_Lcd.c,177 :: 		
0x01D4	0x9A8A      	BCF         LCD_EN, BitPos(LCD_EN+0) 
;__Lib_Lcd.c,179 :: 		
0x01D6	0xDF25      	RCALL       _Delay_5500us
;__Lib_Lcd.c,181 :: 		
0x01D8	0x8055      	BSF         __Lib_Lcd_cmd_status, BitPos(__Lib_Lcd_cmd_status+0) 
;__Lib_Lcd.c,182 :: 		
L_end_Lcd_Init:
0x01DA	0x0012      	RETURN      0
; end of _Lcd_Init
_lcd_display_out:
;io_control.c,72 :: 		void lcd_display_out(char first_line, char second_line) {
;io_control.c,73 :: 		Lcd_Cmd(_LCD_CLEAR);               // Clear display
0x01DC	0x0E01      	MOVLW       1
0x01DE	0x0100      	MOVLB       0
0x01E0	0x6F60      	MOVWF       FARG_Lcd_Cmd_out_char, 1
0x01E2	0xDF2F      	RCALL       _Lcd_Cmd
;io_control.c,74 :: 		Lcd_Out(1,1,first_line);                 // Write text in first row
0x01E4	0x0E01      	MOVLW       1
0x01E6	0x6E5A      	MOVWF       FARG_Lcd_Out_row 
0x01E8	0x0E01      	MOVLW       1
0x01EA	0x6E5B      	MOVWF       FARG_Lcd_Out_column 
0x01EC	0xF05CC058  	MOVFF       FARG_lcd_display_out_first_line, FARG_Lcd_Out_text
0x01F0	0x0E00      	MOVLW       0
0x01F2	0x6E5D      	MOVWF       FARG_Lcd_Out_text+1 
0x01F4	0xDF6B      	RCALL       _Lcd_Out
;io_control.c,76 :: 		Lcd_Out(2,1,second_line);                 // Write text in second row
0x01F6	0x0E02      	MOVLW       2
0x01F8	0x6E5A      	MOVWF       FARG_Lcd_Out_row 
0x01FA	0x0E01      	MOVLW       1
0x01FC	0x6E5B      	MOVWF       FARG_Lcd_Out_column 
0x01FE	0xF05CC059  	MOVFF       FARG_lcd_display_out_second_line, FARG_Lcd_Out_text
0x0202	0x0E00      	MOVLW       0
0x0204	0x6E5D      	MOVWF       FARG_Lcd_Out_text+1 
0x0206	0xDF62      	RCALL       _Lcd_Out
;io_control.c,77 :: 		}
L_end_lcd_display_out:
0x0208	0x0012      	RETURN      0
; end of _lcd_display_out
___CC2DW:
;__Lib_System.c,21 :: 		
;__Lib_System.c,23 :: 		
_CC2DL_Loop1:
;__Lib_System.c,24 :: 		
0x020A	0x0009      	TBLRD*+
;__Lib_System.c,25 :: 		
0x020C	0xFFE6CFF5  	MOVFF       TABLAT, POSTINC1
;__Lib_System.c,26 :: 		
0x0210	0x0600      	DECF        R0, 1, 0
;__Lib_System.c,27 :: 		
0x0212	0xE1FB      	BNZ         _CC2DL_Loop1
;__Lib_System.c,28 :: 		
0x0214	0x0601      	DECF        R1, 1, 0
;__Lib_System.c,29 :: 		
0x0216	0xE1F9      	BNZ         _CC2DL_Loop1
;__Lib_System.c,31 :: 		
L_end___CC2DW:
0x0218	0x0012      	RETURN      0
; end of ___CC2DW
_lcd_display_prep:
;io_control.c,65 :: 		void lcd_display_prep() {
;io_control.c,66 :: 		ANSELB = 0;                        // Configure PORTB pins as digital
0x021A	0x010F      	MOVLB       15
0x021C	0x6B39      	CLRF        ANSELB, 1
;io_control.c,67 :: 		Lcd_Init();                        // Initialize Lcd
0x021E	0xDF93      	RCALL       _Lcd_Init
;io_control.c,68 :: 		Lcd_Cmd(_LCD_CLEAR);               // Clear display
0x0220	0x0E01      	MOVLW       1
0x0222	0x0100      	MOVLB       0
0x0224	0x6F60      	MOVWF       FARG_Lcd_Cmd_out_char, 1
0x0226	0xDF0D      	RCALL       _Lcd_Cmd
;io_control.c,69 :: 		Lcd_Cmd(_LCD_CURSOR_OFF);          // Cursor off
0x0228	0x0E0C      	MOVLW       12
0x022A	0x6F60      	MOVWF       FARG_Lcd_Cmd_out_char, 1
0x022C	0xDF0A      	RCALL       _Lcd_Cmd
;io_control.c,70 :: 		}
L_end_lcd_display_prep:
0x022E	0x0012      	RETURN      0
; end of _lcd_display_prep
_lcd_update:
;io_control.c,79 :: 		void lcd_update(char i) {
;io_control.c,80 :: 		if (i != input) {
0x0230	0x5057      	MOVF        FARG_lcd_update_i, 0 
0x0232	0x1856      	XORWF       _input, 0 
0x0234	0xE007      	BZ          L_lcd_update0
;io_control.c,81 :: 		input = i;
0x0236	0xF056C057  	MOVFF       FARG_lcd_update_i, _input
;io_control.c,82 :: 		lcd_display_out(txt1, i);
0x023A	0x0E1E      	MOVLW       _txt1
0x023C	0x6E58      	MOVWF       FARG_lcd_display_out_first_line 
0x023E	0xF059C057  	MOVFF       FARG_lcd_update_i, FARG_lcd_display_out_second_line
0x0242	0xDFCC      	RCALL       _lcd_display_out
;io_control.c,83 :: 		}
L_lcd_update0:
;io_control.c,84 :: 		}
L_end_lcd_update:
0x0244	0x0012      	RETURN      0
; end of _lcd_update
_main:
0x0246	0xF001EC97  	CALL        814, 0
;io_control.c,86 :: 		void main() {
;io_control.c,87 :: 		lcd_display_prep();
0x024A	0xDFE7      	RCALL       _lcd_display_prep
;io_control.c,88 :: 		lcd_display_out(txt1, signature);
0x024C	0x0E1E      	MOVLW       _txt1
0x024E	0x6E58      	MOVWF       FARG_lcd_display_out_first_line 
0x0250	0x0E36      	MOVLW       _signature
0x0252	0x6E59      	MOVWF       FARG_lcd_display_out_second_line 
0x0254	0xDFC3      	RCALL       _lcd_display_out
;io_control.c,90 :: 		TRISE = 0xFF; // set port E as input (im using this to toggle bit inversion)
0x0256	0x0EFF      	MOVLW       255
0x0258	0x6E96      	MOVWF       TRISE 
;io_control.c,91 :: 		TRISD = 0xFF; // set port D as input (this is the input data that gets output)
0x025A	0x0EFF      	MOVLW       255
0x025C	0x6E95      	MOVWF       TRISD 
;io_control.c,92 :: 		TRISC = 0x00; // set port C as output
0x025E	0x6A94      	CLRF        TRISC 
;io_control.c,93 :: 		PORTC = 0x00; // set all bits in port C to 0
0x0260	0x6A82      	CLRF        PORTC 
;io_control.c,94 :: 		ANSELD = 0x00; // turn off ADC latches to accept TTL inputs
0x0262	0x010F      	MOVLB       15
0x0264	0x6B3B      	CLRF        ANSELD, 1
;io_control.c,95 :: 		ANSELE = 0x00;
0x0266	0x6B3C      	CLRF        ANSELE, 1
;io_control.c,97 :: 		delay_ms(3000); // wait for plug
0x0268	0x0E1F      	MOVLW       31
0x026A	0x6E0B      	MOVWF       R11, 0
0x026C	0x0E71      	MOVLW       113
0x026E	0x6E0C      	MOVWF       R12, 0
0x0270	0x0E1E      	MOVLW       30
0x0272	0x6E0D      	MOVWF       R13, 0
L_main1:
0x0274	0x2E0D      	DECFSZ      R13, 1, 0
0x0276	0xD7FE      	BRA         L_main1
0x0278	0x2E0C      	DECFSZ      R12, 1, 0
0x027A	0xD7FC      	BRA         L_main1
0x027C	0x2E0B      	DECFSZ      R11, 1, 0
0x027E	0xD7FA      	BRA         L_main1
0x0280	0x0000      	NOP
;io_control.c,99 :: 		while (1) {
L_main2:
;io_control.c,100 :: 		PORTC = 0x00;
0x0282	0x6A82      	CLRF        PORTC 
;io_control.c,105 :: 		if (PORTE) {
0x0284	0x5284      	MOVF        PORTE, 1 
0x0286	0xE02C      	BZ          L_main4
;io_control.c,106 :: 		if (PORTD == 0b00000011) {
0x0288	0x5083      	MOVF        PORTD, 0 
0x028A	0x0A03      	XORLW       3
0x028C	0xE123      	BNZ         L_main5
;io_control.c,107 :: 		lcd_update(txt4);
0x028E	0x0E45      	MOVLW       _txt4
0x0290	0x6E57      	MOVWF       FARG_lcd_update_i 
0x0292	0xDFCE      	RCALL       _lcd_update
;io_control.c,108 :: 		PORTC = 0xFF;
0x0294	0x0EFF      	MOVLW       255
0x0296	0x6E82      	MOVWF       PORTC 
;io_control.c,109 :: 		delay_ms(500);
0x0298	0x0E06      	MOVLW       6
0x029A	0x6E0B      	MOVWF       R11, 0
0x029C	0x0E13      	MOVLW       19
0x029E	0x6E0C      	MOVWF       R12, 0
0x02A0	0x0EAD      	MOVLW       173
0x02A2	0x6E0D      	MOVWF       R13, 0
L_main6:
0x02A4	0x2E0D      	DECFSZ      R13, 1, 0
0x02A6	0xD7FE      	BRA         L_main6
0x02A8	0x2E0C      	DECFSZ      R12, 1, 0
0x02AA	0xD7FC      	BRA         L_main6
0x02AC	0x2E0B      	DECFSZ      R11, 1, 0
0x02AE	0xD7FA      	BRA         L_main6
0x02B0	0x0000      	NOP
0x02B2	0x0000      	NOP
;io_control.c,110 :: 		PORTC = 0x00;
0x02B4	0x6A82      	CLRF        PORTC 
;io_control.c,111 :: 		delay_ms(500);
0x02B6	0x0E06      	MOVLW       6
0x02B8	0x6E0B      	MOVWF       R11, 0
0x02BA	0x0E13      	MOVLW       19
0x02BC	0x6E0C      	MOVWF       R12, 0
0x02BE	0x0EAD      	MOVLW       173
0x02C0	0x6E0D      	MOVWF       R13, 0
L_main7:
0x02C2	0x2E0D      	DECFSZ      R13, 1, 0
0x02C4	0xD7FE      	BRA         L_main7
0x02C6	0x2E0C      	DECFSZ      R12, 1, 0
0x02C8	0xD7FC      	BRA         L_main7
0x02CA	0x2E0B      	DECFSZ      R11, 1, 0
0x02CC	0xD7FA      	BRA         L_main7
0x02CE	0x0000      	NOP
0x02D0	0x0000      	NOP
;io_control.c,112 :: 		} else {
0x02D2	0xD005      	BRA         L_main8
L_main5:
;io_control.c,113 :: 		lcd_update(txt2);
0x02D4	0x0E29      	MOVLW       _txt2
0x02D6	0x6E57      	MOVWF       FARG_lcd_update_i 
0x02D8	0xDFAB      	RCALL       _lcd_update
;io_control.c,114 :: 		PORTC = PORTD;
0x02DA	0xFF82CF83  	MOVFF       PORTD, PORTC
;io_control.c,115 :: 		}
L_main8:
;io_control.c,116 :: 		} else {
0x02DE	0xD005      	BRA         L_main9
L_main4:
;io_control.c,117 :: 		lcd_update(txt3);
0x02E0	0x0E15      	MOVLW       _txt3
0x02E2	0x6E57      	MOVWF       FARG_lcd_update_i 
0x02E4	0xDFA5      	RCALL       _lcd_update
;io_control.c,118 :: 		PORTC = ~PORTD;
0x02E6	0x1C83      	COMF        PORTD, 0 
0x02E8	0x6E82      	MOVWF       PORTC 
;io_control.c,119 :: 		}
L_main9:
;io_control.c,120 :: 		}
0x02EA	0xD7CB      	BRA         L_main2
;io_control.c,121 :: 		}
L_end_main:
0x02EC	0xD7FF      	BRA         $+0
; end of _main
0x032E	0xF015EE10  	LFSR        1, 21
0x0332	0x0E40      	MOVLW       64
0x0334	0x6E00      	MOVWF       R0 
0x0336	0x0E01      	MOVLW       1
0x0338	0x6E01      	MOVWF       R1 
0x033A	0x0EEE      	MOVLW       238
0x033C	0x6EF6      	MOVWF       4086 
0x033E	0x0E02      	MOVLW       2
0x0340	0x6EF7      	MOVWF       TBLPTRH 
0x0342	0x0E00      	MOVLW       0
0x0344	0x6EF8      	MOVWF       TBLPTRU 
0x0346	0xF001EC05  	CALL        522, 0
0x034A	0x0012      	RETURN      0
;io_control.c,0 :: ?ICS_txt3
0x02EE	0x6E49 ;?ICS_txt3+0
0x02F0	0x6576 ;?ICS_txt3+2
0x02F2	0x7472 ;?ICS_txt3+4
0x02F4	0x6465 ;?ICS_txt3+6
0x02F6	0x00 ;?ICS_txt3+8
; end of ?ICS_txt3
;io_control.c,0 :: ?ICS_txt1
0x02F7	0x4F49 ;?ICS_txt1+0
0x02F9	0x4320 ;?ICS_txt1+2
0x02FB	0x6E6F ;?ICS_txt1+4
0x02FD	0x7274 ;?ICS_txt1+6
0x02FF	0x6C6F ;?ICS_txt1+8
0x0301	0x00 ;?ICS_txt1+10
; end of ?ICS_txt1
;io_control.c,0 :: ?ICS_txt2
0x0302	0x6F4E ;?ICS_txt2+0
0x0304	0x2074 ;?ICS_txt2+2
0x0306	0x6E49 ;?ICS_txt2+4
0x0308	0x6576 ;?ICS_txt2+6
0x030A	0x7472 ;?ICS_txt2+8
0x030C	0x6465 ;?ICS_txt2+10
0x030E	0x00 ;?ICS_txt2+12
; end of ?ICS_txt2
;io_control.c,0 :: ?ICS_signature
0x030F	0x7942 ;?ICS_signature+0
0x0311	0x5020 ;?ICS_signature+2
0x0313	0x6E65 ;?ICS_signature+4
0x0315	0x796E ;?ICS_signature+6
0x0317	0x4220 ;?ICS_signature+8
0x0319	0x6C65 ;?ICS_signature+10
0x031B	0x656C ;?ICS_signature+12
0x031D	0x00 ;?ICS_signature+14
; end of ?ICS_signature
;io_control.c,0 :: ?ICS_txt4
0x031E	0x7053 ;?ICS_txt4+0
0x0320	0x6365 ;?ICS_txt4+2
0x0322	0x6169 ;?ICS_txt4+4
0x0324	0x206C ;?ICS_txt4+6
0x0326	0x754F ;?ICS_txt4+8
0x0328	0x7074 ;?ICS_txt4+10
0x032A	0x7475 ;?ICS_txt4+12
0x032C	0x0021 ;?ICS_txt4+14
; end of ?ICS_txt4
Symbol List:
//** Routines locations **
//ADDRESS    SIZE    PROCEDURE
//----------------------------------------------
0x001C       [6]    _Delay_1us
0x0022      [22]    _Delay_5500us
0x0038      [10]    _Delay_50us
0x0042     [126]    _Lcd_Cmd
0x00C0      [12]    _Lcd_Chr_CP
0x00CC     [122]    _Lcd_Out
0x0146     [150]    _Lcd_Init
0x01DC      [46]    _lcd_display_out
0x020A      [16]    ___CC2DW
0x021A      [22]    _lcd_display_prep
0x0230      [22]    _lcd_update
0x0246     [168]    _main
//** Variables locations ** 
//ADDRESS    SIZE    VARIABLE
//----------------------------------------------
0x0000       [1]    R0
0x0001       [1]    R1
0x0002       [1]    R2
0x0003       [1]    R3
0x0004       [1]    R4
0x0005       [1]    R5
0x0006       [1]    R6
0x0007       [1]    R7
0x0008       [1]    R8
0x0009       [1]    R9
0x000A       [1]    R10
0x000B       [1]    R11
0x000C       [1]    R12
0x000D       [1]    R13
0x000E       [1]    R14
0x000F       [1]    R15
0x0010       [1]    R16
0x0011       [1]    R17
0x0012       [1]    R18
0x0013       [1]    R19
0x0014       [1]    R20
0x0015       [9]    _txt3
0x001E      [11]    _txt1
0x0029      [13]    _txt2
0x0036      [15]    _signature
0x0045      [16]    _txt4
0x0055       [0]    __Lib_Lcd_cmd_status
0x0056       [1]    _input
0x0057       [1]    FARG_lcd_update_i
0x0058       [1]    FARG_lcd_display_out_first_line
0x0059       [1]    FARG_lcd_display_out_second_line
0x005A       [1]    FARG_Lcd_Out_row
0x005B       [1]    FARG_Lcd_Out_column
0x005C       [2]    FARG_Lcd_Out_text
0x005E       [1]    Lcd_Out_i_L0
0x005F       [1]    FARG_Lcd_Chr_CP_out_char
0x0060       [1]    FARG_Lcd_Cmd_out_char
0x0F39       [1]    ANSELB
0x0F3B       [1]    ANSELD
0x0F3C       [1]    ANSELE
0x0F82       [1]    PORTC
0x0F83       [1]    PORTD
0x0F84       [1]    PORTE
0x0F8A       [0]    LCD_D6
0x0F8A       [0]    LATB3_bit
0x0F8A       [0]    LCD_D5
0x0F8A       [0]    LATB1_bit
0x0F8A       [0]    LATB2_bit
0x0F8A       [0]    LCD_D4
0x0F8A       [0]    LATB4_bit
0x0F8A       [0]    LCD_D7
0x0F8A       [0]    LCD_RS
0x0F8A       [0]    LATB5_bit
0x0F8A       [0]    LCD_EN
0x0F8A       [0]    LATB0_bit
0x0F93       [0]    TRISB2_bit
0x0F93       [0]    LCD_RS_Direction
0x0F93       [0]    TRISB1_bit
0x0F93       [0]    TRISB0_bit
0x0F93       [0]    LCD_EN_Direction
0x0F93       [0]    LCD_D7_Direction
0x0F93       [0]    TRISB3_bit
0x0F93       [0]    LCD_D6_Direction
0x0F93       [0]    LCD_D4_Direction
0x0F93       [0]    LCD_D5_Direction
0x0F93       [0]    TRISB5_bit
0x0F93       [0]    TRISB4_bit
0x0F94       [1]    TRISC
0x0F95       [1]    TRISD
0x0F96       [1]    TRISE
0x0FD8       [1]    STATUS
0x0FD9       [1]    FSR2L
0x0FDA       [1]    FSR2H
0x0FDE       [1]    POSTINC2
0x0FE0       [1]    BSR
0x0FE1       [1]    FSR1L
0x0FE2       [1]    FSR1H
0x0FE4       [1]    PREINC1
0x0FE6       [1]    POSTINC1
0x0FE7       [1]    INDF1
0x0FE8       [1]    WREG
0x0FE9       [1]    FSR0L
0x0FEA       [1]    FSR0H
0x0FEE       [1]    POSTINC0
0x0FF3       [1]    PRODL
0x0FF4       [1]    PRODH
0x0FF5       [1]    TABLAT
0x0FF6       [1]    TBLPTRL
0x0FF7       [1]    TBLPTRH
0x0FF8       [1]    TBLPTRU
//** Constants locations ** 
//ADDRESS    SIZE    CONSTANT
//----------------------------------------------
0x02EE       [9]    ?ICS_txt3
0x02F7      [11]    ?ICS_txt1
0x0302      [13]    ?ICS_txt2
0x030F      [15]    ?ICS_signature
0x031E      [16]    ?ICS_txt4
