0	1	mikroCPIC1618.exe -MSF -DBG -pP18F45K22 -DL -O11111114 -fo8 -N"C:\Users\michelle\Documents\GitHub\PIC18F45K22\port_control\port_control.mcppi" -SP"C:\Users\Public\Documents\Mikroelektronika\mikroC PRO for PIC\Defs\" -SP"C:\Users\Public\Documents\Mikroelektronika\mikroC PRO for PIC\uses\P18\" -SP"C:\Users\michelle\Documents\GitHub\PIC18F45K22\port_control\" -IP"C:\Users\Public\Documents\Mikroelektronika\mikroC PRO for PIC\uses\P18\" "port_control.c" "Display_Utils.c" "__Lib_Math.mcl" "__Lib_MathDouble.mcl" "__Lib_System.mcl" "__Lib_Delays.mcl" "__Lib_LcdConsts.mcl" "__Lib_Lcd.mcl"	 
hint: 0	1139	Available RAM: 1515 [bytes], Available ROM: 32768 [bytes]	 
hint: 6	1354	 warning: "/*" within comment     /* ************************************************************************** */	C:\Users\michelle\Documents\GitHub\PIC18F45K22\port_control\port_control.c
diagnostics: 0	122	Compilation Started	port_control.c
warning: 43	1508	Implicit conversion of int to ptr	port_control.c
warning: 45	1508	Implicit conversion of int to ptr	port_control.c
warning: 70	1506	Implicit conversion of pointer to int	port_control.c
warning: 70	1506	Implicit conversion of pointer to int	port_control.c
warning: 97	1506	Implicit conversion of pointer to int	port_control.c
warning: 97	1506	Implicit conversion of pointer to int	port_control.c
warning: 103	1506	Implicit conversion of pointer to int	port_control.c
warning: 103	1506	Implicit conversion of pointer to int	port_control.c
diagnostics: 162	123	Compiled Successfully	port_control.c
diagnostics: 0	122	Compilation Started	Display_Utils.c
diagnostics: 15	123	Compiled Successfully	Display_Utils.c
diagnostics: 0	127	All files Compiled in 94 ms	 
hint: 0	1144	Used RAM (bytes): 83 (5%)  Free RAM (bytes): 1432 (95%)	Used RAM (bytes): 83 (5%)  Free RAM (bytes): 1432 (95%)
hint: 0	1144	Used ROM (bytes): 1411 (4%)  Free ROM (bytes): 31357 (96%)	Used ROM (bytes): 1411 (4%)  Free ROM (bytes): 31357 (96%)
diagnostics: 0	125	Project Linked Successfully	port_control.mcppi
diagnostics: 0	128	Linked in 15 ms	 
diagnostics: 0	129	Project 'port_control.mcppi' completed: 265 ms	 
diagnostics: 0	103	Finished successfully: 23 Apr 2025, 17:34:41	port_control.mcppi
