0	1	mikroCPIC1618.exe -MSF -DBG -pP18F45K22 -DL -O11111114 -fo8 -N"C:\Users\michelle\Documents\GitHub\PIC18F45K22\knight_rider\knight_rider.mcppi" -SP"C:\Users\Public\Documents\Mikroelektronika\mikroC PRO for PIC\Defs\" -SP"C:\Users\Public\Documents\Mikroelektronika\mikroC PRO for PIC\uses\P18\" -SP"C:\Users\michelle\Documents\GitHub\PIC18F45K22\knight_rider\" -IP"C:\Users\Public\Documents\Mikroelektronika\mikroC PRO for PIC\uses\P18\" "knight_rider.c" "Display_Utils.c" "__Lib_Math.mcl" "__Lib_MathDouble.mcl" "__Lib_System.mcl" "__Lib_Delays.mcl" "__Lib_LcdConsts.mcl" "__Lib_Lcd.mcl"	 
hint: 0	1139	Available RAM: 1515 [bytes], Available ROM: 32768 [bytes]	 
hint: 6	1354	 warning: "/*" within comment     /* ************************************************************************** */	C:\Users\michelle\Documents\GitHub\PIC18F45K22\knight_rider\knight_rider.c
diagnostics: 0	122	Compilation Started	stdbool.h
warning: 107	1508	Implicit conversion of int to ptr	knight_rider.c
warning: 109	1508	Implicit conversion of int to ptr	knight_rider.c
warning: 159	1506	Implicit conversion of pointer to int	knight_rider.c
warning: 159	1506	Implicit conversion of pointer to int	knight_rider.c
warning: 169	1506	Implicit conversion of pointer to int	knight_rider.c
warning: 169	1506	Implicit conversion of pointer to int	knight_rider.c
warning: 172	1506	Implicit conversion of pointer to int	knight_rider.c
warning: 172	1506	Implicit conversion of pointer to int	knight_rider.c
warning: 175	1506	Implicit conversion of pointer to int	knight_rider.c
warning: 175	1506	Implicit conversion of pointer to int	knight_rider.c
warning: 178	1506	Implicit conversion of pointer to int	knight_rider.c
warning: 178	1506	Implicit conversion of pointer to int	knight_rider.c
diagnostics: 183	123	Compiled Successfully	knight_rider.c
diagnostics: 0	122	Compilation Started	Display_Utils.c
diagnostics: 15	123	Compiled Successfully	Display_Utils.c
diagnostics: 0	127	All files Compiled in 109 ms	 
hint: 0	1144	Used RAM (bytes): 111 (7%)  Free RAM (bytes): 1404 (93%)	Used RAM (bytes): 111 (7%)  Free RAM (bytes): 1404 (93%)
hint: 0	1144	Used ROM (bytes): 2086 (6%)  Free ROM (bytes): 30682 (94%)	Used ROM (bytes): 2086 (6%)  Free ROM (bytes): 30682 (94%)
diagnostics: 0	125	Project Linked Successfully	knight_rider.mcppi
diagnostics: 0	128	Linked in 16 ms	 
diagnostics: 0	129	Project 'knight_rider.mcppi' completed: 266 ms	 
diagnostics: 0	103	Finished successfully: 18 Mar 2025, 20:44:22	knight_rider.mcppi
